Using pre-set license
Built from '2021.3/release' branch; Version is '2021.3.17f1 (3e8111cac19d) revision 4096273'; Using compiler version '192829333'; Build Type 'Release'
OS: 'Windows 10  (10.0.19045) 64bit Professional' Language: 'en' Physical Memory: 32012 MB
BatchMode: 1, IsHumanControllingUs: 0, StartBugReporterOnCrash: 0, Is64bit: 1, IsPro: 1

COMMAND LINE ARGUMENTS:
C:\Program Files\Unity\Hub\Editor\2021.3.17f1\Editor\Unity.exe
-adb2
-batchMode
-noUpm
-name
AssetImportWorker14
-projectPath
C:/Users/User/UnityProjects/Halloween Gamejam
-logFile
Logs/AssetImportWorker14.log
-srvPort
50502
Successfully changed project path to: C:/Users/User/UnityProjects/Halloween Gamejam
C:/Users/User/UnityProjects/Halloween Gamejam
[UnityMemory] Configuration Parameters - Can be set up in boot.config
    "memorysetup-bucket-allocator-granularity=16"
    "memorysetup-bucket-allocator-bucket-count=8"
    "memorysetup-bucket-allocator-block-size=33554432"
    "memorysetup-bucket-allocator-block-count=8"
    "memorysetup-main-allocator-block-size=16777216"
    "memorysetup-thread-allocator-block-size=16777216"
    "memorysetup-gfx-main-allocator-block-size=16777216"
    "memorysetup-gfx-thread-allocator-block-size=16777216"
    "memorysetup-cache-allocator-block-size=4194304"
    "memorysetup-typetree-allocator-block-size=2097152"
    "memorysetup-profiler-bucket-allocator-granularity=16"
    "memorysetup-profiler-bucket-allocator-bucket-count=8"
    "memorysetup-profiler-bucket-allocator-block-size=33554432"
    "memorysetup-profiler-bucket-allocator-block-count=8"
    "memorysetup-profiler-allocator-block-size=16777216"
    "memorysetup-profiler-editor-allocator-block-size=1048576"
    "memorysetup-temp-allocator-size-main=16777216"
    "memorysetup-job-temp-allocator-block-size=2097152"
    "memorysetup-job-temp-allocator-block-size-background=1048576"
    "memorysetup-job-temp-allocator-reduction-small-platforms=262144"
    "memorysetup-temp-allocator-size-background-worker=32768"
    "memorysetup-temp-allocator-size-job-worker=262144"
    "memorysetup-temp-allocator-size-preload-manager=33554432"
    "memorysetup-temp-allocator-size-nav-mesh-worker=65536"
    "memorysetup-temp-allocator-size-audio-worker=65536"
    "memorysetup-temp-allocator-size-cloud-worker=32768"
    "memorysetup-temp-allocator-size-gi-baking-worker=262144"
    "memorysetup-temp-allocator-size-gfx=262144"
Player connection [28692] Host "[IP] 192.168.56.1 [Port] 0 [Flags] 2 [Guid] 2118613159 [EditorId] 2118613159 [Version] 1048832 [Id] WindowsEditor(7,DESKTOP-M416NKQ) [Debug] 1 [PackageName] WindowsEditor [ProjectName] Editor" joined multi-casting on [225.0.0.222:54997]...

Player connection [28692] Host "[IP] 192.168.56.1 [Port] 0 [Flags] 2 [Guid] 2118613159 [EditorId] 2118613159 [Version] 1048832 [Id] WindowsEditor(7,DESKTOP-M416NKQ) [Debug] 1 [PackageName] WindowsEditor [ProjectName] Editor" joined alternative multi-casting on [225.0.0.222:34997]...

Refreshing native plugins compatible for Editor in 66.04 ms, found 3 plugins.
Preloading 0 native plugins for Editor in 0.00 ms.
Initialize engine version: 2021.3.17f1 (3e8111cac19d)
[Subsystems] Discovering subsystems at path C:/Program Files/Unity/Hub/Editor/2021.3.17f1/Editor/Data/Resources/UnitySubsystems
[Subsystems] Discovering subsystems at path C:/Users/User/UnityProjects/Halloween Gamejam/Assets
GfxDevice: creating device client; threaded=0; jobified=0
Direct3D:
    Version:  Direct3D 11.0 [level 11.1]
    Renderer: NVIDIA GeForce RTX 3070 Ti Laptop GPU (ID=0x24a0)
    Vendor:   NVIDIA
    VRAM:     8031 MB
    Driver:   31.0.15.2824
Initialize mono
Mono path[0] = 'C:/Program Files/Unity/Hub/Editor/2021.3.17f1/Editor/Data/Managed'
Mono path[1] = 'C:/Program Files/Unity/Hub/Editor/2021.3.17f1/Editor/Data/MonoBleedingEdge/lib/mono/unityjit-win32'
Mono config path = 'C:/Program Files/Unity/Hub/Editor/2021.3.17f1/Editor/Data/MonoBleedingEdge/etc'
Using monoOptions --debugger-agent=transport=dt_socket,embedding=1,server=y,suspend=n,address=127.0.0.1:56424
Begin MonoManager ReloadAssembly
Registering precompiled unity dll's ...
Register platform support module: C:/Program Files/Unity/Hub/Editor/2021.3.17f1/Editor/Data/PlaybackEngines/WebGLSupport/UnityEditor.WebGL.Extensions.dll
Register platform support module: C:/Program Files/Unity/Hub/Editor/2021.3.17f1/Editor/Data/PlaybackEngines/AndroidPlayer/UnityEditor.Android.Extensions.dll
Register platform support module: C:/Program Files/Unity/Hub/Editor/2021.3.17f1/Editor/Data/PlaybackEngines/iOSSupport/UnityEditor.iOS.Extensions.dll
Register platform support module: C:/Program Files/Unity/Hub/Editor/2021.3.17f1/Editor/Data/PlaybackEngines/WindowsStandaloneSupport/UnityEditor.WindowsStandalone.Extensions.dll
Registered in 0.006831 seconds.
Native extension for WindowsStandalone target not found
[usbmuxd] Start listen thread
[usbmuxd] Listen thread started
Native extension for iOS target not found
Native extension for Android target not found
Android Extension - Scanning For ADB Devices 198 ms
Native extension for WebGL target not found
Refreshing native plugins compatible for Editor in 63.42 ms, found 3 plugins.
Preloading 0 native plugins for Editor in 0.00 ms.
Mono: successfully reloaded assembly
- Completed reload, in  0.699 seconds
Domain Reload Profiling:
	ReloadAssembly (699ms)
		BeginReloadAssembly (53ms)
			ExecutionOrderSort (0ms)
			DisableScriptedObjects (0ms)
			BackupInstance (0ms)
			ReleaseScriptingObjects (0ms)
			CreateAndSetChildDomain (1ms)
		EndReloadAssembly (562ms)
			LoadAssemblies (52ms)
			RebuildTransferFunctionScriptingTraits (0ms)
			SetupTypeCache (73ms)
			ReleaseScriptCaches (0ms)
			RebuildScriptCaches (21ms)
			SetupLoadedEditorAssemblies (429ms)
				LogAssemblyErrors (0ms)
				InitializePlatformSupportModulesInManaged (264ms)
				SetLoadedEditorAssemblies (0ms)
				RefreshPlugins (63ms)
				BeforeProcessingInitializeOnLoad (1ms)
				ProcessInitializeOnLoadAttributes (69ms)
				ProcessInitializeOnLoadMethodAttributes (30ms)
				AfterProcessingInitializeOnLoad (0ms)
				EditorAssembliesLoaded (0ms)
			ExecutionOrderSort2 (0ms)
			AwakeInstancesAfterBackupRestoration (0ms)
Platform modules already initialized, skipping
Registering precompiled user dll's ...
Registered in 0.004513 seconds.
Begin MonoManager ReloadAssembly
Symbol file LoadedFromMemory doesn't match image C:\Users\User\UnityProjects\Halloween Gamejam\Library\PackageCache\com.unity.visualscripting@1.8.0\Editor\VisualScripting.Core\Dependencies\YamlDotNet\Unity.VisualScripting.YamlDotNet.dll
Symbol file LoadedFromMemory doesn't match image C:\Users\User\UnityProjects\Halloween Gamejam\Library\PackageCache\com.unity.visualscripting@1.8.0\Editor\VisualScripting.Core\Dependencies\DotNetZip\Unity.VisualScripting.IonicZip.dll
Native extension for WindowsStandalone target not found
Native extension for iOS target not found
Native extension for Android target not found
Native extension for WebGL target not found
Refreshing native plugins compatible for Editor in 0.66 ms, found 3 plugins.
Preloading 0 native plugins for Editor in 0.00 ms.
Mono: successfully reloaded assembly
- Completed reload, in  0.791 seconds
Domain Reload Profiling:
	ReloadAssembly (791ms)
		BeginReloadAssembly (85ms)
			ExecutionOrderSort (0ms)
			DisableScriptedObjects (5ms)
			BackupInstance (0ms)
			ReleaseScriptingObjects (0ms)
			CreateAndSetChildDomain (19ms)
		EndReloadAssembly (625ms)
			LoadAssemblies (60ms)
			RebuildTransferFunctionScriptingTraits (0ms)
			SetupTypeCache (186ms)
			ReleaseScriptCaches (0ms)
			RebuildScriptCaches (41ms)
			SetupLoadedEditorAssemblies (292ms)
				LogAssemblyErrors (0ms)
				InitializePlatformSupportModulesInManaged (21ms)
				SetLoadedEditorAssemblies (0ms)
				RefreshPlugins (1ms)
				BeforeProcessingInitializeOnLoad (73ms)
				ProcessInitializeOnLoadAttributes (171ms)
				ProcessInitializeOnLoadMethodAttributes (19ms)
				AfterProcessingInitializeOnLoad (6ms)
				EditorAssembliesLoaded (0ms)
			ExecutionOrderSort2 (0ms)
			AwakeInstancesAfterBackupRestoration (4ms)
Platform modules already initialized, skipping
========================================================================
Worker process is ready to serve import requests
Launched and connected shader compiler UnityShaderCompiler.exe after 0.03 seconds
Refreshing native plugins compatible for Editor in 0.64 ms, found 3 plugins.
Preloading 0 native plugins for Editor in 0.00 ms.
Unloading 3377 Unused Serialized files (Serialized files now loaded: 0)
Unloading 27 unused Assets / (113.9 KB). Loaded Objects now: 3836.
Memory consumption went from 115.9 MB to 115.8 MB.
Total: 3.064400 ms (FindLiveObjects: 0.233300 ms CreateObjectMapping: 0.162600 ms MarkObjects: 2.553100 ms  DeleteObjects: 0.113800 ms)

AssetImportParameters requested are different than current active one (requested -> active):
  custom:video-decoder-ogg-theora: a1e56fd34408186e4bbccfd4996cb3dc -> 
  custom:container-muxer-webm: aa71ff27fc2769a1b78a27578f13a17b -> 
  custom:container-demuxer-webm: 4f35f7cbe854078d1ac9338744f61a02 -> 
  custom:video-encoder-webm-vp8: eb34c28f22e8b96e1ab97ce403110664 -> 
  custom:audio-encoder-webm-vorbis: bf7c407c2cedff20999df2af8eb42d56 -> 
  custom:framework-win-MediaFoundation: 216162199b28c13a410421893ffa2e32 -> 
  custom:container-demuxer-ogg: 62fdf1f143b41e24485cea50d1cbac27 -> 
  custom:video-decoder-webm-vp8: 9c59270c3fd7afecdb556c50c9e8de78 -> 
  custom:audio-decoder-ogg-vorbis: bf7c407c2cedff20999df2af8eb42d56 -> 
========================================================================
Received Import Request.
  Time since last request: 38658.456259 seconds.
  path: Assets/Animations/Humans/Y Bot@Climbing.fbx
  artifactKey: Guid(22dbc315c260d44498de780ea4829613) Importer(815301076,1909f56bfc062723c751e8b465ee728b)
Start importing Assets/Animations/Humans/Y Bot@Climbing.fbx using Guid(22dbc315c260d44498de780ea4829613) Importer(815301076,1909f56bfc062723c751e8b465ee728b)  -> (artifact id: 'ed0231d7add28dd14a0eecc14c409a54') in 0.057097 seconds 
========================================================================
Received Import Request.
  Time since last request: 0.000031 seconds.
  path: Assets/Animations/Humans/Y Bot@Falling To Roll (1).fbx
  artifactKey: Guid(7dc985626af4fbc4886ce6db72d2cb29) Importer(815301076,1909f56bfc062723c751e8b465ee728b)
Start importing Assets/Animations/Humans/Y Bot@Falling To Roll (1).fbx using Guid(7dc985626af4fbc4886ce6db72d2cb29) Importer(815301076,1909f56bfc062723c751e8b465ee728b)  -> (artifact id: '0866a1fabf61a40a60a38f548006c6db') in 0.010448 seconds 
========================================================================
Received Import Request.
  Time since last request: 0.000026 seconds.
  path: Assets/Animations/Humans/Y Bot@Run Backward.fbx
  artifactKey: Guid(c09a3101db723954c85a9ee9e997702c) Importer(815301076,1909f56bfc062723c751e8b465ee728b)
Start importing Assets/Animations/Humans/Y Bot@Run Backward.fbx using Guid(c09a3101db723954c85a9ee9e997702c) Importer(815301076,1909f56bfc062723c751e8b465ee728b)  -> (artifact id: 'fb16b93dc7d47377e6334b627ff462df') in 0.010817 seconds 
========================================================================
Received Import Request.
  Time since last request: 0.000023 seconds.
  path: Assets/Animations/Humans/Y Bot@Pistol Walk Backward.fbx
  artifactKey: Guid(3dbac862697460c4eb9419dde5423e44) Importer(815301076,1909f56bfc062723c751e8b465ee728b)
Start importing Assets/Animations/Humans/Y Bot@Pistol Walk Backward.fbx using Guid(3dbac862697460c4eb9419dde5423e44) Importer(815301076,1909f56bfc062723c751e8b465ee728b)  -> (artifact id: 'c51c794a229f661dc91fde3751269aa3') in 0.010254 seconds 
========================================================================
Received Import Request.
  Time since last request: 0.000032 seconds.
  path: Assets/Animations/Humans/Y Bot@Pistol Run.fbx
  artifactKey: Guid(27c6350619b7de94b8cca90c5b772dd0) Importer(815301076,1909f56bfc062723c751e8b465ee728b)
Start importing Assets/Animations/Humans/Y Bot@Pistol Run.fbx using Guid(27c6350619b7de94b8cca90c5b772dd0) Importer(815301076,1909f56bfc062723c751e8b465ee728b)  -> (artifact id: '64a95f5cc4be13028ffaee55d2a41abf') in 0.008722 seconds 
========================================================================
Received Import Request.
  Time since last request: 20.770844 seconds.
  path: Assets/Animations/Humans/Y Bot@Falling To Roll.fbx
  artifactKey: Guid(d21aad274f85e814e980dc2883f10d8c) Importer(815301076,1909f56bfc062723c751e8b465ee728b)
Start importing Assets/Animations/Humans/Y Bot@Falling To Roll.fbx using Guid(d21aad274f85e814e980dc2883f10d8c) Importer(815301076,1909f56bfc062723c751e8b465ee728b)  -> (artifact id: '0e78fb742781b41448c5980611c0f24b') in 0.004132 seconds 
========================================================================
Received Import Request.
  Time since last request: 0.000024 seconds.
  path: Assets/Animations/Humans/Y Bot@Sneak Walk.fbx
  artifactKey: Guid(8ee41f7ee3e76914da614941c54dcb65) Importer(815301076,1909f56bfc062723c751e8b465ee728b)
Start importing Assets/Animations/Humans/Y Bot@Sneak Walk.fbx using Guid(8ee41f7ee3e76914da614941c54dcb65) Importer(815301076,1909f56bfc062723c751e8b465ee728b)  -> (artifact id: 'bdb8e1dde3d75cd64966d9e43bf98311') in 0.004226 seconds 
========================================================================
Received Import Request.
  Time since last request: 0.000021 seconds.
  path: Assets/Animations/Humans/Y Bot@Run Backward.fbx
  artifactKey: Guid(c09a3101db723954c85a9ee9e997702c) Importer(815301076,1909f56bfc062723c751e8b465ee728b)
Start importing Assets/Animations/Humans/Y Bot@Run Backward.fbx using Guid(c09a3101db723954c85a9ee9e997702c) Importer(815301076,1909f56bfc062723c751e8b465ee728b)  -> (artifact id: 'a8afa32357bad0396a24ba6ad633dac4') in 0.004289 seconds 
========================================================================
Received Import Request.
  Time since last request: 0.000018 seconds.
  path: Assets/Animations/Humans/Y Bot@Pistol Walk Backward.fbx
  artifactKey: Guid(3dbac862697460c4eb9419dde5423e44) Importer(815301076,1909f56bfc062723c751e8b465ee728b)
Start importing Assets/Animations/Humans/Y Bot@Pistol Walk Backward.fbx using Guid(3dbac862697460c4eb9419dde5423e44) Importer(815301076,1909f56bfc062723c751e8b465ee728b)  -> (artifact id: 'cf8ff7f5400ba3aa9918887ada502662') in 0.004447 seconds 
========================================================================
Received Import Request.
  Time since last request: 0.000018 seconds.
  path: Assets/Animations/Humans/Y Bot@Pistol Run.fbx
  artifactKey: Guid(27c6350619b7de94b8cca90c5b772dd0) Importer(815301076,1909f56bfc062723c751e8b465ee728b)
Start importing Assets/Animations/Humans/Y Bot@Pistol Run.fbx using Guid(27c6350619b7de94b8cca90c5b772dd0) Importer(815301076,1909f56bfc062723c751e8b465ee728b)  -> (artifact id: 'adba92c4dacd86c33dfea151a8fa303b') in 0.004122 seconds 
Editor requested this worker to shutdown with reason: Scaling down because of idle timeout
AssetImportWorker is now disconnected from the server
Process exiting
Exiting without the bug reporter. Application will terminate with return code 0