Using pre-set license
Built from '2021.3/release' branch; Version is '2021.3.17f1 (3e8111cac19d) revision 4096273'; Using compiler version '192829333'; Build Type 'Release'
OS: 'Windows 10  (10.0.19045) 64bit Professional' Language: 'en' Physical Memory: 32012 MB
BatchMode: 1, IsHumanControllingUs: 0, StartBugReporterOnCrash: 0, Is64bit: 1, IsPro: 1

COMMAND LINE ARGUMENTS:
C:\Program Files\Unity\Hub\Editor\2021.3.17f1\Editor\Unity.exe
-adb2
-batchMode
-noUpm
-name
AssetImportWorker11
-projectPath
C:/Users/User/UnityProjects/Halloween Gamejam
-logFile
Logs/AssetImportWorker11.log
-srvPort
58372
Successfully changed project path to: C:/Users/User/UnityProjects/Halloween Gamejam
C:/Users/User/UnityProjects/Halloween Gamejam
[UnityMemory] Configuration Parameters - Can be set up in boot.config
    "memorysetup-bucket-allocator-granularity=16"
    "memorysetup-bucket-allocator-bucket-count=8"
    "memorysetup-bucket-allocator-block-size=33554432"
    "memorysetup-bucket-allocator-block-count=8"
    "memorysetup-main-allocator-block-size=16777216"
    "memorysetup-thread-allocator-block-size=16777216"
    "memorysetup-gfx-main-allocator-block-size=16777216"
    "memorysetup-gfx-thread-allocator-block-size=16777216"
    "memorysetup-cache-allocator-block-size=4194304"
    "memorysetup-typetree-allocator-block-size=2097152"
    "memorysetup-profiler-bucket-allocator-granularity=16"
    "memorysetup-profiler-bucket-allocator-bucket-count=8"
    "memorysetup-profiler-bucket-allocator-block-size=33554432"
    "memorysetup-profiler-bucket-allocator-block-count=8"
    "memorysetup-profiler-allocator-block-size=16777216"
    "memorysetup-profiler-editor-allocator-block-size=1048576"
    "memorysetup-temp-allocator-size-main=16777216"
    "memorysetup-job-temp-allocator-block-size=2097152"
    "memorysetup-job-temp-allocator-block-size-background=1048576"
    "memorysetup-job-temp-allocator-reduction-small-platforms=262144"
    "memorysetup-temp-allocator-size-background-worker=32768"
    "memorysetup-temp-allocator-size-job-worker=262144"
    "memorysetup-temp-allocator-size-preload-manager=33554432"
    "memorysetup-temp-allocator-size-nav-mesh-worker=65536"
    "memorysetup-temp-allocator-size-audio-worker=65536"
    "memorysetup-temp-allocator-size-cloud-worker=32768"
    "memorysetup-temp-allocator-size-gi-baking-worker=262144"
    "memorysetup-temp-allocator-size-gfx=262144"
Player connection [32984] Host "[IP] 192.168.56.1 [Port] 0 [Flags] 2 [Guid] 846857493 [EditorId] 846857493 [Version] 1048832 [Id] WindowsEditor(7,DESKTOP-M416NKQ) [Debug] 1 [PackageName] WindowsEditor [ProjectName] Editor" joined multi-casting on [225.0.0.222:54997]...

Player connection [32984] Host "[IP] 192.168.56.1 [Port] 0 [Flags] 2 [Guid] 846857493 [EditorId] 846857493 [Version] 1048832 [Id] WindowsEditor(7,DESKTOP-M416NKQ) [Debug] 1 [PackageName] WindowsEditor [ProjectName] Editor" joined alternative multi-casting on [225.0.0.222:34997]...

Refreshing native plugins compatible for Editor in 88.75 ms, found 3 plugins.
Preloading 0 native plugins for Editor in 0.00 ms.
Initialize engine version: 2021.3.17f1 (3e8111cac19d)
[Subsystems] Discovering subsystems at path C:/Program Files/Unity/Hub/Editor/2021.3.17f1/Editor/Data/Resources/UnitySubsystems
[Subsystems] Discovering subsystems at path C:/Users/User/UnityProjects/Halloween Gamejam/Assets
GfxDevice: creating device client; threaded=0; jobified=0
Direct3D:
    Version:  Direct3D 11.0 [level 11.1]
    Renderer: NVIDIA GeForce RTX 3070 Ti Laptop GPU (ID=0x24a0)
    Vendor:   NVIDIA
    VRAM:     8031 MB
    Driver:   31.0.15.2824
Initialize mono
Mono path[0] = 'C:/Program Files/Unity/Hub/Editor/2021.3.17f1/Editor/Data/Managed'
Mono path[1] = 'C:/Program Files/Unity/Hub/Editor/2021.3.17f1/Editor/Data/MonoBleedingEdge/lib/mono/unityjit-win32'
Mono config path = 'C:/Program Files/Unity/Hub/Editor/2021.3.17f1/Editor/Data/MonoBleedingEdge/etc'
Using monoOptions --debugger-agent=transport=dt_socket,embedding=1,server=y,suspend=n,address=127.0.0.1:56848
Begin MonoManager ReloadAssembly
Registering precompiled unity dll's ...
Register platform support module: C:/Program Files/Unity/Hub/Editor/2021.3.17f1/Editor/Data/PlaybackEngines/WebGLSupport/UnityEditor.WebGL.Extensions.dll
Register platform support module: C:/Program Files/Unity/Hub/Editor/2021.3.17f1/Editor/Data/PlaybackEngines/AndroidPlayer/UnityEditor.Android.Extensions.dll
Register platform support module: C:/Program Files/Unity/Hub/Editor/2021.3.17f1/Editor/Data/PlaybackEngines/iOSSupport/UnityEditor.iOS.Extensions.dll
Register platform support module: C:/Program Files/Unity/Hub/Editor/2021.3.17f1/Editor/Data/PlaybackEngines/WindowsStandaloneSupport/UnityEditor.WindowsStandalone.Extensions.dll
Registered in 0.006884 seconds.
Native extension for WindowsStandalone target not found
[usbmuxd] Start listen thread
[usbmuxd] Listen thread started
Native extension for iOS target not found
Native extension for Android target not found
Android Extension - Scanning For ADB Devices 232 ms
Native extension for WebGL target not found
Refreshing native plugins compatible for Editor in 72.84 ms, found 3 plugins.
Preloading 0 native plugins for Editor in 0.00 ms.
Mono: successfully reloaded assembly
- Completed reload, in  0.771 seconds
Domain Reload Profiling:
	ReloadAssembly (771ms)
		BeginReloadAssembly (55ms)
			ExecutionOrderSort (0ms)
			DisableScriptedObjects (0ms)
			BackupInstance (0ms)
			ReleaseScriptingObjects (0ms)
			CreateAndSetChildDomain (1ms)
		EndReloadAssembly (631ms)
			LoadAssemblies (54ms)
			RebuildTransferFunctionScriptingTraits (0ms)
			SetupTypeCache (80ms)
			ReleaseScriptCaches (0ms)
			RebuildScriptCaches (24ms)
			SetupLoadedEditorAssemblies (485ms)
				LogAssemblyErrors (0ms)
				InitializePlatformSupportModulesInManaged (304ms)
				SetLoadedEditorAssemblies (0ms)
				RefreshPlugins (73ms)
				BeforeProcessingInitializeOnLoad (1ms)
				ProcessInitializeOnLoadAttributes (73ms)
				ProcessInitializeOnLoadMethodAttributes (34ms)
				AfterProcessingInitializeOnLoad (0ms)
				EditorAssembliesLoaded (0ms)
			ExecutionOrderSort2 (0ms)
			AwakeInstancesAfterBackupRestoration (0ms)
Platform modules already initialized, skipping
Registering precompiled user dll's ...
Registered in 0.004459 seconds.
Begin MonoManager ReloadAssembly
Symbol file LoadedFromMemory doesn't match image C:\Users\User\UnityProjects\Halloween Gamejam\Library\PackageCache\com.unity.visualscripting@1.8.0\Editor\VisualScripting.Core\Dependencies\YamlDotNet\Unity.VisualScripting.YamlDotNet.dll
Symbol file LoadedFromMemory doesn't match image C:\Users\User\UnityProjects\Halloween Gamejam\Library\PackageCache\com.unity.visualscripting@1.8.0\Editor\VisualScripting.Core\Dependencies\DotNetZip\Unity.VisualScripting.IonicZip.dll
Native extension for WindowsStandalone target not found
Native extension for iOS target not found
Native extension for Android target not found
Native extension for WebGL target not found
Refreshing native plugins compatible for Editor in 75.23 ms, found 3 plugins.
Preloading 0 native plugins for Editor in 0.00 ms.
Mono: successfully reloaded assembly
- Completed reload, in  1.013 seconds
Domain Reload Profiling:
	ReloadAssembly (1014ms)
		BeginReloadAssembly (87ms)
			ExecutionOrderSort (0ms)
			DisableScriptedObjects (5ms)
			BackupInstance (0ms)
			ReleaseScriptingObjects (0ms)
			CreateAndSetChildDomain (19ms)
		EndReloadAssembly (840ms)
			LoadAssemblies (64ms)
			RebuildTransferFunctionScriptingTraits (0ms)
			SetupTypeCache (214ms)
			ReleaseScriptCaches (1ms)
			RebuildScriptCaches (48ms)
			SetupLoadedEditorAssemblies (459ms)
				LogAssemblyErrors (0ms)
				InitializePlatformSupportModulesInManaged (23ms)
				SetLoadedEditorAssemblies (0ms)
				RefreshPlugins (75ms)
				BeforeProcessingInitializeOnLoad (81ms)
				ProcessInitializeOnLoadAttributes (257ms)
				ProcessInitializeOnLoadMethodAttributes (17ms)
				AfterProcessingInitializeOnLoad (6ms)
				EditorAssembliesLoaded (0ms)
			ExecutionOrderSort2 (0ms)
			AwakeInstancesAfterBackupRestoration (4ms)
Platform modules already initialized, skipping
========================================================================
Worker process is ready to serve import requests
Launched and connected shader compiler UnityShaderCompiler.exe after 0.04 seconds
Refreshing native plugins compatible for Editor in 0.74 ms, found 3 plugins.
Preloading 0 native plugins for Editor in 0.00 ms.
Unloading 3886 Unused Serialized files (Serialized files now loaded: 0)
Unloading 43 unused Assets / (184.4 KB). Loaded Objects now: 4349.
Memory consumption went from 138.0 MB to 137.8 MB.
Total: 3.107100 ms (FindLiveObjects: 0.263200 ms CreateObjectMapping: 0.192700 ms MarkObjects: 2.525200 ms  DeleteObjects: 0.124900 ms)

AssetImportParameters requested are different than current active one (requested -> active):
  custom:video-decoder-ogg-theora: a1e56fd34408186e4bbccfd4996cb3dc -> 
  custom:container-muxer-webm: aa71ff27fc2769a1b78a27578f13a17b -> 
  custom:container-demuxer-webm: 4f35f7cbe854078d1ac9338744f61a02 -> 
  custom:video-encoder-webm-vp8: eb34c28f22e8b96e1ab97ce403110664 -> 
  custom:audio-encoder-webm-vorbis: bf7c407c2cedff20999df2af8eb42d56 -> 
  custom:framework-win-MediaFoundation: 216162199b28c13a410421893ffa2e32 -> 
  custom:container-demuxer-ogg: 62fdf1f143b41e24485cea50d1cbac27 -> 
  custom:video-decoder-webm-vp8: 9c59270c3fd7afecdb556c50c9e8de78 -> 
  custom:audio-decoder-ogg-vorbis: bf7c407c2cedff20999df2af8eb42d56 -> 
========================================================================
Received Prepare
Registering precompiled user dll's ...
Registered in 0.004930 seconds.
Begin MonoManager ReloadAssembly
Symbol file LoadedFromMemory doesn't match image C:\Users\User\UnityProjects\Halloween Gamejam\Library\PackageCache\com.unity.visualscripting@1.8.0\Editor\VisualScripting.Core\Dependencies\YamlDotNet\Unity.VisualScripting.YamlDotNet.dll
Symbol file LoadedFromMemory doesn't match image C:\Users\User\UnityProjects\Halloween Gamejam\Library\PackageCache\com.unity.visualscripting@1.8.0\Editor\VisualScripting.Core\Dependencies\DotNetZip\Unity.VisualScripting.IonicZip.dll
Native extension for WindowsStandalone target not found
Native extension for iOS target not found
Native extension for Android target not found
Native extension for WebGL target not found
Refreshing native plugins compatible for Editor in 0.81 ms, found 3 plugins.
Preloading 0 native plugins for Editor in 0.00 ms.
Mono: successfully reloaded assembly
- Completed reload, in  1.044 seconds
Domain Reload Profiling:
	ReloadAssembly (1044ms)
		BeginReloadAssembly (150ms)
			ExecutionOrderSort (0ms)
			DisableScriptedObjects (4ms)
			BackupInstance (0ms)
			ReleaseScriptingObjects (0ms)
			CreateAndSetChildDomain (50ms)
		EndReloadAssembly (799ms)
			LoadAssemblies (88ms)
			RebuildTransferFunctionScriptingTraits (0ms)
			SetupTypeCache (241ms)
			ReleaseScriptCaches (1ms)
			RebuildScriptCaches (47ms)
			SetupLoadedEditorAssemblies (377ms)
				LogAssemblyErrors (0ms)
				InitializePlatformSupportModulesInManaged (36ms)
				SetLoadedEditorAssemblies (0ms)
				RefreshPlugins (1ms)
				BeforeProcessingInitializeOnLoad (61ms)
				ProcessInitializeOnLoadAttributes (250ms)
				ProcessInitializeOnLoadMethodAttributes (20ms)
				AfterProcessingInitializeOnLoad (8ms)
				EditorAssembliesLoaded (0ms)
			ExecutionOrderSort2 (0ms)
			AwakeInstancesAfterBackupRestoration (4ms)
Platform modules already initialized, skipping
Refreshing native plugins compatible for Editor in 2.99 ms, found 3 plugins.
Preloading 0 native plugins for Editor in 0.00 ms.
Unloading 3880 Unused Serialized files (Serialized files now loaded: 0)
Unloading 23 unused Assets / (151.1 KB). Loaded Objects now: 4363.
Memory consumption went from 137.6 MB to 137.4 MB.
Total: 2.798700 ms (FindLiveObjects: 0.242900 ms CreateObjectMapping: 0.081400 ms MarkObjects: 2.359600 ms  DeleteObjects: 0.113300 ms)

AssetImportParameters requested are different than current active one (requested -> active):
  custom:video-decoder-ogg-theora: a1e56fd34408186e4bbccfd4996cb3dc -> 
  custom:container-muxer-webm: aa71ff27fc2769a1b78a27578f13a17b -> 
  custom:container-demuxer-webm: 4f35f7cbe854078d1ac9338744f61a02 -> 
  custom:video-encoder-webm-vp8: eb34c28f22e8b96e1ab97ce403110664 -> 
  custom:audio-encoder-webm-vorbis: bf7c407c2cedff20999df2af8eb42d56 -> 
  custom:framework-win-MediaFoundation: 216162199b28c13a410421893ffa2e32 -> 
  custom:container-demuxer-ogg: 62fdf1f143b41e24485cea50d1cbac27 -> 
  custom:video-decoder-webm-vp8: 9c59270c3fd7afecdb556c50c9e8de78 -> 
  custom:audio-decoder-ogg-vorbis: bf7c407c2cedff20999df2af8eb42d56 -> 
========================================================================
Received Import Request.
  Time since last request: 34916.759463 seconds.
  path: Assets/AssetStore/Furnitures No Prefabs/Wooden Box/Worn wooden crate/Box/Meshes
  artifactKey: Guid(30c320b39f665724c9fb958c4ed881be) Importer(815301076,1909f56bfc062723c751e8b465ee728b)
Start importing Assets/AssetStore/Furnitures No Prefabs/Wooden Box/Worn wooden crate/Box/Meshes using Guid(30c320b39f665724c9fb958c4ed881be) Importer(815301076,1909f56bfc062723c751e8b465ee728b)  -> (artifact id: '421ddc77ce2992464d363a2b5c510bee') in 0.013291 seconds 
========================================================================
Received Import Request.
  Time since last request: 3.952402 seconds.
  path: Assets/AssetStore/Furnitures No Prefabs/Wooden Box/Worn wooden crate/Box/Meshes/box_low.fbx
  artifactKey: Guid(b00e14ca2ce45ac4dbf63d1ced67ddd2) Importer(815301076,1909f56bfc062723c751e8b465ee728b)
Start importing Assets/AssetStore/Furnitures No Prefabs/Wooden Box/Worn wooden crate/Box/Meshes/box_low.fbx using Guid(b00e14ca2ce45ac4dbf63d1ced67ddd2) Importer(815301076,1909f56bfc062723c751e8b465ee728b)  -> (artifact id: 'dc978bfeccda1759219c88fa7031b7de') in 0.106945 seconds 
========================================================================
Received Import Request.
  Time since last request: 43.075487 seconds.
  path: Assets/AssetStore/Furnitures No Prefabs/Furniture/All models.unity
  artifactKey: Guid(245d0723103d5d140a83d27249c3df7a) Importer(815301076,1909f56bfc062723c751e8b465ee728b)
Start importing Assets/AssetStore/Furnitures No Prefabs/Furniture/All models.unity using Guid(245d0723103d5d140a83d27249c3df7a) Importer(815301076,1909f56bfc062723c751e8b465ee728b)  -> (artifact id: '3c6458f149659d1f9cf6dac5c73c8316') in 0.007721 seconds 
========================================================================
Received Import Request.
  Time since last request: 70.529191 seconds.
  path: Assets/Prefabs/Player.prefab
  artifactKey: Guid(ee26c7da6e678954781afafee459cf30) Importer(815301076,1909f56bfc062723c751e8b465ee728b)
Start importing Assets/Prefabs/Player.prefab using Guid(ee26c7da6e678954781afafee459cf30) Importer(815301076,1909f56bfc062723c751e8b465ee728b)  -> (artifact id: '92be44c920eb8fd7a16d43ecf3941f39') in 0.035047 seconds 
========================================================================
Received Prepare
Registering precompiled user dll's ...
Registered in 0.004482 seconds.
Begin MonoManager ReloadAssembly
Symbol file LoadedFromMemory doesn't match image C:\Users\User\UnityProjects\Halloween Gamejam\Library\PackageCache\com.unity.visualscripting@1.8.0\Editor\VisualScripting.Core\Dependencies\YamlDotNet\Unity.VisualScripting.YamlDotNet.dll
Symbol file LoadedFromMemory doesn't match image C:\Users\User\UnityProjects\Halloween Gamejam\Library\PackageCache\com.unity.visualscripting@1.8.0\Editor\VisualScripting.Core\Dependencies\DotNetZip\Unity.VisualScripting.IonicZip.dll
Native extension for WindowsStandalone target not found
Native extension for iOS target not found
Native extension for Android target not found
Native extension for WebGL target not found
Refreshing native plugins compatible for Editor in 0.81 ms, found 3 plugins.
Preloading 0 native plugins for Editor in 0.00 ms.
Mono: successfully reloaded assembly
- Completed reload, in  0.945 seconds
Domain Reload Profiling:
	ReloadAssembly (946ms)
		BeginReloadAssembly (117ms)
			ExecutionOrderSort (0ms)
			DisableScriptedObjects (4ms)
			BackupInstance (0ms)
			ReleaseScriptingObjects (0ms)
			CreateAndSetChildDomain (40ms)
		EndReloadAssembly (752ms)
			LoadAssemblies (68ms)
			RebuildTransferFunctionScriptingTraits (0ms)
			SetupTypeCache (228ms)
			ReleaseScriptCaches (1ms)
			RebuildScriptCaches (38ms)
			SetupLoadedEditorAssemblies (358ms)
				LogAssemblyErrors (0ms)
				InitializePlatformSupportModulesInManaged (27ms)
				SetLoadedEditorAssemblies (0ms)
				RefreshPlugins (1ms)
				BeforeProcessingInitializeOnLoad (66ms)
				ProcessInitializeOnLoadAttributes (239ms)
				ProcessInitializeOnLoadMethodAttributes (18ms)
				AfterProcessingInitializeOnLoad (6ms)
				EditorAssembliesLoaded (0ms)
			ExecutionOrderSort2 (0ms)
			AwakeInstancesAfterBackupRestoration (5ms)
Platform modules already initialized, skipping
Refreshing native plugins compatible for Editor in 1.93 ms, found 3 plugins.
Preloading 0 native plugins for Editor in 0.00 ms.
Unloading 3881 Unused Serialized files (Serialized files now loaded: 0)
Unloading 22 unused Assets / (150.9 KB). Loaded Objects now: 4392.
Memory consumption went from 154.6 MB to 154.4 MB.
Total: 3.176400 ms (FindLiveObjects: 0.266700 ms CreateObjectMapping: 0.102000 ms MarkObjects: 2.693700 ms  DeleteObjects: 0.112800 ms)

AssetImportParameters requested are different than current active one (requested -> active):
  custom:video-decoder-ogg-theora: a1e56fd34408186e4bbccfd4996cb3dc -> 
  custom:container-muxer-webm: aa71ff27fc2769a1b78a27578f13a17b -> 
  custom:container-demuxer-webm: 4f35f7cbe854078d1ac9338744f61a02 -> 
  custom:video-encoder-webm-vp8: eb34c28f22e8b96e1ab97ce403110664 -> 
  custom:audio-encoder-webm-vorbis: bf7c407c2cedff20999df2af8eb42d56 -> 
  custom:framework-win-MediaFoundation: 216162199b28c13a410421893ffa2e32 -> 
  custom:container-demuxer-ogg: 62fdf1f143b41e24485cea50d1cbac27 -> 
  custom:video-decoder-webm-vp8: 9c59270c3fd7afecdb556c50c9e8de78 -> 
  custom:audio-decoder-ogg-vorbis: bf7c407c2cedff20999df2af8eb42d56 -> 
========================================================================
Received Import Request.
  Time since last request: 235.831615 seconds.
  path: Assets/Demon/Materials
  artifactKey: Guid(5a97b6b11ceaafc49a8943bf872032f5) Importer(815301076,1909f56bfc062723c751e8b465ee728b)
Start importing Assets/Demon/Materials using Guid(5a97b6b11ceaafc49a8943bf872032f5) Importer(815301076,1909f56bfc062723c751e8b465ee728b)  -> (artifact id: '4ffc874d71e8521574cf697a2239b9f5') in 0.007800 seconds 
========================================================================
Received Import Request.
  Time since last request: 1.995726 seconds.
  path: Assets/Demon/Prefabs
  artifactKey: Guid(5ca2ef0dae759ca4da68c454fcf67497) Importer(815301076,1909f56bfc062723c751e8b465ee728b)
Start importing Assets/Demon/Prefabs using Guid(5ca2ef0dae759ca4da68c454fcf67497) Importer(815301076,1909f56bfc062723c751e8b465ee728b)  -> (artifact id: '0c135b4b8ff76ef0d54fb3eb3a4a8435') in 0.002014 seconds 
========================================================================
Received Import Request.
  Time since last request: 0.075585 seconds.
  path: Assets/Demon/Prefabs/Demon_AttackState_1.prefab
  artifactKey: Guid(13c05d4fe9dfd2d4687b53efb9e38a77) Importer(815301076,1909f56bfc062723c751e8b465ee728b)
Start importing Assets/Demon/Prefabs/Demon_AttackState_1.prefab using Guid(13c05d4fe9dfd2d4687b53efb9e38a77) Importer(815301076,1909f56bfc062723c751e8b465ee728b)  -> (artifact id: 'bf8ce0455666f59aef0912a0a4e2055d') in 0.078183 seconds 
========================================================================
Received Import Request.
  Time since last request: 0.000027 seconds.
  path: Assets/Demon/Prefabs/Demon_IdleState.prefab
  artifactKey: Guid(6eb0d8430753e4247ae0d6a3108ff901) Importer(815301076,1909f56bfc062723c751e8b465ee728b)
Start importing Assets/Demon/Prefabs/Demon_IdleState.prefab using Guid(6eb0d8430753e4247ae0d6a3108ff901) Importer(815301076,1909f56bfc062723c751e8b465ee728b)  -> (artifact id: 'b4a5d25539eb183cd970e11c2366bcb5') in 0.025078 seconds 
========================================================================
Received Import Request.
  Time since last request: 0.000047 seconds.
  path: Assets/Demon/Prefabs/Demon_DyingState.prefab
  artifactKey: Guid(f551f0a78da6a7448a60fb9a9e2d28dc) Importer(815301076,1909f56bfc062723c751e8b465ee728b)
Start importing Assets/Demon/Prefabs/Demon_DyingState.prefab using Guid(f551f0a78da6a7448a60fb9a9e2d28dc) Importer(815301076,1909f56bfc062723c751e8b465ee728b)  -> (artifact id: '75b12b62fcb42aca9677e5ed3e61078e') in 0.023482 seconds 
========================================================================
Received Import Request.
  Time since last request: 0.000019 seconds.
  path: Assets/Demon/Prefabs/Demon_DefaultPrefab.prefab
  artifactKey: Guid(b1b1e5a1f5b9b9d4d8f92ba08a596c3b) Importer(815301076,1909f56bfc062723c751e8b465ee728b)
Start importing Assets/Demon/Prefabs/Demon_DefaultPrefab.prefab using Guid(b1b1e5a1f5b9b9d4d8f92ba08a596c3b) Importer(815301076,1909f56bfc062723c751e8b465ee728b)  -> (artifact id: 'd8555290e43998339f0c3e7110c610d3') in 0.022806 seconds 
========================================================================
Received Import Request.
  Time since last request: 11.631272 seconds.
  path: Assets/Demon/Scenes
  artifactKey: Guid(15f42251037d3c6428ce4752dbac6b98) Importer(815301076,1909f56bfc062723c751e8b465ee728b)
Start importing Assets/Demon/Scenes using Guid(15f42251037d3c6428ce4752dbac6b98) Importer(815301076,1909f56bfc062723c751e8b465ee728b)  -> (artifact id: 'b2a968aad4eb96f2b6f7ab48f06e6eec') in 0.006804 seconds 
========================================================================
Received Import Request.
  Time since last request: 0.443793 seconds.
  path: Assets/Demon/Scripts
  artifactKey: Guid(ec28bf7b2e33dc048891f85ed0a8a3fb) Importer(815301076,1909f56bfc062723c751e8b465ee728b)
Start importing Assets/Demon/Scripts using Guid(ec28bf7b2e33dc048891f85ed0a8a3fb) Importer(815301076,1909f56bfc062723c751e8b465ee728b)  -> (artifact id: '1953be51e0fab114f9416b893cf47a50') in 0.007068 seconds 
========================================================================
Received Import Request.
  Time since last request: 0.925427 seconds.
  path: Assets/Demon/Meshes
  artifactKey: Guid(00ffc653646c11943b53696ad5da3f27) Importer(815301076,1909f56bfc062723c751e8b465ee728b)
Start importing Assets/Demon/Meshes using Guid(00ffc653646c11943b53696ad5da3f27) Importer(815301076,1909f56bfc062723c751e8b465ee728b)  -> (artifact id: 'c92975cc03ddda5a2bfee70b254b70d3') in 0.002000 seconds 
========================================================================
Received Import Request.
  Time since last request: 0.066358 seconds.
  path: Assets/Demon/Meshes/Demon_AttackState_1.fbx
  artifactKey: Guid(13605f886714b6e4ea92053289f72972) Importer(815301076,1909f56bfc062723c751e8b465ee728b)
Start importing Assets/Demon/Meshes/Demon_AttackState_1.fbx using Guid(13605f886714b6e4ea92053289f72972) Importer(815301076,1909f56bfc062723c751e8b465ee728b)  -> (artifact id: '413334fe113376e47ac0c30d93caecf2') in 0.045344 seconds 
========================================================================
Received Import Request.
  Time since last request: 0.000020 seconds.
  path: Assets/Demon/Meshes/Demon_IdleState.fbx
  artifactKey: Guid(a931d161ea071624c87150c30c341de7) Importer(815301076,1909f56bfc062723c751e8b465ee728b)
Start importing Assets/Demon/Meshes/Demon_IdleState.fbx using Guid(a931d161ea071624c87150c30c341de7) Importer(815301076,1909f56bfc062723c751e8b465ee728b)  -> (artifact id: '00beff7942b863ee94b6f91e487fe1de') in 0.036115 seconds 
Editor requested this worker to shutdown with reason: Scaling down because of idle timeout
AssetImportWorker is now disconnected from the server
Process exiting
Exiting without the bug reporter. Application will terminate with return code 0