Using pre-set license
Built from '2021.3/release' branch; Version is '2021.3.17f1 (3e8111cac19d) revision 4096273'; Using compiler version '192829333'; Build Type 'Release'
OS: 'Windows 10  (10.0.19045) 64bit Professional' Language: 'en' Physical Memory: 32012 MB
BatchMode: 1, IsHumanControllingUs: 0, StartBugReporterOnCrash: 0, Is64bit: 1, IsPro: 1

COMMAND LINE ARGUMENTS:
C:\Program Files\Unity\Hub\Editor\2021.3.17f1\Editor\Unity.exe
-adb2
-batchMode
-noUpm
-name
AssetImportWorker4
-projectPath
C:/Users/User/UnityProjects/Halloween Gamejam
-logFile
Logs/AssetImportWorker4.log
-srvPort
58372
Successfully changed project path to: C:/Users/User/UnityProjects/Halloween Gamejam
C:/Users/User/UnityProjects/Halloween Gamejam
[UnityMemory] Configuration Parameters - Can be set up in boot.config
    "memorysetup-bucket-allocator-granularity=16"
    "memorysetup-bucket-allocator-bucket-count=8"
    "memorysetup-bucket-allocator-block-size=33554432"
    "memorysetup-bucket-allocator-block-count=8"
    "memorysetup-main-allocator-block-size=16777216"
    "memorysetup-thread-allocator-block-size=16777216"
    "memorysetup-gfx-main-allocator-block-size=16777216"
    "memorysetup-gfx-thread-allocator-block-size=16777216"
    "memorysetup-cache-allocator-block-size=4194304"
    "memorysetup-typetree-allocator-block-size=2097152"
    "memorysetup-profiler-bucket-allocator-granularity=16"
    "memorysetup-profiler-bucket-allocator-bucket-count=8"
    "memorysetup-profiler-bucket-allocator-block-size=33554432"
    "memorysetup-profiler-bucket-allocator-block-count=8"
    "memorysetup-profiler-allocator-block-size=16777216"
    "memorysetup-profiler-editor-allocator-block-size=1048576"
    "memorysetup-temp-allocator-size-main=16777216"
    "memorysetup-job-temp-allocator-block-size=2097152"
    "memorysetup-job-temp-allocator-block-size-background=1048576"
    "memorysetup-job-temp-allocator-reduction-small-platforms=262144"
    "memorysetup-temp-allocator-size-background-worker=32768"
    "memorysetup-temp-allocator-size-job-worker=262144"
    "memorysetup-temp-allocator-size-preload-manager=33554432"
    "memorysetup-temp-allocator-size-nav-mesh-worker=65536"
    "memorysetup-temp-allocator-size-audio-worker=65536"
    "memorysetup-temp-allocator-size-cloud-worker=32768"
    "memorysetup-temp-allocator-size-gi-baking-worker=262144"
    "memorysetup-temp-allocator-size-gfx=262144"
Player connection [25904] Host "[IP] 192.168.56.1 [Port] 0 [Flags] 2 [Guid] 2075452569 [EditorId] 2075452569 [Version] 1048832 [Id] WindowsEditor(7,DESKTOP-M416NKQ) [Debug] 1 [PackageName] WindowsEditor [ProjectName] Editor" joined multi-casting on [225.0.0.222:54997]...

Player connection [25904] Host "[IP] 192.168.56.1 [Port] 0 [Flags] 2 [Guid] 2075452569 [EditorId] 2075452569 [Version] 1048832 [Id] WindowsEditor(7,DESKTOP-M416NKQ) [Debug] 1 [PackageName] WindowsEditor [ProjectName] Editor" joined alternative multi-casting on [225.0.0.222:34997]...

Refreshing native plugins compatible for Editor in 76.87 ms, found 3 plugins.
Preloading 0 native plugins for Editor in 0.00 ms.
Initialize engine version: 2021.3.17f1 (3e8111cac19d)
[Subsystems] Discovering subsystems at path C:/Program Files/Unity/Hub/Editor/2021.3.17f1/Editor/Data/Resources/UnitySubsystems
[Subsystems] Discovering subsystems at path C:/Users/User/UnityProjects/Halloween Gamejam/Assets
GfxDevice: creating device client; threaded=0; jobified=0
Direct3D:
    Version:  Direct3D 11.0 [level 11.1]
    Renderer: NVIDIA GeForce RTX 3070 Ti Laptop GPU (ID=0x24a0)
    Vendor:   NVIDIA
    VRAM:     8031 MB
    Driver:   31.0.15.2824
Initialize mono
Mono path[0] = 'C:/Program Files/Unity/Hub/Editor/2021.3.17f1/Editor/Data/Managed'
Mono path[1] = 'C:/Program Files/Unity/Hub/Editor/2021.3.17f1/Editor/Data/MonoBleedingEdge/lib/mono/unityjit-win32'
Mono config path = 'C:/Program Files/Unity/Hub/Editor/2021.3.17f1/Editor/Data/MonoBleedingEdge/etc'
Using monoOptions --debugger-agent=transport=dt_socket,embedding=1,server=y,suspend=n,address=127.0.0.1:56316
Begin MonoManager ReloadAssembly
Registering precompiled unity dll's ...
Register platform support module: C:/Program Files/Unity/Hub/Editor/2021.3.17f1/Editor/Data/PlaybackEngines/WebGLSupport/UnityEditor.WebGL.Extensions.dll
Register platform support module: C:/Program Files/Unity/Hub/Editor/2021.3.17f1/Editor/Data/PlaybackEngines/AndroidPlayer/UnityEditor.Android.Extensions.dll
Register platform support module: C:/Program Files/Unity/Hub/Editor/2021.3.17f1/Editor/Data/PlaybackEngines/iOSSupport/UnityEditor.iOS.Extensions.dll
Register platform support module: C:/Program Files/Unity/Hub/Editor/2021.3.17f1/Editor/Data/PlaybackEngines/WindowsStandaloneSupport/UnityEditor.WindowsStandalone.Extensions.dll
Registered in 0.007686 seconds.
Native extension for WindowsStandalone target not found
[usbmuxd] Start listen thread
[usbmuxd] Listen thread started
Native extension for iOS target not found
Native extension for Android target not found
Android Extension - Scanning For ADB Devices 247 ms
Native extension for WebGL target not found
Refreshing native plugins compatible for Editor in 82.40 ms, found 3 plugins.
Preloading 0 native plugins for Editor in 0.00 ms.
Mono: successfully reloaded assembly
- Completed reload, in  0.798 seconds
Domain Reload Profiling:
	ReloadAssembly (798ms)
		BeginReloadAssembly (59ms)
			ExecutionOrderSort (0ms)
			DisableScriptedObjects (0ms)
			BackupInstance (0ms)
			ReleaseScriptingObjects (0ms)
			CreateAndSetChildDomain (1ms)
		EndReloadAssembly (649ms)
			LoadAssemblies (58ms)
			RebuildTransferFunctionScriptingTraits (0ms)
			SetupTypeCache (77ms)
			ReleaseScriptCaches (0ms)
			RebuildScriptCaches (22ms)
			SetupLoadedEditorAssemblies (507ms)
				LogAssemblyErrors (0ms)
				InitializePlatformSupportModulesInManaged (319ms)
				SetLoadedEditorAssemblies (0ms)
				RefreshPlugins (82ms)
				BeforeProcessingInitializeOnLoad (1ms)
				ProcessInitializeOnLoadAttributes (71ms)
				ProcessInitializeOnLoadMethodAttributes (33ms)
				AfterProcessingInitializeOnLoad (0ms)
				EditorAssembliesLoaded (0ms)
			ExecutionOrderSort2 (0ms)
			AwakeInstancesAfterBackupRestoration (0ms)
Platform modules already initialized, skipping
Registering precompiled user dll's ...
Registered in 0.005310 seconds.
Begin MonoManager ReloadAssembly
Symbol file LoadedFromMemory doesn't match image C:\Users\User\UnityProjects\Halloween Gamejam\Library\PackageCache\com.unity.visualscripting@1.8.0\Editor\VisualScripting.Core\Dependencies\YamlDotNet\Unity.VisualScripting.YamlDotNet.dll
Symbol file LoadedFromMemory doesn't match image C:\Users\User\UnityProjects\Halloween Gamejam\Library\PackageCache\com.unity.visualscripting@1.8.0\Editor\VisualScripting.Core\Dependencies\DotNetZip\Unity.VisualScripting.IonicZip.dll
Native extension for WindowsStandalone target not found
Native extension for iOS target not found
Native extension for Android target not found
Native extension for WebGL target not found
Refreshing native plugins compatible for Editor in 75.48 ms, found 3 plugins.
Preloading 0 native plugins for Editor in 0.00 ms.
Mono: successfully reloaded assembly
- Completed reload, in  1.008 seconds
Domain Reload Profiling:
	ReloadAssembly (1009ms)
		BeginReloadAssembly (87ms)
			ExecutionOrderSort (0ms)
			DisableScriptedObjects (5ms)
			BackupInstance (0ms)
			ReleaseScriptingObjects (0ms)
			CreateAndSetChildDomain (19ms)
		EndReloadAssembly (835ms)
			LoadAssemblies (69ms)
			RebuildTransferFunctionScriptingTraits (0ms)
			SetupTypeCache (211ms)
			ReleaseScriptCaches (1ms)
			RebuildScriptCaches (47ms)
			SetupLoadedEditorAssemblies (456ms)
				LogAssemblyErrors (0ms)
				InitializePlatformSupportModulesInManaged (22ms)
				SetLoadedEditorAssemblies (0ms)
				RefreshPlugins (76ms)
				BeforeProcessingInitializeOnLoad (81ms)
				ProcessInitializeOnLoadAttributes (253ms)
				ProcessInitializeOnLoadMethodAttributes (17ms)
				AfterProcessingInitializeOnLoad (7ms)
				EditorAssembliesLoaded (0ms)
			ExecutionOrderSort2 (0ms)
			AwakeInstancesAfterBackupRestoration (4ms)
Platform modules already initialized, skipping
========================================================================
Worker process is ready to serve import requests
Launched and connected shader compiler UnityShaderCompiler.exe after 0.04 seconds
Refreshing native plugins compatible for Editor in 1.45 ms, found 3 plugins.
Preloading 0 native plugins for Editor in 0.00 ms.
Unloading 3887 Unused Serialized files (Serialized files now loaded: 0)
Unloading 43 unused Assets / (184.4 KB). Loaded Objects now: 4346.
Memory consumption went from 137.7 MB to 137.5 MB.
Total: 6.323200 ms (FindLiveObjects: 1.189200 ms CreateObjectMapping: 0.519200 ms MarkObjects: 4.425100 ms  DeleteObjects: 0.188400 ms)

AssetImportParameters requested are different than current active one (requested -> active):
  custom:video-decoder-ogg-theora: a1e56fd34408186e4bbccfd4996cb3dc -> 
  custom:container-muxer-webm: aa71ff27fc2769a1b78a27578f13a17b -> 
  custom:container-demuxer-webm: 4f35f7cbe854078d1ac9338744f61a02 -> 
  custom:video-encoder-webm-vp8: eb34c28f22e8b96e1ab97ce403110664 -> 
  custom:audio-encoder-webm-vorbis: bf7c407c2cedff20999df2af8eb42d56 -> 
  custom:framework-win-MediaFoundation: 216162199b28c13a410421893ffa2e32 -> 
  custom:container-demuxer-ogg: 62fdf1f143b41e24485cea50d1cbac27 -> 
  custom:video-decoder-webm-vp8: 9c59270c3fd7afecdb556c50c9e8de78 -> 
  custom:audio-decoder-ogg-vorbis: bf7c407c2cedff20999df2af8eb42d56 -> 
========================================================================
Received Import Request.
  Time since last request: 33574.356031 seconds.
  path: Assets/Necromanser/Materials
  artifactKey: Guid(339c4029003ce7941bd4832d231f1e17) Importer(815301076,1909f56bfc062723c751e8b465ee728b)
Start importing Assets/Necromanser/Materials using Guid(339c4029003ce7941bd4832d231f1e17) Importer(815301076,1909f56bfc062723c751e8b465ee728b)  -> (artifact id: '996762e1ddbdf206247e576ba274fba1') in 0.012846 seconds 
========================================================================
Received Import Request.
  Time since last request: 3.077287 seconds.
  path: Assets/Necromanser/Base mesh
  artifactKey: Guid(17b040aa501af264496190af7489376f) Importer(815301076,1909f56bfc062723c751e8b465ee728b)
Start importing Assets/Necromanser/Base mesh using Guid(17b040aa501af264496190af7489376f) Importer(815301076,1909f56bfc062723c751e8b465ee728b)  -> (artifact id: 'da68f6e621de171a09dc6023a412183b') in 0.008909 seconds 
========================================================================
Received Import Request.
  Time since last request: 0.065107 seconds.
  path: Assets/Necromanser/Base mesh/base mesh.fbx
  artifactKey: Guid(91f1429de22af07499ab3cf82c83112a) Importer(815301076,1909f56bfc062723c751e8b465ee728b)
Start importing Assets/Necromanser/Base mesh/base mesh.fbx using Guid(91f1429de22af07499ab3cf82c83112a) Importer(815301076,1909f56bfc062723c751e8b465ee728b)  -> (artifact id: '7ba5d65427957068f8e672b40c5ca6c9') in 0.670335 seconds 
========================================================================
Received Import Request.
  Time since last request: 76.937738 seconds.
  path: Assets/Necromanser/Stand/Stand.obj
  artifactKey: Guid(5c2e9568335e2b34b8e6daf242329daa) Importer(815301076,1909f56bfc062723c751e8b465ee728b)
Start importing Assets/Necromanser/Stand/Stand.obj using Guid(5c2e9568335e2b34b8e6daf242329daa) Importer(815301076,1909f56bfc062723c751e8b465ee728b)  -> (artifact id: 'cb4bd80e3318bba961f47358716430a2') in 0.035172 seconds 
========================================================================
Received Import Request.
  Time since last request: 523.865720 seconds.
  path: Assets/Baseball Bats/Demo
  artifactKey: Guid(6aec32cc0a6430f43be115c0e3081779) Importer(815301076,1909f56bfc062723c751e8b465ee728b)
Start importing Assets/Baseball Bats/Demo using Guid(6aec32cc0a6430f43be115c0e3081779) Importer(815301076,1909f56bfc062723c751e8b465ee728b)  -> (artifact id: '1a5812f065fcfd8290b8c7c47341b42c') in 0.009079 seconds 
========================================================================
Received Import Request.
  Time since last request: 0.587053 seconds.
  path: Assets/Baseball Bats/Assets
  artifactKey: Guid(40eb63179e3a644418cd7022231a89ae) Importer(815301076,1909f56bfc062723c751e8b465ee728b)
Start importing Assets/Baseball Bats/Assets using Guid(40eb63179e3a644418cd7022231a89ae) Importer(815301076,1909f56bfc062723c751e8b465ee728b)  -> (artifact id: '92ce670979fc01b0348cc0f8b9cc13ca') in 0.008483 seconds 
========================================================================
Received Import Request.
  Time since last request: 7.234208 seconds.
  path: Assets/Baseball Bats/Demo/Demo.unity
  artifactKey: Guid(63441bf143ac4f84284e7463b771fc9b) Importer(815301076,1909f56bfc062723c751e8b465ee728b)
Start importing Assets/Baseball Bats/Demo/Demo.unity using Guid(63441bf143ac4f84284e7463b771fc9b) Importer(815301076,1909f56bfc062723c751e8b465ee728b)  -> (artifact id: 'add9ab1078d25c308f47072840d772d6') in 0.007431 seconds 
========================================================================
Received Import Request.
  Time since last request: 0.535285 seconds.
  path: Assets/Baseball Bats/Demo/DemoSettings.lighting
  artifactKey: Guid(2adc4b8000db52049bfa5c55d5374088) Importer(815301076,1909f56bfc062723c751e8b465ee728b)
Start importing Assets/Baseball Bats/Demo/DemoSettings.lighting using Guid(2adc4b8000db52049bfa5c55d5374088) Importer(815301076,1909f56bfc062723c751e8b465ee728b) LightingSettings: switching bake backend from 1 to 0.
 -> (artifact id: '7269cc638bea3fe2e52f10b10ad38f71') in 0.010165 seconds 
========================================================================
Received Import Request.
  Time since last request: 5.093702 seconds.
  path: Assets/Baseball Bats/Documentation
  artifactKey: Guid(50b461a623ac8d6439f01b87dbdafd9d) Importer(815301076,1909f56bfc062723c751e8b465ee728b)
Start importing Assets/Baseball Bats/Documentation using Guid(50b461a623ac8d6439f01b87dbdafd9d) Importer(815301076,1909f56bfc062723c751e8b465ee728b)  -> (artifact id: 'c6df29c86dd60bd7fe64f00849c06611') in 0.006853 seconds 
========================================================================
Received Import Request.
  Time since last request: 6.669728 seconds.
  path: Assets/Baseball Bats/Assets/Models
  artifactKey: Guid(8ab8118fd1806d442b34c521f89f8968) Importer(815301076,1909f56bfc062723c751e8b465ee728b)
Start importing Assets/Baseball Bats/Assets/Models using Guid(8ab8118fd1806d442b34c521f89f8968) Importer(815301076,1909f56bfc062723c751e8b465ee728b)  -> (artifact id: '27434be926f45fce2e135400041cb5dd') in 0.007344 seconds 
========================================================================
Received Import Request.
  Time since last request: 2.267759 seconds.
  path: Assets/Baseball Bats/Assets/Prefabs
  artifactKey: Guid(7987e0e68188f49448e5a3dcc31ab03d) Importer(815301076,1909f56bfc062723c751e8b465ee728b)
Start importing Assets/Baseball Bats/Assets/Prefabs using Guid(7987e0e68188f49448e5a3dcc31ab03d) Importer(815301076,1909f56bfc062723c751e8b465ee728b)  -> (artifact id: 'ad1c0387d87f472bce48192244a32072') in 0.002049 seconds 
========================================================================
Received Import Request.
  Time since last request: 0.761248 seconds.
  path: Assets/Baseball Bats/Assets/Models/Mob_BaseBall_Bat_LOD_0.FBX
  artifactKey: Guid(84aa072381d856f46b8a5f3fc7494400) Importer(815301076,1909f56bfc062723c751e8b465ee728b)
Start importing Assets/Baseball Bats/Assets/Models/Mob_BaseBall_Bat_LOD_0.FBX using Guid(84aa072381d856f46b8a5f3fc7494400) Importer(815301076,1909f56bfc062723c751e8b465ee728b)  -> (artifact id: 'eae107f92d6ea579e7e302b5a879db4c') in 0.021441 seconds 
========================================================================
Received Import Request.
  Time since last request: 0.000019 seconds.
  path: Assets/Baseball Bats/Assets/Models/PC_BaseBall_Bat_LOD_1.FBX
  artifactKey: Guid(ba347e6f303d54e4f8e5f3f45fd6597c) Importer(815301076,1909f56bfc062723c751e8b465ee728b)
Start importing Assets/Baseball Bats/Assets/Models/PC_BaseBall_Bat_LOD_1.FBX using Guid(ba347e6f303d54e4f8e5f3f45fd6597c) Importer(815301076,1909f56bfc062723c751e8b465ee728b)  -> (artifact id: 'f883731f15c69dbd333eb6314c3b33b1') in 0.016188 seconds 
========================================================================
Received Import Request.
  Time since last request: 0.000015 seconds.
  path: Assets/Baseball Bats/Assets/Models/PC_BaseBall_Bat_LOD_2.FBX
  artifactKey: Guid(697f6e44834107946af4b72502137dee) Importer(815301076,1909f56bfc062723c751e8b465ee728b)
Start importing Assets/Baseball Bats/Assets/Models/PC_BaseBall_Bat_LOD_2.FBX using Guid(697f6e44834107946af4b72502137dee) Importer(815301076,1909f56bfc062723c751e8b465ee728b)  -> (artifact id: '420cfb5e7d4bd2829641b3a4ace145e4') in 0.018351 seconds 
========================================================================
Received Import Request.
  Time since last request: 0.000021 seconds.
  path: Assets/Baseball Bats/Assets/Models/Mob_BaseBall_Bat_LOD_2.FBX
  artifactKey: Guid(b7fddc03c3f761046a59aee648c0a454) Importer(815301076,1909f56bfc062723c751e8b465ee728b)
Start importing Assets/Baseball Bats/Assets/Models/Mob_BaseBall_Bat_LOD_2.FBX using Guid(b7fddc03c3f761046a59aee648c0a454) Importer(815301076,1909f56bfc062723c751e8b465ee728b)  -> (artifact id: '5ea21e56178daa24ac24703c8cce721a') in 0.017988 seconds 
========================================================================
Received Import Request.
  Time since last request: 9.576051 seconds.
  path: Assets/Baseball Bats/Assets/Prefabs/Mob_Baseball_Bat_01.prefab
  artifactKey: Guid(860ade0594eaba94d888d4073f07a490) Importer(815301076,1909f56bfc062723c751e8b465ee728b)
Start importing Assets/Baseball Bats/Assets/Prefabs/Mob_Baseball_Bat_01.prefab using Guid(860ade0594eaba94d888d4073f07a490) Importer(815301076,1909f56bfc062723c751e8b465ee728b)  -> (artifact id: '23cef6c53aaf835aab99a36d7fe83c1d') in 0.080812 seconds 
========================================================================
Received Import Request.
  Time since last request: 0.000023 seconds.
  path: Assets/Baseball Bats/Assets/Prefabs/PC_Baseball_Bat_01.prefab
  artifactKey: Guid(903c43007ef77274bad19ed037b02892) Importer(815301076,1909f56bfc062723c751e8b465ee728b)
Start importing Assets/Baseball Bats/Assets/Prefabs/PC_Baseball_Bat_01.prefab using Guid(903c43007ef77274bad19ed037b02892) Importer(815301076,1909f56bfc062723c751e8b465ee728b)  -> (artifact id: '7dbb82781ac11accfb63cdcea509803e') in 0.057919 seconds 
========================================================================
Received Import Request.
  Time since last request: 0.000033 seconds.
  path: Assets/Baseball Bats/Assets/Prefabs/Mob_Baseball_Bat_13.prefab
  artifactKey: Guid(b8565f1c512d09842b4c4a528e1d0603) Importer(815301076,1909f56bfc062723c751e8b465ee728b)
Start importing Assets/Baseball Bats/Assets/Prefabs/Mob_Baseball_Bat_13.prefab using Guid(b8565f1c512d09842b4c4a528e1d0603) Importer(815301076,1909f56bfc062723c751e8b465ee728b)  -> (artifact id: '52200c4e332b92ef056a9de37e9844fc') in 0.061801 seconds 
========================================================================
Received Import Request.
  Time since last request: 0.000023 seconds.
  path: Assets/Baseball Bats/Assets/Prefabs/PC_Baseball_Bat_07.prefab
  artifactKey: Guid(b9160a3181d48a74fa6074e202e497be) Importer(815301076,1909f56bfc062723c751e8b465ee728b)
Start importing Assets/Baseball Bats/Assets/Prefabs/PC_Baseball_Bat_07.prefab using Guid(b9160a3181d48a74fa6074e202e497be) Importer(815301076,1909f56bfc062723c751e8b465ee728b)  -> (artifact id: 'c935b48870932d7406209865d8bdd7f1') in 0.068138 seconds 
========================================================================
Received Import Request.
  Time since last request: 0.000020 seconds.
  path: Assets/Baseball Bats/Assets/Prefabs/Mob_Baseball_Bat_07.prefab
  artifactKey: Guid(cc8eeb8d11ef6ca45840817706c4ac35) Importer(815301076,1909f56bfc062723c751e8b465ee728b)
Start importing Assets/Baseball Bats/Assets/Prefabs/Mob_Baseball_Bat_07.prefab using Guid(cc8eeb8d11ef6ca45840817706c4ac35) Importer(815301076,1909f56bfc062723c751e8b465ee728b)  -> (artifact id: '84afbd122dbd0e3da88c7c23bc0a6d60') in 0.057660 seconds 
========================================================================
Received Import Request.
  Time since last request: 0.000022 seconds.
  path: Assets/Baseball Bats/Assets/Prefabs/PC_Baseball_Bat_06.prefab
  artifactKey: Guid(94fb20e1620258e418f7b0d13d1cac62) Importer(815301076,1909f56bfc062723c751e8b465ee728b)
Start importing Assets/Baseball Bats/Assets/Prefabs/PC_Baseball_Bat_06.prefab using Guid(94fb20e1620258e418f7b0d13d1cac62) Importer(815301076,1909f56bfc062723c751e8b465ee728b)  -> (artifact id: 'f82580eb2ad794a14c8e6fedc120118b') in 0.016508 seconds 
========================================================================
Received Import Request.
  Time since last request: 0.000023 seconds.
  path: Assets/Baseball Bats/Assets/Prefabs/Mob_Baseball_Bat_09.prefab
  artifactKey: Guid(1f7f3715ebdd1cf43950a16ede2dc684) Importer(815301076,1909f56bfc062723c751e8b465ee728b)
Start importing Assets/Baseball Bats/Assets/Prefabs/Mob_Baseball_Bat_09.prefab using Guid(1f7f3715ebdd1cf43950a16ede2dc684) Importer(815301076,1909f56bfc062723c751e8b465ee728b)  -> (artifact id: '22a51d290e6502c3109d872b95da0b53') in 0.014638 seconds 
========================================================================
Received Import Request.
  Time since last request: 0.000030 seconds.
  path: Assets/Baseball Bats/Assets/Prefabs/Mob_Baseball_Bat_05.prefab
  artifactKey: Guid(7687015455c3198469fa6fdce8f980ef) Importer(815301076,1909f56bfc062723c751e8b465ee728b)
Start importing Assets/Baseball Bats/Assets/Prefabs/Mob_Baseball_Bat_05.prefab using Guid(7687015455c3198469fa6fdce8f980ef) Importer(815301076,1909f56bfc062723c751e8b465ee728b)  -> (artifact id: '041262defe0f7fd48fc6393c8a7559df') in 0.017634 seconds 
========================================================================
Received Import Request.
  Time since last request: 0.000029 seconds.
  path: Assets/Baseball Bats/Assets/Prefabs/Mob_Baseball_Bat_12.prefab
  artifactKey: Guid(aaaa0425fc80efb429f1069683d5c290) Importer(815301076,1909f56bfc062723c751e8b465ee728b)
Start importing Assets/Baseball Bats/Assets/Prefabs/Mob_Baseball_Bat_12.prefab using Guid(aaaa0425fc80efb429f1069683d5c290) Importer(815301076,1909f56bfc062723c751e8b465ee728b)  -> (artifact id: '7f4874569983b5a03060883b362953c6') in 0.017056 seconds 
Editor requested this worker to shutdown with reason: Scaling down because of idle timeout
AssetImportWorker is now disconnected from the server
Process exiting
Exiting without the bug reporter. Application will terminate with return code 0