Using pre-set license
Built from '2021.3/release' branch; Version is '2021.3.17f1 (3e8111cac19d) revision 4096273'; Using compiler version '192829333'; Build Type 'Release'
OS: 'Windows 10  (10.0.19045) 64bit Professional' Language: 'en' Physical Memory: 32012 MB
BatchMode: 1, IsHumanControllingUs: 0, StartBugReporterOnCrash: 0, Is64bit: 1, IsPro: 1

COMMAND LINE ARGUMENTS:
C:\Program Files\Unity\Hub\Editor\2021.3.17f1\Editor\Unity.exe
-adb2
-batchMode
-noUpm
-name
AssetImportWorker6
-projectPath
C:/Users/User/UnityProjects/Halloween Gamejam
-logFile
Logs/AssetImportWorker6.log
-srvPort
58372
Successfully changed project path to: C:/Users/User/UnityProjects/Halloween Gamejam
C:/Users/User/UnityProjects/Halloween Gamejam
[UnityMemory] Configuration Parameters - Can be set up in boot.config
    "memorysetup-bucket-allocator-granularity=16"
    "memorysetup-bucket-allocator-bucket-count=8"
    "memorysetup-bucket-allocator-block-size=33554432"
    "memorysetup-bucket-allocator-block-count=8"
    "memorysetup-main-allocator-block-size=16777216"
    "memorysetup-thread-allocator-block-size=16777216"
    "memorysetup-gfx-main-allocator-block-size=16777216"
    "memorysetup-gfx-thread-allocator-block-size=16777216"
    "memorysetup-cache-allocator-block-size=4194304"
    "memorysetup-typetree-allocator-block-size=2097152"
    "memorysetup-profiler-bucket-allocator-granularity=16"
    "memorysetup-profiler-bucket-allocator-bucket-count=8"
    "memorysetup-profiler-bucket-allocator-block-size=33554432"
    "memorysetup-profiler-bucket-allocator-block-count=8"
    "memorysetup-profiler-allocator-block-size=16777216"
    "memorysetup-profiler-editor-allocator-block-size=1048576"
    "memorysetup-temp-allocator-size-main=16777216"
    "memorysetup-job-temp-allocator-block-size=2097152"
    "memorysetup-job-temp-allocator-block-size-background=1048576"
    "memorysetup-job-temp-allocator-reduction-small-platforms=262144"
    "memorysetup-temp-allocator-size-background-worker=32768"
    "memorysetup-temp-allocator-size-job-worker=262144"
    "memorysetup-temp-allocator-size-preload-manager=33554432"
    "memorysetup-temp-allocator-size-nav-mesh-worker=65536"
    "memorysetup-temp-allocator-size-audio-worker=65536"
    "memorysetup-temp-allocator-size-cloud-worker=32768"
    "memorysetup-temp-allocator-size-gi-baking-worker=262144"
    "memorysetup-temp-allocator-size-gfx=262144"
Player connection [21864] Host "[IP] 192.168.56.1 [Port] 0 [Flags] 2 [Guid] 3502712905 [EditorId] 3502712905 [Version] 1048832 [Id] WindowsEditor(7,DESKTOP-M416NKQ) [Debug] 1 [PackageName] WindowsEditor [ProjectName] Editor" joined multi-casting on [225.0.0.222:54997]...

Player connection [21864] Host "[IP] 192.168.56.1 [Port] 0 [Flags] 2 [Guid] 3502712905 [EditorId] 3502712905 [Version] 1048832 [Id] WindowsEditor(7,DESKTOP-M416NKQ) [Debug] 1 [PackageName] WindowsEditor [ProjectName] Editor" joined alternative multi-casting on [225.0.0.222:34997]...

Refreshing native plugins compatible for Editor in 80.60 ms, found 3 plugins.
Preloading 0 native plugins for Editor in 0.00 ms.
Initialize engine version: 2021.3.17f1 (3e8111cac19d)
[Subsystems] Discovering subsystems at path C:/Program Files/Unity/Hub/Editor/2021.3.17f1/Editor/Data/Resources/UnitySubsystems
[Subsystems] Discovering subsystems at path C:/Users/User/UnityProjects/Halloween Gamejam/Assets
GfxDevice: creating device client; threaded=0; jobified=0
Direct3D:
    Version:  Direct3D 11.0 [level 11.1]
    Renderer: NVIDIA GeForce RTX 3070 Ti Laptop GPU (ID=0x24a0)
    Vendor:   NVIDIA
    VRAM:     8031 MB
    Driver:   31.0.15.2824
Initialize mono
Mono path[0] = 'C:/Program Files/Unity/Hub/Editor/2021.3.17f1/Editor/Data/Managed'
Mono path[1] = 'C:/Program Files/Unity/Hub/Editor/2021.3.17f1/Editor/Data/MonoBleedingEdge/lib/mono/unityjit-win32'
Mono config path = 'C:/Program Files/Unity/Hub/Editor/2021.3.17f1/Editor/Data/MonoBleedingEdge/etc'
Using monoOptions --debugger-agent=transport=dt_socket,embedding=1,server=y,suspend=n,address=127.0.0.1:56296
Begin MonoManager ReloadAssembly
Registering precompiled unity dll's ...
Register platform support module: C:/Program Files/Unity/Hub/Editor/2021.3.17f1/Editor/Data/PlaybackEngines/WebGLSupport/UnityEditor.WebGL.Extensions.dll
Register platform support module: C:/Program Files/Unity/Hub/Editor/2021.3.17f1/Editor/Data/PlaybackEngines/AndroidPlayer/UnityEditor.Android.Extensions.dll
Register platform support module: C:/Program Files/Unity/Hub/Editor/2021.3.17f1/Editor/Data/PlaybackEngines/iOSSupport/UnityEditor.iOS.Extensions.dll
Register platform support module: C:/Program Files/Unity/Hub/Editor/2021.3.17f1/Editor/Data/PlaybackEngines/WindowsStandaloneSupport/UnityEditor.WindowsStandalone.Extensions.dll
Registered in 0.008119 seconds.
Native extension for WindowsStandalone target not found
[usbmuxd] Start listen thread
[usbmuxd] Listen thread started
Native extension for iOS target not found
Native extension for Android target not found
Android Extension - Scanning For ADB Devices 227 ms
Native extension for WebGL target not found
Refreshing native plugins compatible for Editor in 74.77 ms, found 3 plugins.
Preloading 0 native plugins for Editor in 0.00 ms.
Mono: successfully reloaded assembly
- Completed reload, in  0.770 seconds
Domain Reload Profiling:
	ReloadAssembly (770ms)
		BeginReloadAssembly (57ms)
			ExecutionOrderSort (0ms)
			DisableScriptedObjects (0ms)
			BackupInstance (0ms)
			ReleaseScriptingObjects (0ms)
			CreateAndSetChildDomain (1ms)
		EndReloadAssembly (623ms)
			LoadAssemblies (55ms)
			RebuildTransferFunctionScriptingTraits (0ms)
			SetupTypeCache (75ms)
			ReleaseScriptCaches (0ms)
			RebuildScriptCaches (24ms)
			SetupLoadedEditorAssemblies (482ms)
				LogAssemblyErrors (0ms)
				InitializePlatformSupportModulesInManaged (301ms)
				SetLoadedEditorAssemblies (0ms)
				RefreshPlugins (75ms)
				BeforeProcessingInitializeOnLoad (1ms)
				ProcessInitializeOnLoadAttributes (72ms)
				ProcessInitializeOnLoadMethodAttributes (33ms)
				AfterProcessingInitializeOnLoad (0ms)
				EditorAssembliesLoaded (0ms)
			ExecutionOrderSort2 (0ms)
			AwakeInstancesAfterBackupRestoration (0ms)
Platform modules already initialized, skipping
Registering precompiled user dll's ...
Registered in 0.004457 seconds.
Begin MonoManager ReloadAssembly
Symbol file LoadedFromMemory doesn't match image C:\Users\User\UnityProjects\Halloween Gamejam\Library\PackageCache\com.unity.visualscripting@1.8.0\Editor\VisualScripting.Core\Dependencies\YamlDotNet\Unity.VisualScripting.YamlDotNet.dll
Symbol file LoadedFromMemory doesn't match image C:\Users\User\UnityProjects\Halloween Gamejam\Library\PackageCache\com.unity.visualscripting@1.8.0\Editor\VisualScripting.Core\Dependencies\DotNetZip\Unity.VisualScripting.IonicZip.dll
Native extension for WindowsStandalone target not found
Native extension for iOS target not found
Native extension for Android target not found
Native extension for WebGL target not found
Refreshing native plugins compatible for Editor in 75.85 ms, found 3 plugins.
Preloading 0 native plugins for Editor in 0.00 ms.
Mono: successfully reloaded assembly
- Completed reload, in  0.994 seconds
Domain Reload Profiling:
	ReloadAssembly (994ms)
		BeginReloadAssembly (86ms)
			ExecutionOrderSort (0ms)
			DisableScriptedObjects (5ms)
			BackupInstance (0ms)
			ReleaseScriptingObjects (0ms)
			CreateAndSetChildDomain (19ms)
		EndReloadAssembly (823ms)
			LoadAssemblies (62ms)
			RebuildTransferFunctionScriptingTraits (0ms)
			SetupTypeCache (202ms)
			ReleaseScriptCaches (1ms)
			RebuildScriptCaches (45ms)
			SetupLoadedEditorAssemblies (464ms)
				LogAssemblyErrors (0ms)
				InitializePlatformSupportModulesInManaged (22ms)
				SetLoadedEditorAssemblies (0ms)
				RefreshPlugins (76ms)
				BeforeProcessingInitializeOnLoad (81ms)
				ProcessInitializeOnLoadAttributes (262ms)
				ProcessInitializeOnLoadMethodAttributes (17ms)
				AfterProcessingInitializeOnLoad (6ms)
				EditorAssembliesLoaded (0ms)
			ExecutionOrderSort2 (0ms)
			AwakeInstancesAfterBackupRestoration (4ms)
Platform modules already initialized, skipping
========================================================================
Worker process is ready to serve import requests
Launched and connected shader compiler UnityShaderCompiler.exe after 0.04 seconds
Refreshing native plugins compatible for Editor in 1.18 ms, found 3 plugins.
Preloading 0 native plugins for Editor in 0.00 ms.
Unloading 3886 Unused Serialized files (Serialized files now loaded: 0)
Unloading 43 unused Assets / (184.2 KB). Loaded Objects now: 4345.
Memory consumption went from 137.2 MB to 137.0 MB.
Total: 5.127000 ms (FindLiveObjects: 0.503900 ms CreateObjectMapping: 0.327400 ms MarkObjects: 4.146500 ms  DeleteObjects: 0.147900 ms)

AssetImportParameters requested are different than current active one (requested -> active):
  custom:video-decoder-ogg-theora: a1e56fd34408186e4bbccfd4996cb3dc -> 
  custom:container-muxer-webm: aa71ff27fc2769a1b78a27578f13a17b -> 
  custom:container-demuxer-webm: 4f35f7cbe854078d1ac9338744f61a02 -> 
  custom:video-encoder-webm-vp8: eb34c28f22e8b96e1ab97ce403110664 -> 
  custom:audio-encoder-webm-vorbis: bf7c407c2cedff20999df2af8eb42d56 -> 
  custom:framework-win-MediaFoundation: 216162199b28c13a410421893ffa2e32 -> 
  custom:container-demuxer-ogg: 62fdf1f143b41e24485cea50d1cbac27 -> 
  custom:video-decoder-webm-vp8: 9c59270c3fd7afecdb556c50c9e8de78 -> 
  custom:audio-decoder-ogg-vorbis: bf7c407c2cedff20999df2af8eb42d56 -> 
========================================================================
Received Import Request.
  Time since last request: 34527.850078 seconds.
  path: Assets/Baseball Bats/Assets/Textures/Mob_Baseball_Bat_01_Normal.png
  artifactKey: Guid(4abe81a0ec99ae84d98e3bf03b06b8f4) Importer(815301076,1909f56bfc062723c751e8b465ee728b)
Start importing Assets/Baseball Bats/Assets/Textures/Mob_Baseball_Bat_01_Normal.png using Guid(4abe81a0ec99ae84d98e3bf03b06b8f4) Importer(815301076,1909f56bfc062723c751e8b465ee728b)  -> (artifact id: '9c975d814d3878281097483ecf505665') in 0.090726 seconds 
========================================================================
Received Import Request.
  Time since last request: 0.000031 seconds.
  path: Assets/Baseball Bats/Assets/Textures/PC_Baseball_Bat_01_MetallicGlossiness.png
  artifactKey: Guid(c85a9c6f8ffde5a4d96fa99bc1b406cd) Importer(815301076,1909f56bfc062723c751e8b465ee728b)
Start importing Assets/Baseball Bats/Assets/Textures/PC_Baseball_Bat_01_MetallicGlossiness.png using Guid(c85a9c6f8ffde5a4d96fa99bc1b406cd) Importer(815301076,1909f56bfc062723c751e8b465ee728b)  -> (artifact id: '8d9f593422234c20b04cf64c532877b0') in 0.016781 seconds 
========================================================================
Received Import Request.
  Time since last request: 0.000021 seconds.
  path: Assets/Baseball Bats/Assets/Textures/Mob_Baseball_Bat_11_Normal.png
  artifactKey: Guid(87a7010721d2f5140b782e25781a07c2) Importer(815301076,1909f56bfc062723c751e8b465ee728b)
Start importing Assets/Baseball Bats/Assets/Textures/Mob_Baseball_Bat_11_Normal.png using Guid(87a7010721d2f5140b782e25781a07c2) Importer(815301076,1909f56bfc062723c751e8b465ee728b)  -> (artifact id: 'ab8c453336997ebf4a4a3cfe8cb1aba0') in 0.013889 seconds 
========================================================================
Received Import Request.
  Time since last request: 0.000028 seconds.
  path: Assets/Baseball Bats/Assets/Textures/PC_Baseball_Bat_04_BaseColor.png
  artifactKey: Guid(8ed57048975bf1f4092a0c33e786f95e) Importer(815301076,1909f56bfc062723c751e8b465ee728b)
Start importing Assets/Baseball Bats/Assets/Textures/PC_Baseball_Bat_04_BaseColor.png using Guid(8ed57048975bf1f4092a0c33e786f95e) Importer(815301076,1909f56bfc062723c751e8b465ee728b)  -> (artifact id: '593f254461b83bb1ab6f181300b843e2') in 0.012097 seconds 
========================================================================
Received Import Request.
  Time since last request: 0.000025 seconds.
  path: Assets/Baseball Bats/Assets/Textures/Mob_Baseball_Bat_04_Normal.png
  artifactKey: Guid(e2fd45e61dd5a454cae20fc5dde0ebdf) Importer(815301076,1909f56bfc062723c751e8b465ee728b)
Start importing Assets/Baseball Bats/Assets/Textures/Mob_Baseball_Bat_04_Normal.png using Guid(e2fd45e61dd5a454cae20fc5dde0ebdf) Importer(815301076,1909f56bfc062723c751e8b465ee728b)  -> (artifact id: '0df1b80bdd8a8f7594cbb83b2edcc278') in 0.013075 seconds 
========================================================================
Received Import Request.
  Time since last request: 0.000027 seconds.
  path: Assets/Baseball Bats/Assets/Textures/Mob_Baseball_Bat_09_BaseColor_Glossiness.png
  artifactKey: Guid(8c3622e9195a3644bb5cde851ee8a1a0) Importer(815301076,1909f56bfc062723c751e8b465ee728b)
Start importing Assets/Baseball Bats/Assets/Textures/Mob_Baseball_Bat_09_BaseColor_Glossiness.png using Guid(8c3622e9195a3644bb5cde851ee8a1a0) Importer(815301076,1909f56bfc062723c751e8b465ee728b)  -> (artifact id: 'cab2370dcc349a57d0d002f28ea823ab') in 0.012206 seconds 
========================================================================
Received Import Request.
  Time since last request: 0.000022 seconds.
  path: Assets/Baseball Bats/Assets/Textures/PC_Baseball_Bat_02_BaseColor.png
  artifactKey: Guid(55c6cf5cdc583c54785a763678fa3752) Importer(815301076,1909f56bfc062723c751e8b465ee728b)
Start importing Assets/Baseball Bats/Assets/Textures/PC_Baseball_Bat_02_BaseColor.png using Guid(55c6cf5cdc583c54785a763678fa3752) Importer(815301076,1909f56bfc062723c751e8b465ee728b)  -> (artifact id: '326edba12532135b8da462e016533a44') in 0.011407 seconds 
========================================================================
Received Import Request.
  Time since last request: 0.000034 seconds.
  path: Assets/Baseball Bats/Assets/Textures/Mob_Baseball_Bat_06_Normal.png
  artifactKey: Guid(2507991534fce4541b5efbba459a0788) Importer(815301076,1909f56bfc062723c751e8b465ee728b)
Start importing Assets/Baseball Bats/Assets/Textures/Mob_Baseball_Bat_06_Normal.png using Guid(2507991534fce4541b5efbba459a0788) Importer(815301076,1909f56bfc062723c751e8b465ee728b)  -> (artifact id: '9a0fefdc521af6db5e383c1a8e1427af') in 0.011660 seconds 
========================================================================
Received Import Request.
  Time since last request: 0.000021 seconds.
  path: Assets/Baseball Bats/Assets/Textures/Mob_Baseball_Bat_13_Normal.png
  artifactKey: Guid(0d714df6553fa3940bca6adf8de4b6d2) Importer(815301076,1909f56bfc062723c751e8b465ee728b)
Start importing Assets/Baseball Bats/Assets/Textures/Mob_Baseball_Bat_13_Normal.png using Guid(0d714df6553fa3940bca6adf8de4b6d2) Importer(815301076,1909f56bfc062723c751e8b465ee728b)  -> (artifact id: '3b0d705293ab489cfc8dde34b247d175') in 0.012525 seconds 
========================================================================
Received Import Request.
  Time since last request: 0.000020 seconds.
  path: Assets/Baseball Bats/Assets/Textures/Mob_Baseball_Bat_12_Normal.png
  artifactKey: Guid(3708652e407ee4a40a30ddfd6a085bfe) Importer(815301076,1909f56bfc062723c751e8b465ee728b)
Start importing Assets/Baseball Bats/Assets/Textures/Mob_Baseball_Bat_12_Normal.png using Guid(3708652e407ee4a40a30ddfd6a085bfe) Importer(815301076,1909f56bfc062723c751e8b465ee728b)  -> (artifact id: 'e86f183b23868b2c1721c1d248d724de') in 0.013798 seconds 
========================================================================
Received Import Request.
  Time since last request: 0.000020 seconds.
  path: Assets/Baseball Bats/Assets/Textures/Mob_Baseball_Bat_02_Normal.png
  artifactKey: Guid(513e0ab45de0f08489c98d2664fcb8ad) Importer(815301076,1909f56bfc062723c751e8b465ee728b)
Start importing Assets/Baseball Bats/Assets/Textures/Mob_Baseball_Bat_02_Normal.png using Guid(513e0ab45de0f08489c98d2664fcb8ad) Importer(815301076,1909f56bfc062723c751e8b465ee728b)  -> (artifact id: '9ee49db3a93e1a747c5d20a342113f79') in 0.013024 seconds 
========================================================================
Received Import Request.
  Time since last request: 0.000018 seconds.
  path: Assets/Baseball Bats/Assets/Textures/Mob_Baseball_Bat_09_Normal.png
  artifactKey: Guid(ca9968e8ed3dd94469606b44ad1a900e) Importer(815301076,1909f56bfc062723c751e8b465ee728b)
Start importing Assets/Baseball Bats/Assets/Textures/Mob_Baseball_Bat_09_Normal.png using Guid(ca9968e8ed3dd94469606b44ad1a900e) Importer(815301076,1909f56bfc062723c751e8b465ee728b)  -> (artifact id: 'a7b7c74aa380566b50e2374775ba79cb') in 0.015531 seconds 
========================================================================
Received Import Request.
  Time since last request: 0.000023 seconds.
  path: Assets/Baseball Bats/Assets/Textures/Mob_Baseball_Bat_02_BaseColor_Glossiness.png
  artifactKey: Guid(0aa67997e0849ca45b6010fba9623944) Importer(815301076,1909f56bfc062723c751e8b465ee728b)
Start importing Assets/Baseball Bats/Assets/Textures/Mob_Baseball_Bat_02_BaseColor_Glossiness.png using Guid(0aa67997e0849ca45b6010fba9623944) Importer(815301076,1909f56bfc062723c751e8b465ee728b)  -> (artifact id: '7a768b06f6ccb672d4ea507854f8e9cb') in 0.011660 seconds 
========================================================================
Received Import Request.
  Time since last request: 0.000022 seconds.
  path: Assets/Baseball Bats/Assets/Textures/PC_Baseball_Bat_02_Normal.png
  artifactKey: Guid(db5d1de51482102409ef48db899fdd80) Importer(815301076,1909f56bfc062723c751e8b465ee728b)
Start importing Assets/Baseball Bats/Assets/Textures/PC_Baseball_Bat_02_Normal.png using Guid(db5d1de51482102409ef48db899fdd80) Importer(815301076,1909f56bfc062723c751e8b465ee728b)  -> (artifact id: '30a145bcef0e417a089dce421d42a214') in 0.011915 seconds 
========================================================================
Received Import Request.
  Time since last request: 0.000018 seconds.
  path: Assets/Baseball Bats/Assets/Textures/Mob_Baseball_Bat_08_Normal.png
  artifactKey: Guid(01112d541457a1d449b21972f3e6386e) Importer(815301076,1909f56bfc062723c751e8b465ee728b)
Start importing Assets/Baseball Bats/Assets/Textures/Mob_Baseball_Bat_08_Normal.png using Guid(01112d541457a1d449b21972f3e6386e) Importer(815301076,1909f56bfc062723c751e8b465ee728b)  -> (artifact id: 'cf598f16332dbce1107cbfc42ce15740') in 0.013888 seconds 
========================================================================
Received Import Request.
  Time since last request: 0.000018 seconds.
  path: Assets/Baseball Bats/Assets/Textures/PC_Baseball_Bat_02_MetallicGlossiness.png
  artifactKey: Guid(b42d109ac1d14f44ea490a80a30d0f24) Importer(815301076,1909f56bfc062723c751e8b465ee728b)
Start importing Assets/Baseball Bats/Assets/Textures/PC_Baseball_Bat_02_MetallicGlossiness.png using Guid(b42d109ac1d14f44ea490a80a30d0f24) Importer(815301076,1909f56bfc062723c751e8b465ee728b)  -> (artifact id: '9635bfc78ac1bab89ff0ae7d9a31e521') in 0.011372 seconds 
========================================================================
Received Import Request.
  Time since last request: 0.000025 seconds.
  path: Assets/Baseball Bats/Assets/Textures/Mob_Baseball_Bat_08_BaseColor_Glossiness.png
  artifactKey: Guid(8e83078670770be4185e3170e13e3a1f) Importer(815301076,1909f56bfc062723c751e8b465ee728b)
Start importing Assets/Baseball Bats/Assets/Textures/Mob_Baseball_Bat_08_BaseColor_Glossiness.png using Guid(8e83078670770be4185e3170e13e3a1f) Importer(815301076,1909f56bfc062723c751e8b465ee728b)  -> (artifact id: '7b77b575e969fe7d74aa9766ac48f03f') in 0.011766 seconds 
========================================================================
Received Import Request.
  Time since last request: 0.000019 seconds.
  path: Assets/Baseball Bats/Assets/Textures/Mob_Baseball_Bat_07_Normal.png
  artifactKey: Guid(3b128be3afa09d941995f8b8d34d66a5) Importer(815301076,1909f56bfc062723c751e8b465ee728b)
Start importing Assets/Baseball Bats/Assets/Textures/Mob_Baseball_Bat_07_Normal.png using Guid(3b128be3afa09d941995f8b8d34d66a5) Importer(815301076,1909f56bfc062723c751e8b465ee728b)  -> (artifact id: '76e6a3e9298cfcb07236bf2c437c4487') in 0.012026 seconds 
========================================================================
Received Import Request.
  Time since last request: 0.000022 seconds.
  path: Assets/Baseball Bats/Assets/Textures/PC_Baseball_Bat_01_Normal.png
  artifactKey: Guid(90be9f8ef16dfc94c8ec82af47833b71) Importer(815301076,1909f56bfc062723c751e8b465ee728b)
Start importing Assets/Baseball Bats/Assets/Textures/PC_Baseball_Bat_01_Normal.png using Guid(90be9f8ef16dfc94c8ec82af47833b71) Importer(815301076,1909f56bfc062723c751e8b465ee728b)  -> (artifact id: '9fe5d8c7de29a3ba9b38f097b8e0ec2d') in 0.012817 seconds 
========================================================================
Received Import Request.
  Time since last request: 0.709130 seconds.
  path: Assets/Baseball Bats/Assets/Textures/PC_Baseball_Bat_05_AmbientOcclusion.png
  artifactKey: Guid(f5e6ba1e18cb68f4fad802e42e411c59) Importer(815301076,1909f56bfc062723c751e8b465ee728b)
Start importing Assets/Baseball Bats/Assets/Textures/PC_Baseball_Bat_05_AmbientOcclusion.png using Guid(f5e6ba1e18cb68f4fad802e42e411c59) Importer(815301076,1909f56bfc062723c751e8b465ee728b)  -> (artifact id: 'ca9eb2e5adb1f742462c5a8ddf738b8c') in 0.012967 seconds 
========================================================================
Received Import Request.
  Time since last request: 0.000020 seconds.
  path: Assets/Baseball Bats/Assets/Textures/PC_Baseball_Bat_05_Normal.png
  artifactKey: Guid(ec6c4268d3a15e54da283481e5db83f4) Importer(815301076,1909f56bfc062723c751e8b465ee728b)
Start importing Assets/Baseball Bats/Assets/Textures/PC_Baseball_Bat_05_Normal.png using Guid(ec6c4268d3a15e54da283481e5db83f4) Importer(815301076,1909f56bfc062723c751e8b465ee728b)  -> (artifact id: 'bc954914b9d4b4d64fc4682d3113c31c') in 0.014372 seconds 
========================================================================
Received Import Request.
  Time since last request: 0.000019 seconds.
  path: Assets/Baseball Bats/Assets/Textures/PC_Baseball_Bat_06_BaseColor.png
  artifactKey: Guid(248c5f0ee411e104e8cc54288546ad7a) Importer(815301076,1909f56bfc062723c751e8b465ee728b)
Start importing Assets/Baseball Bats/Assets/Textures/PC_Baseball_Bat_06_BaseColor.png using Guid(248c5f0ee411e104e8cc54288546ad7a) Importer(815301076,1909f56bfc062723c751e8b465ee728b)  -> (artifact id: '6eee5a07ff1fd58b32321619d1ae3311') in 0.012093 seconds 
========================================================================
Received Import Request.
  Time since last request: 0.000018 seconds.
  path: Assets/Baseball Bats/Assets/Textures/PC_Baseball_Bat_06_AmbientOcclusion.png
  artifactKey: Guid(00790d5959c996645bb7b29a281678bf) Importer(815301076,1909f56bfc062723c751e8b465ee728b)
Start importing Assets/Baseball Bats/Assets/Textures/PC_Baseball_Bat_06_AmbientOcclusion.png using Guid(00790d5959c996645bb7b29a281678bf) Importer(815301076,1909f56bfc062723c751e8b465ee728b)  -> (artifact id: 'fd1138f9466b1f152054cba8ecb2074e') in 0.012904 seconds 
========================================================================
Received Import Request.
  Time since last request: 0.000024 seconds.
  path: Assets/Baseball Bats/Assets/Textures/PC_Baseball_Bat_06_Normal.png
  artifactKey: Guid(baec8a5b43f56ba419e8a7f1461ff60c) Importer(815301076,1909f56bfc062723c751e8b465ee728b)
Start importing Assets/Baseball Bats/Assets/Textures/PC_Baseball_Bat_06_Normal.png using Guid(baec8a5b43f56ba419e8a7f1461ff60c) Importer(815301076,1909f56bfc062723c751e8b465ee728b)  -> (artifact id: '70301df6b04899fcaf23e8038caea78d') in 0.030140 seconds 
========================================================================
Received Import Request.
  Time since last request: 0.006817 seconds.
  path: Assets/Baseball Bats/Assets/Textures/PC_Baseball_Bat_07_MetallicGlossiness.png
  artifactKey: Guid(1ceb17fdbb5806643b83fa30be883eeb) Importer(815301076,1909f56bfc062723c751e8b465ee728b)
Start importing Assets/Baseball Bats/Assets/Textures/PC_Baseball_Bat_07_MetallicGlossiness.png using Guid(1ceb17fdbb5806643b83fa30be883eeb) Importer(815301076,1909f56bfc062723c751e8b465ee728b)  -> (artifact id: '01feb65002bc8c60b86fcf29dc342759') in 0.011642 seconds 
========================================================================
Received Import Request.
  Time since last request: 0.000021 seconds.
  path: Assets/Baseball Bats/Assets/Textures/PC_Baseball_Bat_09_MetallicGlossiness.png
  artifactKey: Guid(eefb73345ed242c4a80bbdb09d5a17be) Importer(815301076,1909f56bfc062723c751e8b465ee728b)
Start importing Assets/Baseball Bats/Assets/Textures/PC_Baseball_Bat_09_MetallicGlossiness.png using Guid(eefb73345ed242c4a80bbdb09d5a17be) Importer(815301076,1909f56bfc062723c751e8b465ee728b)  -> (artifact id: '4a555bc16faf7d34426483960d650ab6') in 0.013218 seconds 
========================================================================
Received Import Request.
  Time since last request: 0.000021 seconds.
  path: Assets/Baseball Bats/Assets/Textures/PC_Baseball_Bat_11_BaseColor.png
  artifactKey: Guid(6b3342a7381ab074d8afd9c15daf99b1) Importer(815301076,1909f56bfc062723c751e8b465ee728b)
Start importing Assets/Baseball Bats/Assets/Textures/PC_Baseball_Bat_11_BaseColor.png using Guid(6b3342a7381ab074d8afd9c15daf99b1) Importer(815301076,1909f56bfc062723c751e8b465ee728b)  -> (artifact id: '4c41da438cdfbfb0b59c7f89b085e97b') in 0.012819 seconds 
========================================================================
Received Import Request.
  Time since last request: 0.000025 seconds.
  path: Assets/Baseball Bats/Assets/Textures/PC_Baseball_Bat_11_Normal.png
  artifactKey: Guid(1f4700eef8421874b8c2ff98a969c8d6) Importer(815301076,1909f56bfc062723c751e8b465ee728b)
Start importing Assets/Baseball Bats/Assets/Textures/PC_Baseball_Bat_11_Normal.png using Guid(1f4700eef8421874b8c2ff98a969c8d6) Importer(815301076,1909f56bfc062723c751e8b465ee728b)  -> (artifact id: '01825c104aff26a1c8c80a06a5baa549') in 0.015112 seconds 
========================================================================
Received Import Request.
  Time since last request: 0.000022 seconds.
  path: Assets/Baseball Bats/Assets/Textures/PC_Baseball_Bat_10_Normal.png
  artifactKey: Guid(5699ca47aa165a648bba008a43964389) Importer(815301076,1909f56bfc062723c751e8b465ee728b)
Start importing Assets/Baseball Bats/Assets/Textures/PC_Baseball_Bat_10_Normal.png using Guid(5699ca47aa165a648bba008a43964389) Importer(815301076,1909f56bfc062723c751e8b465ee728b)  -> (artifact id: '0e40976868fb144b82cd6ae76890b6d0') in 0.012406 seconds 
========================================================================
Received Import Request.
  Time since last request: 0.000020 seconds.
  path: Assets/Baseball Bats/Assets/Textures/PC_Baseball_Bat_09_Normal.png
  artifactKey: Guid(c6a358b56185b4d4897ca365ace7ee6f) Importer(815301076,1909f56bfc062723c751e8b465ee728b)
Start importing Assets/Baseball Bats/Assets/Textures/PC_Baseball_Bat_09_Normal.png using Guid(c6a358b56185b4d4897ca365ace7ee6f) Importer(815301076,1909f56bfc062723c751e8b465ee728b)  -> (artifact id: 'b98ad6b3df5ecbfd2dd7a97003c55e85') in 0.013334 seconds 
========================================================================
Received Import Request.
  Time since last request: 0.000017 seconds.
  path: Assets/Baseball Bats/Assets/Textures/PC_Baseball_Bat_11_MetallicGlossiness.png
  artifactKey: Guid(f12a60119b81f4a418438d8dc528becf) Importer(815301076,1909f56bfc062723c751e8b465ee728b)
Start importing Assets/Baseball Bats/Assets/Textures/PC_Baseball_Bat_11_MetallicGlossiness.png using Guid(f12a60119b81f4a418438d8dc528becf) Importer(815301076,1909f56bfc062723c751e8b465ee728b)  -> (artifact id: '30ff5ead61e5fc2da15f36bf869b9301') in 0.012226 seconds 
========================================================================
Received Import Request.
  Time since last request: 0.000022 seconds.
  path: Assets/Baseball Bats/Assets/Textures/PC_Baseball_Bat_09_AmbientOcclusion.png
  artifactKey: Guid(7d954af86b36d48408d96cd75d0fe43b) Importer(815301076,1909f56bfc062723c751e8b465ee728b)
Start importing Assets/Baseball Bats/Assets/Textures/PC_Baseball_Bat_09_AmbientOcclusion.png using Guid(7d954af86b36d48408d96cd75d0fe43b) Importer(815301076,1909f56bfc062723c751e8b465ee728b)  -> (artifact id: '684cbdc601e2e836a07861521c3de951') in 0.012645 seconds 
========================================================================
Received Import Request.
  Time since last request: 0.000024 seconds.
  path: Assets/Baseball Bats/Assets/Textures/PC_Baseball_Bat_08_MetallicGlossiness.png
  artifactKey: Guid(7ee854f845aa58c4cb9ef5b323bb57ef) Importer(815301076,1909f56bfc062723c751e8b465ee728b)
Start importing Assets/Baseball Bats/Assets/Textures/PC_Baseball_Bat_08_MetallicGlossiness.png using Guid(7ee854f845aa58c4cb9ef5b323bb57ef) Importer(815301076,1909f56bfc062723c751e8b465ee728b)  -> (artifact id: '477f7787ca978e749959a41920d8f798') in 0.015739 seconds 
========================================================================
Received Import Request.
  Time since last request: 0.000019 seconds.
  path: Assets/Baseball Bats/Assets/Textures/PC_Baseball_Bat_12_AmbientOcclusion.png
  artifactKey: Guid(1d02f93433275bd4ebf1fe4e2d45ca2e) Importer(815301076,1909f56bfc062723c751e8b465ee728b)
Start importing Assets/Baseball Bats/Assets/Textures/PC_Baseball_Bat_12_AmbientOcclusion.png using Guid(1d02f93433275bd4ebf1fe4e2d45ca2e) Importer(815301076,1909f56bfc062723c751e8b465ee728b)  -> (artifact id: '6e75f4db963c5655d5e27de01c8791f9') in 0.012996 seconds 
Editor requested this worker to shutdown with reason: Scaling down because of idle timeout
AssetImportWorker is now disconnected from the server
Process exiting
Exiting without the bug reporter. Application will terminate with return code 0