Using pre-set license
Built from '2021.3/release' branch; Version is '2021.3.17f1 (3e8111cac19d) revision 4096273'; Using compiler version '192829333'; Build Type 'Release'
OS: 'Windows 10  (10.0.19045) 64bit Professional' Language: 'en' Physical Memory: 32012 MB
BatchMode: 1, IsHumanControllingUs: 0, StartBugReporterOnCrash: 0, Is64bit: 1, IsPro: 1

COMMAND LINE ARGUMENTS:
C:\Program Files\Unity\Hub\Editor\2021.3.17f1\Editor\Unity.exe
-adb2
-batchMode
-noUpm
-name
AssetImportWorker2
-projectPath
C:/Users/User/UnityProjects/Halloween Gamejam
-logFile
Logs/AssetImportWorker2.log
-srvPort
56452
Successfully changed project path to: C:/Users/User/UnityProjects/Halloween Gamejam
C:/Users/User/UnityProjects/Halloween Gamejam
[UnityMemory] Configuration Parameters - Can be set up in boot.config
    "memorysetup-bucket-allocator-granularity=16"
    "memorysetup-bucket-allocator-bucket-count=8"
    "memorysetup-bucket-allocator-block-size=33554432"
    "memorysetup-bucket-allocator-block-count=8"
    "memorysetup-main-allocator-block-size=16777216"
    "memorysetup-thread-allocator-block-size=16777216"
    "memorysetup-gfx-main-allocator-block-size=16777216"
    "memorysetup-gfx-thread-allocator-block-size=16777216"
    "memorysetup-cache-allocator-block-size=4194304"
    "memorysetup-typetree-allocator-block-size=2097152"
    "memorysetup-profiler-bucket-allocator-granularity=16"
    "memorysetup-profiler-bucket-allocator-bucket-count=8"
    "memorysetup-profiler-bucket-allocator-block-size=33554432"
    "memorysetup-profiler-bucket-allocator-block-count=8"
    "memorysetup-profiler-allocator-block-size=16777216"
    "memorysetup-profiler-editor-allocator-block-size=1048576"
    "memorysetup-temp-allocator-size-main=16777216"
    "memorysetup-job-temp-allocator-block-size=2097152"
    "memorysetup-job-temp-allocator-block-size-background=1048576"
    "memorysetup-job-temp-allocator-reduction-small-platforms=262144"
    "memorysetup-temp-allocator-size-background-worker=32768"
    "memorysetup-temp-allocator-size-job-worker=262144"
    "memorysetup-temp-allocator-size-preload-manager=33554432"
    "memorysetup-temp-allocator-size-nav-mesh-worker=65536"
    "memorysetup-temp-allocator-size-audio-worker=65536"
    "memorysetup-temp-allocator-size-cloud-worker=32768"
    "memorysetup-temp-allocator-size-gi-baking-worker=262144"
    "memorysetup-temp-allocator-size-gfx=262144"
Player connection [41448] Host "[IP] 192.168.56.1 [Port] 0 [Flags] 2 [Guid] 1980960475 [EditorId] 1980960475 [Version] 1048832 [Id] WindowsEditor(7,DESKTOP-M416NKQ) [Debug] 1 [PackageName] WindowsEditor [ProjectName] Editor" joined multi-casting on [225.0.0.222:54997]...

Player connection [41448] Host "[IP] 192.168.56.1 [Port] 0 [Flags] 2 [Guid] 1980960475 [EditorId] 1980960475 [Version] 1048832 [Id] WindowsEditor(7,DESKTOP-M416NKQ) [Debug] 1 [PackageName] WindowsEditor [ProjectName] Editor" joined alternative multi-casting on [225.0.0.222:34997]...

Refreshing native plugins compatible for Editor in 82.96 ms, found 3 plugins.
Preloading 0 native plugins for Editor in 0.00 ms.
Initialize engine version: 2021.3.17f1 (3e8111cac19d)
[Subsystems] Discovering subsystems at path C:/Program Files/Unity/Hub/Editor/2021.3.17f1/Editor/Data/Resources/UnitySubsystems
[Subsystems] Discovering subsystems at path C:/Users/User/UnityProjects/Halloween Gamejam/Assets
GfxDevice: creating device client; threaded=0; jobified=0
Direct3D:
    Version:  Direct3D 11.0 [level 11.1]
    Renderer: NVIDIA GeForce RTX 3070 Ti Laptop GPU (ID=0x24a0)
    Vendor:   NVIDIA
    VRAM:     8031 MB
    Driver:   31.0.15.2824
Initialize mono
Mono path[0] = 'C:/Program Files/Unity/Hub/Editor/2021.3.17f1/Editor/Data/Managed'
Mono path[1] = 'C:/Program Files/Unity/Hub/Editor/2021.3.17f1/Editor/Data/MonoBleedingEdge/lib/mono/unityjit-win32'
Mono config path = 'C:/Program Files/Unity/Hub/Editor/2021.3.17f1/Editor/Data/MonoBleedingEdge/etc'
Using monoOptions --debugger-agent=transport=dt_socket,embedding=1,server=y,suspend=n,address=127.0.0.1:56632
Begin MonoManager ReloadAssembly
Registering precompiled unity dll's ...
Register platform support module: C:/Program Files/Unity/Hub/Editor/2021.3.17f1/Editor/Data/PlaybackEngines/WebGLSupport/UnityEditor.WebGL.Extensions.dll
Register platform support module: C:/Program Files/Unity/Hub/Editor/2021.3.17f1/Editor/Data/PlaybackEngines/AndroidPlayer/UnityEditor.Android.Extensions.dll
Register platform support module: C:/Program Files/Unity/Hub/Editor/2021.3.17f1/Editor/Data/PlaybackEngines/iOSSupport/UnityEditor.iOS.Extensions.dll
Register platform support module: C:/Program Files/Unity/Hub/Editor/2021.3.17f1/Editor/Data/PlaybackEngines/WindowsStandaloneSupport/UnityEditor.WindowsStandalone.Extensions.dll
Registered in 0.010234 seconds.
Native extension for WindowsStandalone target not found
[usbmuxd] Start listen thread
[usbmuxd] Listen thread started
Native extension for iOS target not found
Native extension for Android target not found
Android Extension - Scanning For ADB Devices 221 ms
Native extension for WebGL target not found
Refreshing native plugins compatible for Editor in 72.39 ms, found 3 plugins.
Preloading 0 native plugins for Editor in 0.00 ms.
Mono: successfully reloaded assembly
- Completed reload, in  0.776 seconds
Domain Reload Profiling:
	ReloadAssembly (776ms)
		BeginReloadAssembly (58ms)
			ExecutionOrderSort (0ms)
			DisableScriptedObjects (0ms)
			BackupInstance (0ms)
			ReleaseScriptingObjects (0ms)
			CreateAndSetChildDomain (1ms)
		EndReloadAssembly (619ms)
			LoadAssemblies (57ms)
			RebuildTransferFunctionScriptingTraits (0ms)
			SetupTypeCache (77ms)
			ReleaseScriptCaches (0ms)
			RebuildScriptCaches (24ms)
			SetupLoadedEditorAssemblies (476ms)
				LogAssemblyErrors (0ms)
				InitializePlatformSupportModulesInManaged (297ms)
				SetLoadedEditorAssemblies (0ms)
				RefreshPlugins (72ms)
				BeforeProcessingInitializeOnLoad (1ms)
				ProcessInitializeOnLoadAttributes (71ms)
				ProcessInitializeOnLoadMethodAttributes (33ms)
				AfterProcessingInitializeOnLoad (0ms)
				EditorAssembliesLoaded (0ms)
			ExecutionOrderSort2 (0ms)
			AwakeInstancesAfterBackupRestoration (0ms)
Platform modules already initialized, skipping
Registering precompiled user dll's ...
Registered in 0.004347 seconds.
Begin MonoManager ReloadAssembly
Symbol file LoadedFromMemory doesn't match image C:\Users\User\UnityProjects\Halloween Gamejam\Library\PackageCache\com.unity.visualscripting@1.8.0\Editor\VisualScripting.Core\Dependencies\YamlDotNet\Unity.VisualScripting.YamlDotNet.dll
Symbol file LoadedFromMemory doesn't match image C:\Users\User\UnityProjects\Halloween Gamejam\Library\PackageCache\com.unity.visualscripting@1.8.0\Editor\VisualScripting.Core\Dependencies\DotNetZip\Unity.VisualScripting.IonicZip.dll
Native extension for WindowsStandalone target not found
Native extension for iOS target not found
Native extension for Android target not found
Native extension for WebGL target not found
Refreshing native plugins compatible for Editor in 72.13 ms, found 3 plugins.
Preloading 0 native plugins for Editor in 0.00 ms.
Mono: successfully reloaded assembly
- Completed reload, in  0.983 seconds
Domain Reload Profiling:
	ReloadAssembly (984ms)
		BeginReloadAssembly (88ms)
			ExecutionOrderSort (0ms)
			DisableScriptedObjects (5ms)
			BackupInstance (0ms)
			ReleaseScriptingObjects (0ms)
			CreateAndSetChildDomain (20ms)
		EndReloadAssembly (808ms)
			LoadAssemblies (65ms)
			RebuildTransferFunctionScriptingTraits (0ms)
			SetupTypeCache (207ms)
			ReleaseScriptCaches (1ms)
			RebuildScriptCaches (45ms)
			SetupLoadedEditorAssemblies (444ms)
				LogAssemblyErrors (0ms)
				InitializePlatformSupportModulesInManaged (21ms)
				SetLoadedEditorAssemblies (0ms)
				RefreshPlugins (72ms)
				BeforeProcessingInitializeOnLoad (79ms)
				ProcessInitializeOnLoadAttributes (249ms)
				ProcessInitializeOnLoadMethodAttributes (16ms)
				AfterProcessingInitializeOnLoad (6ms)
				EditorAssembliesLoaded (0ms)
			ExecutionOrderSort2 (0ms)
			AwakeInstancesAfterBackupRestoration (4ms)
Platform modules already initialized, skipping
========================================================================
Worker process is ready to serve import requests
Launched and connected shader compiler UnityShaderCompiler.exe after 0.04 seconds
Refreshing native plugins compatible for Editor in 0.90 ms, found 3 plugins.
Preloading 0 native plugins for Editor in 0.00 ms.
Unloading 3885 Unused Serialized files (Serialized files now loaded: 0)
Unloading 43 unused Assets / (184.7 KB). Loaded Objects now: 4350.
Memory consumption went from 138.7 MB to 138.5 MB.
Total: 4.471100 ms (FindLiveObjects: 0.605100 ms CreateObjectMapping: 0.184300 ms MarkObjects: 3.531900 ms  DeleteObjects: 0.149000 ms)

AssetImportParameters requested are different than current active one (requested -> active):
  custom:video-decoder-ogg-theora: a1e56fd34408186e4bbccfd4996cb3dc -> 
  custom:container-muxer-webm: aa71ff27fc2769a1b78a27578f13a17b -> 
  custom:container-demuxer-webm: 4f35f7cbe854078d1ac9338744f61a02 -> 
  custom:video-encoder-webm-vp8: eb34c28f22e8b96e1ab97ce403110664 -> 
  custom:audio-encoder-webm-vorbis: bf7c407c2cedff20999df2af8eb42d56 -> 
  custom:framework-win-MediaFoundation: 216162199b28c13a410421893ffa2e32 -> 
  custom:container-demuxer-ogg: 62fdf1f143b41e24485cea50d1cbac27 -> 
  custom:video-decoder-webm-vp8: 9c59270c3fd7afecdb556c50c9e8de78 -> 
  custom:audio-decoder-ogg-vorbis: bf7c407c2cedff20999df2af8eb42d56 -> 
========================================================================
Received Import Request.
  Time since last request: 36629.811028 seconds.
  path: Assets/Demon/Prefabs/skulptur_0001.prefab
  artifactKey: Guid(3cccd3b4d6fd678429d6568074aed45d) Importer(815301076,1909f56bfc062723c751e8b465ee728b)
Start importing Assets/Demon/Prefabs/skulptur_0001.prefab using Guid(3cccd3b4d6fd678429d6568074aed45d) Importer(815301076,1909f56bfc062723c751e8b465ee728b)  -> (artifact id: '79978a804d35682256b83c7564ac0e7e') in 0.033009 seconds 
========================================================================
Received Import Request.
  Time since last request: 58.733753 seconds.
  path: Assets/MainPrefabs
  artifactKey: Guid(5c7c1bd8b33d898408bff175473e8e20) Importer(815301076,1909f56bfc062723c751e8b465ee728b)
Start importing Assets/MainPrefabs using Guid(5c7c1bd8b33d898408bff175473e8e20) Importer(815301076,1909f56bfc062723c751e8b465ee728b)  -> (artifact id: 'eab8fb640941408b7a9ef8aa21038621') in 0.007683 seconds 
========================================================================
Received Prepare
Registering precompiled user dll's ...
Registered in 0.004029 seconds.
Begin MonoManager ReloadAssembly
Symbol file LoadedFromMemory doesn't match image C:\Users\User\UnityProjects\Halloween Gamejam\Library\PackageCache\com.unity.visualscripting@1.8.0\Editor\VisualScripting.Core\Dependencies\YamlDotNet\Unity.VisualScripting.YamlDotNet.dll
Symbol file LoadedFromMemory doesn't match image C:\Users\User\UnityProjects\Halloween Gamejam\Library\PackageCache\com.unity.visualscripting@1.8.0\Editor\VisualScripting.Core\Dependencies\DotNetZip\Unity.VisualScripting.IonicZip.dll
Native extension for WindowsStandalone target not found
Native extension for iOS target not found
Native extension for Android target not found
Native extension for WebGL target not found
Refreshing native plugins compatible for Editor in 0.80 ms, found 3 plugins.
Preloading 0 native plugins for Editor in 0.00 ms.
Mono: successfully reloaded assembly
- Completed reload, in  0.940 seconds
Domain Reload Profiling:
	ReloadAssembly (941ms)
		BeginReloadAssembly (119ms)
			ExecutionOrderSort (0ms)
			DisableScriptedObjects (4ms)
			BackupInstance (0ms)
			ReleaseScriptingObjects (0ms)
			CreateAndSetChildDomain (41ms)
		EndReloadAssembly (744ms)
			LoadAssemblies (68ms)
			RebuildTransferFunctionScriptingTraits (0ms)
			SetupTypeCache (214ms)
			ReleaseScriptCaches (1ms)
			RebuildScriptCaches (41ms)
			SetupLoadedEditorAssemblies (356ms)
				LogAssemblyErrors (0ms)
				InitializePlatformSupportModulesInManaged (28ms)
				SetLoadedEditorAssemblies (0ms)
				RefreshPlugins (1ms)
				BeforeProcessingInitializeOnLoad (60ms)
				ProcessInitializeOnLoadAttributes (241ms)
				ProcessInitializeOnLoadMethodAttributes (20ms)
				AfterProcessingInitializeOnLoad (6ms)
				EditorAssembliesLoaded (0ms)
			ExecutionOrderSort2 (0ms)
			AwakeInstancesAfterBackupRestoration (5ms)
Platform modules already initialized, skipping
Refreshing native plugins compatible for Editor in 2.73 ms, found 3 plugins.
Preloading 0 native plugins for Editor in 0.00 ms.
Unloading 3880 Unused Serialized files (Serialized files now loaded: 0)
Unloading 22 unused Assets / (151.0 KB). Loaded Objects now: 4366.
Memory consumption went from 138.1 MB to 137.9 MB.
Total: 3.112700 ms (FindLiveObjects: 0.255700 ms CreateObjectMapping: 0.251600 ms MarkObjects: 2.504600 ms  DeleteObjects: 0.099700 ms)

AssetImportParameters requested are different than current active one (requested -> active):
  custom:video-decoder-ogg-theora: a1e56fd34408186e4bbccfd4996cb3dc -> 
  custom:container-muxer-webm: aa71ff27fc2769a1b78a27578f13a17b -> 
  custom:container-demuxer-webm: 4f35f7cbe854078d1ac9338744f61a02 -> 
  custom:video-encoder-webm-vp8: eb34c28f22e8b96e1ab97ce403110664 -> 
  custom:audio-encoder-webm-vorbis: bf7c407c2cedff20999df2af8eb42d56 -> 
  custom:framework-win-MediaFoundation: 216162199b28c13a410421893ffa2e32 -> 
  custom:container-demuxer-ogg: 62fdf1f143b41e24485cea50d1cbac27 -> 
  custom:video-decoder-webm-vp8: 9c59270c3fd7afecdb556c50c9e8de78 -> 
  custom:audio-decoder-ogg-vorbis: bf7c407c2cedff20999df2af8eb42d56 -> 
========================================================================
Received Import Request.
  Time since last request: 498.140476 seconds.
  path: Assets/MainPrefabs/Building_empty.prefab
  artifactKey: Guid(befa682ad44dc804a8955f7ac494bc18) Importer(815301076,1909f56bfc062723c751e8b465ee728b)
Start importing Assets/MainPrefabs/Building_empty.prefab using Guid(befa682ad44dc804a8955f7ac494bc18) Importer(815301076,1909f56bfc062723c751e8b465ee728b)  -> (artifact id: '83d7c7a4fc7447d0b417111b2be54b86') in 0.104294 seconds 
========================================================================
Received Import Request.
  Time since last request: 34.878505 seconds.
  path: Assets/Demon/Animation
  artifactKey: Guid(8c99d2ca2cbbef343b95cb4c1148fa8d) Importer(815301076,1909f56bfc062723c751e8b465ee728b)
Start importing Assets/Demon/Animation using Guid(8c99d2ca2cbbef343b95cb4c1148fa8d) Importer(815301076,1909f56bfc062723c751e8b465ee728b)  -> (artifact id: '5eb593a9e38dde7b9b2d345d12b5f58b') in 0.007660 seconds 
========================================================================
Received Prepare
Registering precompiled user dll's ...
Registered in 0.004021 seconds.
Begin MonoManager ReloadAssembly
Symbol file LoadedFromMemory doesn't match image C:\Users\User\UnityProjects\Halloween Gamejam\Library\PackageCache\com.unity.visualscripting@1.8.0\Editor\VisualScripting.Core\Dependencies\YamlDotNet\Unity.VisualScripting.YamlDotNet.dll
Symbol file LoadedFromMemory doesn't match image C:\Users\User\UnityProjects\Halloween Gamejam\Library\PackageCache\com.unity.visualscripting@1.8.0\Editor\VisualScripting.Core\Dependencies\DotNetZip\Unity.VisualScripting.IonicZip.dll
Native extension for WindowsStandalone target not found
Native extension for iOS target not found
Native extension for Android target not found
Native extension for WebGL target not found
Refreshing native plugins compatible for Editor in 0.76 ms, found 3 plugins.
Preloading 0 native plugins for Editor in 0.00 ms.
Mono: successfully reloaded assembly
- Completed reload, in  0.923 seconds
Domain Reload Profiling:
	ReloadAssembly (924ms)
		BeginReloadAssembly (124ms)
			ExecutionOrderSort (0ms)
			DisableScriptedObjects (5ms)
			BackupInstance (0ms)
			ReleaseScriptingObjects (0ms)
			CreateAndSetChildDomain (39ms)
		EndReloadAssembly (722ms)
			LoadAssemblies (71ms)
			RebuildTransferFunctionScriptingTraits (0ms)
			SetupTypeCache (213ms)
			ReleaseScriptCaches (1ms)
			RebuildScriptCaches (43ms)
			SetupLoadedEditorAssemblies (343ms)
				LogAssemblyErrors (0ms)
				InitializePlatformSupportModulesInManaged (27ms)
				SetLoadedEditorAssemblies (0ms)
				RefreshPlugins (1ms)
				BeforeProcessingInitializeOnLoad (61ms)
				ProcessInitializeOnLoadAttributes (224ms)
				ProcessInitializeOnLoadMethodAttributes (20ms)
				AfterProcessingInitializeOnLoad (8ms)
				EditorAssembliesLoaded (0ms)
			ExecutionOrderSort2 (0ms)
			AwakeInstancesAfterBackupRestoration (6ms)
Platform modules already initialized, skipping
Refreshing native plugins compatible for Editor in 2.82 ms, found 3 plugins.
Preloading 0 native plugins for Editor in 0.00 ms.
Unloading 3879 Unused Serialized files (Serialized files now loaded: 0)
Unloading 23 unused Assets / (151.1 KB). Loaded Objects now: 4387.
Memory consumption went from 142.5 MB to 142.3 MB.
Total: 3.243500 ms (FindLiveObjects: 0.248500 ms CreateObjectMapping: 0.212400 ms MarkObjects: 2.659800 ms  DeleteObjects: 0.121900 ms)

AssetImportParameters requested are different than current active one (requested -> active):
  custom:video-decoder-ogg-theora: a1e56fd34408186e4bbccfd4996cb3dc -> 
  custom:container-muxer-webm: aa71ff27fc2769a1b78a27578f13a17b -> 
  custom:container-demuxer-webm: 4f35f7cbe854078d1ac9338744f61a02 -> 
  custom:video-encoder-webm-vp8: eb34c28f22e8b96e1ab97ce403110664 -> 
  custom:audio-encoder-webm-vorbis: bf7c407c2cedff20999df2af8eb42d56 -> 
  custom:framework-win-MediaFoundation: 216162199b28c13a410421893ffa2e32 -> 
  custom:container-demuxer-ogg: 62fdf1f143b41e24485cea50d1cbac27 -> 
  custom:video-decoder-webm-vp8: 9c59270c3fd7afecdb556c50c9e8de78 -> 
  custom:audio-decoder-ogg-vorbis: bf7c407c2cedff20999df2af8eb42d56 -> 
========================================================================
Received Import Request.
  Time since last request: 46.631865 seconds.
  path: Assets/StreetLights
  artifactKey: Guid(63973f20140319541893f5297891fc3e) Importer(815301076,1909f56bfc062723c751e8b465ee728b)
Start importing Assets/StreetLights using Guid(63973f20140319541893f5297891fc3e) Importer(815301076,1909f56bfc062723c751e8b465ee728b)  -> (artifact id: 'f30d4aab8c973561bb341092ba4e50b5') in 0.013262 seconds 
========================================================================
Received Import Request.
  Time since last request: 18.038231 seconds.
  path: Assets/MainPrefabs/StreetLights
  artifactKey: Guid(63973f20140319541893f5297891fc3e) Importer(815301076,1909f56bfc062723c751e8b465ee728b)
Start importing Assets/MainPrefabs/StreetLights using Guid(63973f20140319541893f5297891fc3e) Importer(815301076,1909f56bfc062723c751e8b465ee728b)  -> (artifact id: '37f98503c441fce2b0fb8cea0fb827f6') in 0.001855 seconds 
========================================================================
Received Import Request.
  Time since last request: 10.159701 seconds.
  path: Assets/PrefabsMain
  artifactKey: Guid(5c7c1bd8b33d898408bff175473e8e20) Importer(815301076,1909f56bfc062723c751e8b465ee728b)
Start importing Assets/PrefabsMain using Guid(5c7c1bd8b33d898408bff175473e8e20) Importer(815301076,1909f56bfc062723c751e8b465ee728b)  -> (artifact id: '4beaea4530fbac4ad5ddc26e4213be83') in 0.007853 seconds 
========================================================================
Received Import Request.
  Time since last request: 102.355465 seconds.
  path: Assets/True_Horror_Creatures
  artifactKey: Guid(9c96a4a7d5bff8e419f2235bf3ec0e8f) Importer(815301076,1909f56bfc062723c751e8b465ee728b)
Start importing Assets/True_Horror_Creatures using Guid(9c96a4a7d5bff8e419f2235bf3ec0e8f) Importer(815301076,1909f56bfc062723c751e8b465ee728b)  -> (artifact id: '9d7fd836595868639d136c84bec1bedb') in 0.008129 seconds 
========================================================================
Received Import Request.
  Time since last request: 3.498207 seconds.
  path: Assets/transformer_box
  artifactKey: Guid(02b34b8d28a8a3a4b8e14f0fe6e94d4e) Importer(815301076,1909f56bfc062723c751e8b465ee728b)
Start importing Assets/transformer_box using Guid(02b34b8d28a8a3a4b8e14f0fe6e94d4e) Importer(815301076,1909f56bfc062723c751e8b465ee728b)  -> (artifact id: '52d1d0ee88e798e21f336f28348494f6') in 0.007964 seconds 
========================================================================
Received Import Request.
  Time since last request: 20.412624 seconds.
  path: Assets/transformer_box/demo_scene.unity
  artifactKey: Guid(dd25188290477e0458810712d01003cd) Importer(815301076,1909f56bfc062723c751e8b465ee728b)
Start importing Assets/transformer_box/demo_scene.unity using Guid(dd25188290477e0458810712d01003cd) Importer(815301076,1909f56bfc062723c751e8b465ee728b)  -> (artifact id: '396b54358917aa008bc23f7862aed276') in 0.007796 seconds 
========================================================================
Received Import Request.
  Time since last request: 8.819256 seconds.
  path: Assets/transformer_box/prefab
  artifactKey: Guid(6fb6a8dcf952e484ba3ce485a6981f21) Importer(815301076,1909f56bfc062723c751e8b465ee728b)
Start importing Assets/transformer_box/prefab using Guid(6fb6a8dcf952e484ba3ce485a6981f21) Importer(815301076,1909f56bfc062723c751e8b465ee728b)  -> (artifact id: '48639cd1538f5fe05c6092835e169486') in 0.008031 seconds 
========================================================================
Received Import Request.
  Time since last request: 0.046119 seconds.
  path: Assets/transformer_box/prefab/transformer_box.prefab
  artifactKey: Guid(767597e072693b34c8f989d33b23361a) Importer(815301076,1909f56bfc062723c751e8b465ee728b)
Start importing Assets/transformer_box/prefab/transformer_box.prefab using Guid(767597e072693b34c8f989d33b23361a) Importer(815301076,1909f56bfc062723c751e8b465ee728b)  -> (artifact id: 'bd1f5a0f07a50d0648ba789e942255a9') in 0.054025 seconds 
========================================================================
Received Import Request.
  Time since last request: 23.171567 seconds.
  path: Assets/StudioNewPunch/SuitPack
  artifactKey: Guid(87214e2be75fe5843a0163d2fe456efa) Importer(815301076,1909f56bfc062723c751e8b465ee728b)
Start importing Assets/StudioNewPunch/SuitPack using Guid(87214e2be75fe5843a0163d2fe456efa) Importer(815301076,1909f56bfc062723c751e8b465ee728b)  -> (artifact id: 'f0aee7372e35f2bb371c77750a845b46') in 0.007830 seconds 
========================================================================
Received Import Request.
  Time since last request: 0.683579 seconds.
  path: Assets/StudioNewPunch/SuitPack/SuitedMan
  artifactKey: Guid(98809656ff9e58640bc7e1f0a0fb70dc) Importer(815301076,1909f56bfc062723c751e8b465ee728b)
Start importing Assets/StudioNewPunch/SuitPack/SuitedMan using Guid(98809656ff9e58640bc7e1f0a0fb70dc) Importer(815301076,1909f56bfc062723c751e8b465ee728b)  -> (artifact id: '1f057f8551d5f696b57f3b7f8661b0ad') in 0.007529 seconds 
========================================================================
Received Import Request.
  Time since last request: 1.180616 seconds.
  path: Assets/StudioNewPunch/SuitPack/SuitedMan/Prefabs
  artifactKey: Guid(b281ca45a30ec9b4ea7087e58f8040c9) Importer(815301076,1909f56bfc062723c751e8b465ee728b)
Start importing Assets/StudioNewPunch/SuitPack/SuitedMan/Prefabs using Guid(b281ca45a30ec9b4ea7087e58f8040c9) Importer(815301076,1909f56bfc062723c751e8b465ee728b)  -> (artifact id: '68e99f24b203e95cced64dd959da07d5') in 0.002052 seconds 
========================================================================
Received Import Request.
  Time since last request: 34.627958 seconds.
  path: Assets/True_Horror_Creatures/Environment
  artifactKey: Guid(137c8b7080b09b249813cb0d6f3b46b2) Importer(815301076,1909f56bfc062723c751e8b465ee728b)
Start importing Assets/True_Horror_Creatures/Environment using Guid(137c8b7080b09b249813cb0d6f3b46b2) Importer(815301076,1909f56bfc062723c751e8b465ee728b)  -> (artifact id: '005ce55c8af2675c5fd79e4608aeed4c') in 0.008529 seconds 
========================================================================
Received Import Request.
  Time since last request: 0.051931 seconds.
  path: Assets/True_Horror_Creatures/Environment/catacomb1.fbx
  artifactKey: Guid(9b6e63387d3a38847a266bcac7ab18bb) Importer(815301076,1909f56bfc062723c751e8b465ee728b)
Start importing Assets/True_Horror_Creatures/Environment/catacomb1.fbx using Guid(9b6e63387d3a38847a266bcac7ab18bb) Importer(815301076,1909f56bfc062723c751e8b465ee728b)  -> (artifact id: '3d8a3f49100ae0b554570b6fbbd75ebd') in 0.114208 seconds 
========================================================================
Received Import Request.
  Time since last request: 1.144135 seconds.
  path: Assets/True_Horror_Creatures/Environment/prefab
  artifactKey: Guid(a31a54432fd3bb546963eb39fe035df2) Importer(815301076,1909f56bfc062723c751e8b465ee728b)
Start importing Assets/True_Horror_Creatures/Environment/prefab using Guid(a31a54432fd3bb546963eb39fe035df2) Importer(815301076,1909f56bfc062723c751e8b465ee728b)  -> (artifact id: 'c013248382676b77999681dc80df96e9') in 0.001946 seconds 
========================================================================
Received Import Request.
  Time since last request: 0.058416 seconds.
  path: Assets/True_Horror_Creatures/Environment/prefab/catacomb1.prefab
  artifactKey: Guid(fb8491dca186cd64cbad770a405e2582) Importer(815301076,1909f56bfc062723c751e8b465ee728b)
Start importing Assets/True_Horror_Creatures/Environment/prefab/catacomb1.prefab using Guid(fb8491dca186cd64cbad770a405e2582) Importer(815301076,1909f56bfc062723c751e8b465ee728b)  -> (artifact id: '1aa604d6f8cebbe4206e45f6c3739165') in 0.013364 seconds 
========================================================================
Received Import Request.
  Time since last request: 45.644696 seconds.
  path: Assets/True_Horror_Creatures/Environment/Textures
  artifactKey: Guid(81e4249c169f0bf4da773360260dc51f) Importer(815301076,1909f56bfc062723c751e8b465ee728b)
Start importing Assets/True_Horror_Creatures/Environment/Textures using Guid(81e4249c169f0bf4da773360260dc51f) Importer(815301076,1909f56bfc062723c751e8b465ee728b)  -> (artifact id: '180c558adeb95dc1aa72019577004922') in 0.001896 seconds 
========================================================================
Received Prepare
Registering precompiled user dll's ...
Registered in 0.004135 seconds.
Begin MonoManager ReloadAssembly
Symbol file LoadedFromMemory doesn't match image C:\Users\User\UnityProjects\Halloween Gamejam\Library\PackageCache\com.unity.visualscripting@1.8.0\Editor\VisualScripting.Core\Dependencies\YamlDotNet\Unity.VisualScripting.YamlDotNet.dll
Symbol file LoadedFromMemory doesn't match image C:\Users\User\UnityProjects\Halloween Gamejam\Library\PackageCache\com.unity.visualscripting@1.8.0\Editor\VisualScripting.Core\Dependencies\DotNetZip\Unity.VisualScripting.IonicZip.dll
Native extension for WindowsStandalone target not found
Native extension for iOS target not found
Native extension for Android target not found
Native extension for WebGL target not found
Refreshing native plugins compatible for Editor in 0.74 ms, found 3 plugins.
Preloading 0 native plugins for Editor in 0.00 ms.
Mono: successfully reloaded assembly
- Completed reload, in  0.894 seconds
Domain Reload Profiling:
	ReloadAssembly (895ms)
		BeginReloadAssembly (118ms)
			ExecutionOrderSort (0ms)
			DisableScriptedObjects (4ms)
			BackupInstance (0ms)
			ReleaseScriptingObjects (0ms)
			CreateAndSetChildDomain (39ms)
		EndReloadAssembly (701ms)
			LoadAssemblies (68ms)
			RebuildTransferFunctionScriptingTraits (0ms)
			SetupTypeCache (214ms)
			ReleaseScriptCaches (1ms)
			RebuildScriptCaches (37ms)
			SetupLoadedEditorAssemblies (323ms)
				LogAssemblyErrors (0ms)
				InitializePlatformSupportModulesInManaged (29ms)
				SetLoadedEditorAssemblies (0ms)
				RefreshPlugins (1ms)
				BeforeProcessingInitializeOnLoad (58ms)
				ProcessInitializeOnLoadAttributes (210ms)
				ProcessInitializeOnLoadMethodAttributes (18ms)
				AfterProcessingInitializeOnLoad (6ms)
				EditorAssembliesLoaded (0ms)
			ExecutionOrderSort2 (0ms)
			AwakeInstancesAfterBackupRestoration (5ms)
Platform modules already initialized, skipping
Refreshing native plugins compatible for Editor in 1.82 ms, found 3 plugins.
Preloading 0 native plugins for Editor in 0.00 ms.
Unloading 3879 Unused Serialized files (Serialized files now loaded: 0)
Unloading 22 unused Assets / (151.0 KB). Loaded Objects now: 4405.
Memory consumption went from 142.7 MB to 142.6 MB.
Total: 2.826500 ms (FindLiveObjects: 0.233000 ms CreateObjectMapping: 0.187400 ms MarkObjects: 2.308400 ms  DeleteObjects: 0.096800 ms)

AssetImportParameters requested are different than current active one (requested -> active):
  custom:video-decoder-ogg-theora: a1e56fd34408186e4bbccfd4996cb3dc -> 
  custom:container-muxer-webm: aa71ff27fc2769a1b78a27578f13a17b -> 
  custom:container-demuxer-webm: 4f35f7cbe854078d1ac9338744f61a02 -> 
  custom:video-encoder-webm-vp8: eb34c28f22e8b96e1ab97ce403110664 -> 
  custom:audio-encoder-webm-vorbis: bf7c407c2cedff20999df2af8eb42d56 -> 
  custom:framework-win-MediaFoundation: 216162199b28c13a410421893ffa2e32 -> 
  custom:container-demuxer-ogg: 62fdf1f143b41e24485cea50d1cbac27 -> 
  custom:video-decoder-webm-vp8: 9c59270c3fd7afecdb556c50c9e8de78 -> 
  custom:audio-decoder-ogg-vorbis: bf7c407c2cedff20999df2af8eb42d56 -> 
========================================================================
Received Import Request.
  Time since last request: 144.601614 seconds.
  path: Assets/Character_nigger
  artifactKey: Guid(b95858bacbd30084a9b3caf90853ab27) Importer(815301076,1909f56bfc062723c751e8b465ee728b)
Start importing Assets/Character_nigger using Guid(b95858bacbd30084a9b3caf90853ab27) Importer(815301076,1909f56bfc062723c751e8b465ee728b)  -> (artifact id: '349a51d4444b7f71849ab1939c2e14f1') in 0.013160 seconds 
========================================================================
Received Import Request.
  Time since last request: 1584.656681 seconds.
  path: Assets/Character_nigger
  artifactKey: Guid(b95858bacbd30084a9b3caf90853ab27) Importer(815301076,1909f56bfc062723c751e8b465ee728b)
Start importing Assets/Character_nigger using Guid(b95858bacbd30084a9b3caf90853ab27) Importer(815301076,1909f56bfc062723c751e8b465ee728b)  -> (artifact id: '72a1afa17b16251fba940cb82a20b5a9') in 0.006608 seconds 
========================================================================
Received Import Request.
  Time since last request: 1.627468 seconds.
  path: Assets/Geopipe
  artifactKey: Guid(e02bec6e8a7ecdb49ad30e8980f34a64) Importer(815301076,1909f56bfc062723c751e8b465ee728b)
Start importing Assets/Geopipe using Guid(e02bec6e8a7ecdb49ad30e8980f34a64) Importer(815301076,1909f56bfc062723c751e8b465ee728b)  -> (artifact id: '3d6a9be8d18b888a9040bab2486c26b4') in 0.007405 seconds 
========================================================================
Received Import Request.
  Time since last request: 798.716849 seconds.
  path: Assets/_ApocalypticVehiclesPack
  artifactKey: Guid(ca5f8f387d4c71b4fbc18efe6fd99ddc) Importer(815301076,1909f56bfc062723c751e8b465ee728b)
Start importing Assets/_ApocalypticVehiclesPack using Guid(ca5f8f387d4c71b4fbc18efe6fd99ddc) Importer(815301076,1909f56bfc062723c751e8b465ee728b)  -> (artifact id: '30e936a4cce3bf428ac3f114a5cb0fe1') in 0.007767 seconds 
========================================================================
Received Import Request.
  Time since last request: 0.076006 seconds.
  path: Assets/_ApocalypticVehiclesPack/Bus_green.prefab
  artifactKey: Guid(8dcf1e1a9552d144db500adf60f2b638) Importer(815301076,1909f56bfc062723c751e8b465ee728b)
Start importing Assets/_ApocalypticVehiclesPack/Bus_green.prefab using Guid(8dcf1e1a9552d144db500adf60f2b638) Importer(815301076,1909f56bfc062723c751e8b465ee728b)  -> (artifact id: 'c4128027f1b00d76662b82529f2ce280') in 0.151638 seconds 
========================================================================
Received Import Request.
  Time since last request: 0.000019 seconds.
  path: Assets/_ApocalypticVehiclesPack/New Cubemap true_for_gold 1.cubemap
  artifactKey: Guid(73240d2c60cbff94488f11fe2fdfb43a) Importer(815301076,1909f56bfc062723c751e8b465ee728b)
Start importing Assets/_ApocalypticVehiclesPack/New Cubemap true_for_gold 1.cubemap using Guid(73240d2c60cbff94488f11fe2fdfb43a) Importer(815301076,1909f56bfc062723c751e8b465ee728b)  -> (artifact id: 'bd100339c871adfaa6c40f8c6b78ae6a') in 0.051102 seconds 
========================================================================
Received Import Request.
  Time since last request: 0.000032 seconds.
  path: Assets/_ApocalypticVehiclesPack/police_car.prefab
  artifactKey: Guid(6daf105ba8424cd41a3860d81b2e26f7) Importer(815301076,1909f56bfc062723c751e8b465ee728b)
Start importing Assets/_ApocalypticVehiclesPack/police_car.prefab using Guid(6daf105ba8424cd41a3860d81b2e26f7) Importer(815301076,1909f56bfc062723c751e8b465ee728b)  -> (artifact id: '5166ae21cd8abed6c9280bf7d7eaffff') in 0.115533 seconds 
========================================================================
Received Import Request.
  Time since last request: 0.000023 seconds.
  path: Assets/_ApocalypticVehiclesPack/SedanSmall.prefab
  artifactKey: Guid(3e1c2d30513cfd544a05c1ab30e40319) Importer(815301076,1909f56bfc062723c751e8b465ee728b)
Start importing Assets/_ApocalypticVehiclesPack/SedanSmall.prefab using Guid(3e1c2d30513cfd544a05c1ab30e40319) Importer(815301076,1909f56bfc062723c751e8b465ee728b)  -> (artifact id: '5307277eb29c8861731a9e9cf97c2343') in 0.027628 seconds 
========================================================================
Received Import Request.
  Time since last request: 0.000025 seconds.
  path: Assets/_ApocalypticVehiclesPack/SedanCreased.prefab
  artifactKey: Guid(6813dfbc046af774da6fb8ea765bc2df) Importer(815301076,1909f56bfc062723c751e8b465ee728b)
Start importing Assets/_ApocalypticVehiclesPack/SedanCreased.prefab using Guid(6813dfbc046af774da6fb8ea765bc2df) Importer(815301076,1909f56bfc062723c751e8b465ee728b)  -> (artifact id: '34740f61e101173ef65b34f46ececde9') in 0.023271 seconds 
========================================================================
Received Import Request.
  Time since last request: 2.560061 seconds.
  path: Assets/_ApocalypticVehiclesPack/Sedan
  artifactKey: Guid(e1b5b7dfc49d001488f3a8d3f8217013) Importer(815301076,1909f56bfc062723c751e8b465ee728b)
Start importing Assets/_ApocalypticVehiclesPack/Sedan using Guid(e1b5b7dfc49d001488f3a8d3f8217013) Importer(815301076,1909f56bfc062723c751e8b465ee728b)  -> (artifact id: '48c503747f5efbe05113b7eedafdccd3') in 0.002093 seconds 
========================================================================
Received Import Request.
  Time since last request: 0.074379 seconds.
  path: Assets/_ApocalypticVehiclesPack/Sedan/Sedan2.FBX
  artifactKey: Guid(4a47e5971bbaf5346b99987bf9d7668b) Importer(815301076,1909f56bfc062723c751e8b465ee728b)
Start importing Assets/_ApocalypticVehiclesPack/Sedan/Sedan2.FBX using Guid(4a47e5971bbaf5346b99987bf9d7668b) Importer(815301076,1909f56bfc062723c751e8b465ee728b)  -> (artifact id: '1975cf3ae4a1f62a6b06e383a11a9856') in 0.033172 seconds 
========================================================================
Received Import Request.
  Time since last request: 0.000015 seconds.
  path: Assets/_ApocalypticVehiclesPack/Sedan/sidan.FBX
  artifactKey: Guid(dadfa73e2d58c0547bcb9f96c0001488) Importer(815301076,1909f56bfc062723c751e8b465ee728b)
Start importing Assets/_ApocalypticVehiclesPack/Sedan/sidan.FBX using Guid(dadfa73e2d58c0547bcb9f96c0001488) Importer(815301076,1909f56bfc062723c751e8b465ee728b)  -> (artifact id: '1e05d07aabd67742d15aecb340200a22') in 0.025824 seconds 
========================================================================
Received Import Request.
  Time since last request: 51.859053 seconds.
  path: Assets/Assets_StorageBuilding/storage_building-2.prefab
  artifactKey: Guid(5bce9b4ac9ed5c9478f4cb1a4154b263) Importer(815301076,1909f56bfc062723c751e8b465ee728b)
Start importing Assets/Assets_StorageBuilding/storage_building-2.prefab using Guid(5bce9b4ac9ed5c9478f4cb1a4154b263) Importer(815301076,1909f56bfc062723c751e8b465ee728b)  -> (artifact id: '26209077fbb355e156b9666234c8e63a') in 0.028821 seconds 
========================================================================
Received Import Request.
  Time since last request: 165.078263 seconds.
  path: Assets/PrefabsMain/catacomb1.prefab
  artifactKey: Guid(fb8491dca186cd64cbad770a405e2582) Importer(815301076,1909f56bfc062723c751e8b465ee728b)
Start importing Assets/PrefabsMain/catacomb1.prefab using Guid(fb8491dca186cd64cbad770a405e2582) Importer(815301076,1909f56bfc062723c751e8b465ee728b)  -> (artifact id: 'd021651c5cc9a3bafc1689dc3f3bfe08') in 0.022219 seconds 
========================================================================
Received Import Request.
  Time since last request: 0.000017 seconds.
  path: Assets/PrefabsMain/transformer_box.prefab
  artifactKey: Guid(767597e072693b34c8f989d33b23361a) Importer(815301076,1909f56bfc062723c751e8b465ee728b)
Start importing Assets/PrefabsMain/transformer_box.prefab using Guid(767597e072693b34c8f989d33b23361a) Importer(815301076,1909f56bfc062723c751e8b465ee728b)  -> (artifact id: '3809c28042666f2c0752e51127fcddbb') in 0.028152 seconds 
========================================================================
Received Prepare
Registering precompiled user dll's ...
Registered in 0.004445 seconds.
Begin MonoManager ReloadAssembly
Symbol file LoadedFromMemory doesn't match image C:\Users\User\UnityProjects\Halloween Gamejam\Library\PackageCache\com.unity.visualscripting@1.8.0\Editor\VisualScripting.Core\Dependencies\YamlDotNet\Unity.VisualScripting.YamlDotNet.dll
Symbol file LoadedFromMemory doesn't match image C:\Users\User\UnityProjects\Halloween Gamejam\Library\PackageCache\com.unity.visualscripting@1.8.0\Editor\VisualScripting.Core\Dependencies\DotNetZip\Unity.VisualScripting.IonicZip.dll
Native extension for WindowsStandalone target not found
Native extension for iOS target not found
Native extension for Android target not found
Native extension for WebGL target not found
Refreshing native plugins compatible for Editor in 0.87 ms, found 3 plugins.
Preloading 0 native plugins for Editor in 0.00 ms.
Mono: successfully reloaded assembly
- Completed reload, in  0.886 seconds
Domain Reload Profiling:
	ReloadAssembly (887ms)
		BeginReloadAssembly (116ms)
			ExecutionOrderSort (0ms)
			DisableScriptedObjects (4ms)
			BackupInstance (0ms)
			ReleaseScriptingObjects (0ms)
			CreateAndSetChildDomain (40ms)
		EndReloadAssembly (695ms)
			LoadAssemblies (67ms)
			RebuildTransferFunctionScriptingTraits (0ms)
			SetupTypeCache (211ms)
			ReleaseScriptCaches (1ms)
			RebuildScriptCaches (38ms)
			SetupLoadedEditorAssemblies (327ms)
				LogAssemblyErrors (0ms)
				InitializePlatformSupportModulesInManaged (26ms)
				SetLoadedEditorAssemblies (0ms)
				RefreshPlugins (1ms)
				BeforeProcessingInitializeOnLoad (59ms)
				ProcessInitializeOnLoadAttributes (213ms)
				ProcessInitializeOnLoadMethodAttributes (21ms)
				AfterProcessingInitializeOnLoad (6ms)
				EditorAssembliesLoaded (0ms)
			ExecutionOrderSort2 (0ms)
			AwakeInstancesAfterBackupRestoration (4ms)
Platform modules already initialized, skipping
Refreshing native plugins compatible for Editor in 2.08 ms, found 3 plugins.
Preloading 0 native plugins for Editor in 0.00 ms.
Unloading 3881 Unused Serialized files (Serialized files now loaded: 0)
Unloading 23 unused Assets / (427.1 KB). Loaded Objects now: 4450.
Memory consumption went from 146.4 MB to 146.0 MB.
Total: 3.521500 ms (FindLiveObjects: 0.261100 ms CreateObjectMapping: 0.191400 ms MarkObjects: 2.827800 ms  DeleteObjects: 0.240300 ms)

AssetImportParameters requested are different than current active one (requested -> active):
  custom:video-decoder-ogg-theora: a1e56fd34408186e4bbccfd4996cb3dc -> 
  custom:container-muxer-webm: aa71ff27fc2769a1b78a27578f13a17b -> 
  custom:container-demuxer-webm: 4f35f7cbe854078d1ac9338744f61a02 -> 
  custom:video-encoder-webm-vp8: eb34c28f22e8b96e1ab97ce403110664 -> 
  custom:audio-encoder-webm-vorbis: bf7c407c2cedff20999df2af8eb42d56 -> 
  custom:framework-win-MediaFoundation: 216162199b28c13a410421893ffa2e32 -> 
  custom:container-demuxer-ogg: 62fdf1f143b41e24485cea50d1cbac27 -> 
  custom:video-decoder-webm-vp8: 9c59270c3fd7afecdb556c50c9e8de78 -> 
  custom:audio-decoder-ogg-vorbis: bf7c407c2cedff20999df2af8eb42d56 -> 
========================================================================
Received Import Request.
  Time since last request: 212.036505 seconds.
  path: Assets/Assets_StorageBuilding/Textures/ground 8.mat
  artifactKey: Guid(863804ce442f037478fb52db4a891756) Importer(815301076,1909f56bfc062723c751e8b465ee728b)
Start importing Assets/Assets_StorageBuilding/Textures/ground 8.mat using Guid(863804ce442f037478fb52db4a891756) Importer(815301076,1909f56bfc062723c751e8b465ee728b)  -> (artifact id: '1b97a8cfdf5b667dbd97e8eefacdbfc0') in 0.064251 seconds 
========================================================================
Received Prepare
Registering precompiled user dll's ...
Registered in 0.004436 seconds.
Begin MonoManager ReloadAssembly
Symbol file LoadedFromMemory doesn't match image C:\Users\User\UnityProjects\Halloween Gamejam\Library\PackageCache\com.unity.visualscripting@1.8.0\Editor\VisualScripting.Core\Dependencies\YamlDotNet\Unity.VisualScripting.YamlDotNet.dll
Symbol file LoadedFromMemory doesn't match image C:\Users\User\UnityProjects\Halloween Gamejam\Library\PackageCache\com.unity.visualscripting@1.8.0\Editor\VisualScripting.Core\Dependencies\DotNetZip\Unity.VisualScripting.IonicZip.dll
Native extension for WindowsStandalone target not found
Native extension for iOS target not found
Native extension for Android target not found
Native extension for WebGL target not found
Refreshing native plugins compatible for Editor in 0.94 ms, found 3 plugins.
Preloading 0 native plugins for Editor in 0.00 ms.
Mono: successfully reloaded assembly
- Completed reload, in  0.913 seconds
Domain Reload Profiling:
	ReloadAssembly (913ms)
		BeginReloadAssembly (122ms)
			ExecutionOrderSort (0ms)
			DisableScriptedObjects (4ms)
			BackupInstance (0ms)
			ReleaseScriptingObjects (0ms)
			CreateAndSetChildDomain (39ms)
		EndReloadAssembly (715ms)
			LoadAssemblies (72ms)
			RebuildTransferFunctionScriptingTraits (0ms)
			SetupTypeCache (215ms)
			ReleaseScriptCaches (1ms)
			RebuildScriptCaches (39ms)
			SetupLoadedEditorAssemblies (338ms)
				LogAssemblyErrors (0ms)
				InitializePlatformSupportModulesInManaged (26ms)
				SetLoadedEditorAssemblies (0ms)
				RefreshPlugins (1ms)
				BeforeProcessingInitializeOnLoad (59ms)
				ProcessInitializeOnLoadAttributes (223ms)
				ProcessInitializeOnLoadMethodAttributes (20ms)
				AfterProcessingInitializeOnLoad (8ms)
				EditorAssembliesLoaded (0ms)
			ExecutionOrderSort2 (0ms)
			AwakeInstancesAfterBackupRestoration (6ms)
Platform modules already initialized, skipping
Refreshing native plugins compatible for Editor in 2.06 ms, found 3 plugins.
Preloading 0 native plugins for Editor in 0.00 ms.
Unloading 3880 Unused Serialized files (Serialized files now loaded: 0)
Unloading 23 unused Assets / (427.0 KB). Loaded Objects now: 4475.
Memory consumption went from 146.3 MB to 145.9 MB.
Total: 3.201400 ms (FindLiveObjects: 0.277500 ms CreateObjectMapping: 0.097900 ms MarkObjects: 2.565700 ms  DeleteObjects: 0.259100 ms)

AssetImportParameters requested are different than current active one (requested -> active):
  custom:video-decoder-ogg-theora: a1e56fd34408186e4bbccfd4996cb3dc -> 
  custom:container-muxer-webm: aa71ff27fc2769a1b78a27578f13a17b -> 
  custom:container-demuxer-webm: 4f35f7cbe854078d1ac9338744f61a02 -> 
  custom:video-encoder-webm-vp8: eb34c28f22e8b96e1ab97ce403110664 -> 
  custom:audio-encoder-webm-vorbis: bf7c407c2cedff20999df2af8eb42d56 -> 
  custom:framework-win-MediaFoundation: 216162199b28c13a410421893ffa2e32 -> 
  custom:container-demuxer-ogg: 62fdf1f143b41e24485cea50d1cbac27 -> 
  custom:video-decoder-webm-vp8: 9c59270c3fd7afecdb556c50c9e8de78 -> 
  custom:audio-decoder-ogg-vorbis: bf7c407c2cedff20999df2af8eb42d56 -> 
========================================================================
Received Import Request.
  Time since last request: 144.794702 seconds.
  path: Assets/Geopipe/Pack02/NYBlock02/Models
  artifactKey: Guid(2c17994a8d78d40bdb812ce8a1409945) Importer(815301076,1909f56bfc062723c751e8b465ee728b)
Start importing Assets/Geopipe/Pack02/NYBlock02/Models using Guid(2c17994a8d78d40bdb812ce8a1409945) Importer(815301076,1909f56bfc062723c751e8b465ee728b)  -> (artifact id: '41614f729c17c015782b0175bf849d0b') in 0.007639 seconds 
========================================================================
Received Import Request.
  Time since last request: 0.433597 seconds.
  path: Assets/Geopipe/Pack02/NYBlock02/Models/building-0-0-0.dae
  artifactKey: Guid(8a240d3319ef84275a5a6dc76cb3aaa9) Importer(815301076,1909f56bfc062723c751e8b465ee728b)
Start importing Assets/Geopipe/Pack02/NYBlock02/Models/building-0-0-0.dae using Guid(8a240d3319ef84275a5a6dc76cb3aaa9) Importer(815301076,1909f56bfc062723c751e8b465ee728b)  -> (artifact id: 'e0209729d60da376bc2e62417a059e63') in 0.268813 seconds 
========================================================================
Received Import Request.
  Time since last request: 0.000023 seconds.
  path: Assets/Geopipe/Pack02/NYBlock02/Models/building-0-0-22.dae
  artifactKey: Guid(4b4519298cb214afc90a53bfe6b0c138) Importer(815301076,1909f56bfc062723c751e8b465ee728b)
Start importing Assets/Geopipe/Pack02/NYBlock02/Models/building-0-0-22.dae using Guid(4b4519298cb214afc90a53bfe6b0c138) Importer(815301076,1909f56bfc062723c751e8b465ee728b)  -> (artifact id: '6d630996f3ac83593f69f2852e13c9ab') in 0.036087 seconds 
========================================================================
Received Import Request.
  Time since last request: 0.000027 seconds.
  path: Assets/Geopipe/Pack02/NYBlock02/Models/building-0-0-45.dae
  artifactKey: Guid(d8d97bddc904c4906a817ab6602f1a7e) Importer(815301076,1909f56bfc062723c751e8b465ee728b)
Start importing Assets/Geopipe/Pack02/NYBlock02/Models/building-0-0-45.dae using Guid(d8d97bddc904c4906a817ab6602f1a7e) Importer(815301076,1909f56bfc062723c751e8b465ee728b)  -> (artifact id: 'c454f5d87ea69773cd35001310207392') in 0.033521 seconds 
========================================================================
Received Import Request.
  Time since last request: 0.000020 seconds.
  path: Assets/Geopipe/Pack02/NYBlock02/Models/building-0-0-14.dae
  artifactKey: Guid(fd26a3b6ed8fd46109adb8eb5d6f8db1) Importer(815301076,1909f56bfc062723c751e8b465ee728b)
Start importing Assets/Geopipe/Pack02/NYBlock02/Models/building-0-0-14.dae using Guid(fd26a3b6ed8fd46109adb8eb5d6f8db1) Importer(815301076,1909f56bfc062723c751e8b465ee728b)  -> (artifact id: '736fe8ecbb9fafacdb4c591814e88bf9') in 0.032485 seconds 
========================================================================
Received Import Request.
  Time since last request: 0.000021 seconds.
  path: Assets/Geopipe/Pack02/NYBlock02/Models/building-0-0-43.dae
  artifactKey: Guid(f834359f38a9a45af878155f54104a82) Importer(815301076,1909f56bfc062723c751e8b465ee728b)
Start importing Assets/Geopipe/Pack02/NYBlock02/Models/building-0-0-43.dae using Guid(f834359f38a9a45af878155f54104a82) Importer(815301076,1909f56bfc062723c751e8b465ee728b)  -> (artifact id: '463281f6411274a579463d8fecec92b8') in 0.071703 seconds 
========================================================================
Received Import Request.
  Time since last request: 0.000017 seconds.
  path: Assets/Geopipe/Pack02/NYBlock02/Models/building-0-0-36.dae
  artifactKey: Guid(b81e9d216f245452e895860e4adf0333) Importer(815301076,1909f56bfc062723c751e8b465ee728b)
Start importing Assets/Geopipe/Pack02/NYBlock02/Models/building-0-0-36.dae using Guid(b81e9d216f245452e895860e4adf0333) Importer(815301076,1909f56bfc062723c751e8b465ee728b)  -> (artifact id: 'cc87b4f2ed63aa23489a98c5a1a19104') in 0.037060 seconds 
========================================================================
Received Import Request.
  Time since last request: 0.000028 seconds.
  path: Assets/Geopipe/Pack02/NYBlock02/Models/building-0-0-12.dae
  artifactKey: Guid(b58eb4d0fb15949fdaba7493096b85e8) Importer(815301076,1909f56bfc062723c751e8b465ee728b)
Start importing Assets/Geopipe/Pack02/NYBlock02/Models/building-0-0-12.dae using Guid(b58eb4d0fb15949fdaba7493096b85e8) Importer(815301076,1909f56bfc062723c751e8b465ee728b)  -> (artifact id: '309f6157d3dfeee749696772c0957c9c') in 0.035303 seconds 
========================================================================
Received Import Request.
  Time since last request: 0.000026 seconds.
  path: Assets/Geopipe/Pack02/NYBlock02/Models/building-0-0-26.dae
  artifactKey: Guid(57b48ae6dc9c7417f8b71f50610614b6) Importer(815301076,1909f56bfc062723c751e8b465ee728b)
Start importing Assets/Geopipe/Pack02/NYBlock02/Models/building-0-0-26.dae using Guid(57b48ae6dc9c7417f8b71f50610614b6) Importer(815301076,1909f56bfc062723c751e8b465ee728b)  -> (artifact id: '36d58432328925b8889ccc1d4f2dabad') in 0.036877 seconds 
========================================================================
Received Import Request.
  Time since last request: 0.000030 seconds.
  path: Assets/Geopipe/Pack02/NYBlock02/Models/building-0-0-18.dae
  artifactKey: Guid(eb14e4a7216df49dd9f9de44cf1f1f3c) Importer(815301076,1909f56bfc062723c751e8b465ee728b)
Start importing Assets/Geopipe/Pack02/NYBlock02/Models/building-0-0-18.dae using Guid(eb14e4a7216df49dd9f9de44cf1f1f3c) Importer(815301076,1909f56bfc062723c751e8b465ee728b)  -> (artifact id: '5d6eed3540cdfc235386adc3b9bc8b4b') in 0.034452 seconds 
========================================================================
Received Import Request.
  Time since last request: 0.000024 seconds.
  path: Assets/Geopipe/Pack02/NYBlock02/Models/building-0-0-48.dae
  artifactKey: Guid(14170778936604d06ac76bcc8852c8b3) Importer(815301076,1909f56bfc062723c751e8b465ee728b)
Start importing Assets/Geopipe/Pack02/NYBlock02/Models/building-0-0-48.dae using Guid(14170778936604d06ac76bcc8852c8b3) Importer(815301076,1909f56bfc062723c751e8b465ee728b)  -> (artifact id: 'aae7bb5b9dccb1698a2ceb976f9ef690') in 0.032805 seconds 
========================================================================
Received Import Request.
  Time since last request: 0.000022 seconds.
  path: Assets/Geopipe/Pack02/NYBlock02/Models/building-0-0-39.dae
  artifactKey: Guid(ccde502de6ef049b0916276dddfd7166) Importer(815301076,1909f56bfc062723c751e8b465ee728b)
Start importing Assets/Geopipe/Pack02/NYBlock02/Models/building-0-0-39.dae using Guid(ccde502de6ef049b0916276dddfd7166) Importer(815301076,1909f56bfc062723c751e8b465ee728b)  -> (artifact id: '83c4c175e2b7099995a75fdd286a4680') in 0.037648 seconds 
========================================================================
Received Import Request.
  Time since last request: 0.000026 seconds.
  path: Assets/Geopipe/Pack02/NYBlock02/Models/building-0-0-15.dae
  artifactKey: Guid(f94007e796a224287852adfb04a0a59d) Importer(815301076,1909f56bfc062723c751e8b465ee728b)
Start importing Assets/Geopipe/Pack02/NYBlock02/Models/building-0-0-15.dae using Guid(f94007e796a224287852adfb04a0a59d) Importer(815301076,1909f56bfc062723c751e8b465ee728b)  -> (artifact id: '1ad1b39a7076a5af9a81235d247aa032') in 0.031437 seconds 
========================================================================
Received Import Request.
  Time since last request: 0.000018 seconds.
  path: Assets/Geopipe/Pack02/NYBlock02/Models/building-0-0-46.dae
  artifactKey: Guid(bd8261b9de5514a85a66cf9af46db706) Importer(815301076,1909f56bfc062723c751e8b465ee728b)
Start importing Assets/Geopipe/Pack02/NYBlock02/Models/building-0-0-46.dae using Guid(bd8261b9de5514a85a66cf9af46db706) Importer(815301076,1909f56bfc062723c751e8b465ee728b)  -> (artifact id: 'd383850f8b037fae0549e1e327c7bd31') in 0.032602 seconds 
========================================================================
Received Import Request.
  Time since last request: 0.000019 seconds.
  path: Assets/Geopipe/Pack02/NYBlock02/Models/building-0-0-8.dae
  artifactKey: Guid(14dd06b5e8f6245c1bf82b18e72d55e7) Importer(815301076,1909f56bfc062723c751e8b465ee728b)
Start importing Assets/Geopipe/Pack02/NYBlock02/Models/building-0-0-8.dae using Guid(14dd06b5e8f6245c1bf82b18e72d55e7) Importer(815301076,1909f56bfc062723c751e8b465ee728b)  -> (artifact id: '5c806a4a7be1332af94b4a65e94232dc') in 0.036134 seconds 
========================================================================
Received Import Request.
  Time since last request: 0.000029 seconds.
  path: Assets/Geopipe/Pack02/NYBlock02/Models/building-0-0-28.dae
  artifactKey: Guid(3dd4aaeecd607456cbe205a58a31a78d) Importer(815301076,1909f56bfc062723c751e8b465ee728b)
Start importing Assets/Geopipe/Pack02/NYBlock02/Models/building-0-0-28.dae using Guid(3dd4aaeecd607456cbe205a58a31a78d) Importer(815301076,1909f56bfc062723c751e8b465ee728b)  -> (artifact id: '10fd5eab4ae43fa51d559504fc132941') in 0.031489 seconds 
========================================================================
Received Import Request.
  Time since last request: 0.000028 seconds.
  path: Assets/Geopipe/Pack02/NYBlock02/Models/building-0-0-1.dae
  artifactKey: Guid(ae4f0b98dd95e42029e727c459e4d9a4) Importer(815301076,1909f56bfc062723c751e8b465ee728b)
Start importing Assets/Geopipe/Pack02/NYBlock02/Models/building-0-0-1.dae using Guid(ae4f0b98dd95e42029e727c459e4d9a4) Importer(815301076,1909f56bfc062723c751e8b465ee728b)  -> (artifact id: 'ae42aaf9d440081927fbc9f68e82f2b0') in 0.031200 seconds 
========================================================================
Received Import Request.
  Time since last request: 0.000022 seconds.
  path: Assets/Geopipe/Pack02/NYBlock02/Models/building-0-0-13.dae
  artifactKey: Guid(ad9e6b1367e8b45dd8d9cca275705c9e) Importer(815301076,1909f56bfc062723c751e8b465ee728b)
Start importing Assets/Geopipe/Pack02/NYBlock02/Models/building-0-0-13.dae using Guid(ad9e6b1367e8b45dd8d9cca275705c9e) Importer(815301076,1909f56bfc062723c751e8b465ee728b)  -> (artifact id: '53ac5f05e65b3a90e9aa8e67db9a509c') in 0.034255 seconds 
========================================================================
Received Import Request.
  Time since last request: 0.000028 seconds.
  path: Assets/Geopipe/Pack02/NYBlock02/Models/building-0-0-38.dae
  artifactKey: Guid(04e97d831c61f4214972be3ee888096b) Importer(815301076,1909f56bfc062723c751e8b465ee728b)
Start importing Assets/Geopipe/Pack02/NYBlock02/Models/building-0-0-38.dae using Guid(04e97d831c61f4214972be3ee888096b) Importer(815301076,1909f56bfc062723c751e8b465ee728b)  -> (artifact id: '0dfec521513fb6205db78f9b4f16fa62') in 0.037201 seconds 
========================================================================
Received Import Request.
  Time since last request: 0.000030 seconds.
  path: Assets/Geopipe/Pack02/NYBlock02/Models/building-0-0-52.dae
  artifactKey: Guid(de0d54eddebfc4108a344a4391c0338e) Importer(815301076,1909f56bfc062723c751e8b465ee728b)
Start importing Assets/Geopipe/Pack02/NYBlock02/Models/building-0-0-52.dae using Guid(de0d54eddebfc4108a344a4391c0338e) Importer(815301076,1909f56bfc062723c751e8b465ee728b)  -> (artifact id: 'a8f3f721937de771298484d03f621ab8') in 0.036816 seconds 
========================================================================
Received Import Request.
  Time since last request: 0.000021 seconds.
  path: Assets/Geopipe/Pack02/NYBlock02/Models/building-0-0-10.dae
  artifactKey: Guid(5824ae6878998415fbb56ec161fe7a28) Importer(815301076,1909f56bfc062723c751e8b465ee728b)
Start importing Assets/Geopipe/Pack02/NYBlock02/Models/building-0-0-10.dae using Guid(5824ae6878998415fbb56ec161fe7a28) Importer(815301076,1909f56bfc062723c751e8b465ee728b)  -> (artifact id: 'b0b62b51802dfe57e23c902798e4e2b7') in 0.036532 seconds 
========================================================================
Received Import Request.
  Time since last request: 0.000018 seconds.
  path: Assets/Geopipe/Pack02/NYBlock02/Models/building-0-0-20.dae
  artifactKey: Guid(7a46dbf581d10480fa208a333d775079) Importer(815301076,1909f56bfc062723c751e8b465ee728b)
Start importing Assets/Geopipe/Pack02/NYBlock02/Models/building-0-0-20.dae using Guid(7a46dbf581d10480fa208a333d775079) Importer(815301076,1909f56bfc062723c751e8b465ee728b)  -> (artifact id: '073a5938ee3e1f60ef93767b3c2c7361') in 0.035501 seconds 
========================================================================
Received Import Request.
  Time since last request: 0.000019 seconds.
  path: Assets/Geopipe/Pack02/NYBlock02/Models/building-0-0-31.dae
  artifactKey: Guid(5eabe0413eae644598e209f8d0bb8f10) Importer(815301076,1909f56bfc062723c751e8b465ee728b)
Start importing Assets/Geopipe/Pack02/NYBlock02/Models/building-0-0-31.dae using Guid(5eabe0413eae644598e209f8d0bb8f10) Importer(815301076,1909f56bfc062723c751e8b465ee728b)  -> (artifact id: '12b59423c88c0794a289b323e68420fd') in 0.034819 seconds 
========================================================================
Received Import Request.
  Time since last request: 0.000026 seconds.
  path: Assets/Geopipe/Pack02/NYBlock02/Models/building-0-0-35.dae
  artifactKey: Guid(26d1e94b72b614114873199c4c3792f2) Importer(815301076,1909f56bfc062723c751e8b465ee728b)
Start importing Assets/Geopipe/Pack02/NYBlock02/Models/building-0-0-35.dae using Guid(26d1e94b72b614114873199c4c3792f2) Importer(815301076,1909f56bfc062723c751e8b465ee728b)  -> (artifact id: '948ddef324d24a940463ede9273117dd') in 0.037054 seconds 
========================================================================
Received Import Request.
  Time since last request: 0.000021 seconds.
  path: Assets/Geopipe/Pack02/NYBlock02/Models/building-0-0-47.dae
  artifactKey: Guid(52bb4fb61fbc84a43a3c4dae031089e3) Importer(815301076,1909f56bfc062723c751e8b465ee728b)
Start importing Assets/Geopipe/Pack02/NYBlock02/Models/building-0-0-47.dae using Guid(52bb4fb61fbc84a43a3c4dae031089e3) Importer(815301076,1909f56bfc062723c751e8b465ee728b)  -> (artifact id: '6cee402b7409f10e372297c7e7117af4') in 0.036656 seconds 
========================================================================
Received Import Request.
  Time since last request: 0.000018 seconds.
  path: Assets/Geopipe/Pack02/NYBlock02/Models/building-0-0-30.dae
  artifactKey: Guid(e1fa7b36ef8754273ab423366e310855) Importer(815301076,1909f56bfc062723c751e8b465ee728b)
Start importing Assets/Geopipe/Pack02/NYBlock02/Models/building-0-0-30.dae using Guid(e1fa7b36ef8754273ab423366e310855) Importer(815301076,1909f56bfc062723c751e8b465ee728b)  -> (artifact id: '74a25d650d312bb12fde637469014f56') in 0.032515 seconds 
========================================================================
Received Import Request.
  Time since last request: 0.000016 seconds.
  path: Assets/Geopipe/Pack02/NYBlock02/Models/building-0-0-11.dae
  artifactKey: Guid(a60bb09dbbcb843ad84f5b91982d9392) Importer(815301076,1909f56bfc062723c751e8b465ee728b)
Start importing Assets/Geopipe/Pack02/NYBlock02/Models/building-0-0-11.dae using Guid(a60bb09dbbcb843ad84f5b91982d9392) Importer(815301076,1909f56bfc062723c751e8b465ee728b)  -> (artifact id: '6e3f25f4fab88526dbf12720b64168b8') in 0.023770 seconds 
========================================================================
Received Import Request.
  Time since last request: 0.000016 seconds.
  path: Assets/Geopipe/Pack02/NYBlock02/Models/building-0-0-34.dae
  artifactKey: Guid(0839b6020a651403bbd477b655850a0b) Importer(815301076,1909f56bfc062723c751e8b465ee728b)
Start importing Assets/Geopipe/Pack02/NYBlock02/Models/building-0-0-34.dae using Guid(0839b6020a651403bbd477b655850a0b) Importer(815301076,1909f56bfc062723c751e8b465ee728b)  -> (artifact id: '8ed4e520744eb0602f5835aad228a74c') in 0.052888 seconds 
========================================================================
Received Import Request.
  Time since last request: 0.000023 seconds.
  path: Assets/Geopipe/Pack02/NYBlock02/Models/building-0-0-29.dae
  artifactKey: Guid(cc38f7fdecf444d44b8bd43305e36683) Importer(815301076,1909f56bfc062723c751e8b465ee728b)
Start importing Assets/Geopipe/Pack02/NYBlock02/Models/building-0-0-29.dae using Guid(cc38f7fdecf444d44b8bd43305e36683) Importer(815301076,1909f56bfc062723c751e8b465ee728b)  -> (artifact id: 'e23f0f7e76c1e1e6def3ad08fa901a60') in 0.024690 seconds 
========================================================================
Received Import Request.
  Time since last request: 0.000020 seconds.
  path: Assets/Geopipe/Pack02/NYBlock02/Models/building-0-0-32.dae
  artifactKey: Guid(bc2359ee0c6934c4e98b607a45ea8d0c) Importer(815301076,1909f56bfc062723c751e8b465ee728b)
Start importing Assets/Geopipe/Pack02/NYBlock02/Models/building-0-0-32.dae using Guid(bc2359ee0c6934c4e98b607a45ea8d0c) Importer(815301076,1909f56bfc062723c751e8b465ee728b)  -> (artifact id: 'd8470f0271c3a068e399b45da9a924a4') in 0.035029 seconds 
========================================================================
Received Import Request.
  Time since last request: 0.000035 seconds.
  path: Assets/Geopipe/Pack02/NYBlock02/Models/building-0-0-40.dae
  artifactKey: Guid(badcdd213076346b797c1e1abd1244e6) Importer(815301076,1909f56bfc062723c751e8b465ee728b)
Start importing Assets/Geopipe/Pack02/NYBlock02/Models/building-0-0-40.dae using Guid(badcdd213076346b797c1e1abd1244e6) Importer(815301076,1909f56bfc062723c751e8b465ee728b)  -> (artifact id: '9a35fc6a54f58a89db98a5c91836d0c0') in 0.037787 seconds 
========================================================================
Received Import Request.
  Time since last request: 0.000020 seconds.
  path: Assets/Geopipe/Pack02/NYBlock02/Models/building-0-0-6.dae
  artifactKey: Guid(2ef51cf0f44c345f084aa315e97910e9) Importer(815301076,1909f56bfc062723c751e8b465ee728b)
Start importing Assets/Geopipe/Pack02/NYBlock02/Models/building-0-0-6.dae using Guid(2ef51cf0f44c345f084aa315e97910e9) Importer(815301076,1909f56bfc062723c751e8b465ee728b)  -> (artifact id: 'def6300ba5ee81c70f8a4d8683c41a9c') in 0.032161 seconds 
========================================================================
Received Import Request.
  Time since last request: 0.000022 seconds.
  path: Assets/Geopipe/Pack02/NYBlock02/Models/building-0-0-19.dae
  artifactKey: Guid(55cd0400c0e3440209dfba29de0b9bdc) Importer(815301076,1909f56bfc062723c751e8b465ee728b)
Start importing Assets/Geopipe/Pack02/NYBlock02/Models/building-0-0-19.dae using Guid(55cd0400c0e3440209dfba29de0b9bdc) Importer(815301076,1909f56bfc062723c751e8b465ee728b)  -> (artifact id: '39b6d6e3dd35b3889cbcd8c424f95a98') in 0.034319 seconds 
========================================================================
Received Import Request.
  Time since last request: 0.000019 seconds.
  path: Assets/Geopipe/Pack02/NYBlock02/Models/building-0-0-17.dae
  artifactKey: Guid(c06663ab4c16f40e19beb427c1d2c95f) Importer(815301076,1909f56bfc062723c751e8b465ee728b)
Start importing Assets/Geopipe/Pack02/NYBlock02/Models/building-0-0-17.dae using Guid(c06663ab4c16f40e19beb427c1d2c95f) Importer(815301076,1909f56bfc062723c751e8b465ee728b)  -> (artifact id: 'ed089fcbe736b1240567ece98d6c8c74') in 0.042848 seconds 
========================================================================
Received Import Request.
  Time since last request: 0.000017 seconds.
  path: Assets/Geopipe/Pack02/NYBlock02/Models/building-0-0-49.dae
  artifactKey: Guid(faabd9ccec3534d0db770db064ac5b45) Importer(815301076,1909f56bfc062723c751e8b465ee728b)
Start importing Assets/Geopipe/Pack02/NYBlock02/Models/building-0-0-49.dae using Guid(faabd9ccec3534d0db770db064ac5b45) Importer(815301076,1909f56bfc062723c751e8b465ee728b)  -> (artifact id: '30a95ec9835272f68bf9b518f0242f80') in 0.032478 seconds 
========================================================================
Received Import Request.
  Time since last request: 0.000020 seconds.
  path: Assets/Geopipe/Pack02/NYBlock02/Models/building-0-0-37.dae
  artifactKey: Guid(1cf02981f09c64464a3ba35650c86a87) Importer(815301076,1909f56bfc062723c751e8b465ee728b)
Start importing Assets/Geopipe/Pack02/NYBlock02/Models/building-0-0-37.dae using Guid(1cf02981f09c64464a3ba35650c86a87) Importer(815301076,1909f56bfc062723c751e8b465ee728b)  -> (artifact id: '08f71bddf528d7c838c68b832747b32e') in 0.023946 seconds 
========================================================================
Received Import Request.
  Time since last request: 0.000031 seconds.
  path: Assets/Geopipe/Pack02/NYBlock02/Models/building-0-0-51.dae
  artifactKey: Guid(6139312d93ee04073a599b725b5f8e11) Importer(815301076,1909f56bfc062723c751e8b465ee728b)
Start importing Assets/Geopipe/Pack02/NYBlock02/Models/building-0-0-51.dae using Guid(6139312d93ee04073a599b725b5f8e11) Importer(815301076,1909f56bfc062723c751e8b465ee728b)  -> (artifact id: 'd9c3356b7f601a1dff1d0b6859714ec6') in 0.038176 seconds 
========================================================================
Received Import Request.
  Time since last request: 0.000016 seconds.
  path: Assets/Geopipe/Pack02/NYBlock02/Models/building-0-0-21.dae
  artifactKey: Guid(c772ef9cfcab54b958ad62ce835e221d) Importer(815301076,1909f56bfc062723c751e8b465ee728b)
Start importing Assets/Geopipe/Pack02/NYBlock02/Models/building-0-0-21.dae using Guid(c772ef9cfcab54b958ad62ce835e221d) Importer(815301076,1909f56bfc062723c751e8b465ee728b)  -> (artifact id: '6481722ed691d74448fd294fc284ddd6') in 0.036522 seconds 
========================================================================
Received Import Request.
  Time since last request: 0.000018 seconds.
  path: Assets/Geopipe/Pack02/NYBlock02/Models/building-0-0-41.dae
  artifactKey: Guid(36df956440547479e9a7f2c1c9d3fb58) Importer(815301076,1909f56bfc062723c751e8b465ee728b)
Start importing Assets/Geopipe/Pack02/NYBlock02/Models/building-0-0-41.dae using Guid(36df956440547479e9a7f2c1c9d3fb58) Importer(815301076,1909f56bfc062723c751e8b465ee728b)  -> (artifact id: 'fff565cc99aba91369f55a68d1cf5fa0') in 0.042438 seconds 
========================================================================
Received Import Request.
  Time since last request: 0.000018 seconds.
  path: Assets/Geopipe/Pack02/NYBlock02/Models/building-0-0-24.dae
  artifactKey: Guid(a7cf67d1f77844fc19e3517979d2725d) Importer(815301076,1909f56bfc062723c751e8b465ee728b)
Start importing Assets/Geopipe/Pack02/NYBlock02/Models/building-0-0-24.dae using Guid(a7cf67d1f77844fc19e3517979d2725d) Importer(815301076,1909f56bfc062723c751e8b465ee728b)  -> (artifact id: '55fd3499aba80da62cb0d58e09f0f443') in 0.035479 seconds 
========================================================================
Received Import Request.
  Time since last request: 0.000024 seconds.
  path: Assets/Geopipe/Pack02/NYBlock02/Models/building-0-0-4.dae
  artifactKey: Guid(662ff072ea58e4345ae2b242ce042b4c) Importer(815301076,1909f56bfc062723c751e8b465ee728b)
Start importing Assets/Geopipe/Pack02/NYBlock02/Models/building-0-0-4.dae using Guid(662ff072ea58e4345ae2b242ce042b4c) Importer(815301076,1909f56bfc062723c751e8b465ee728b)  -> (artifact id: 'e4fb085bc8aaac5ed07d46ba82bd4d90') in 0.037126 seconds 
========================================================================
Received Import Request.
  Time since last request: 0.000023 seconds.
  path: Assets/Geopipe/Pack02/NYBlock02/Models/building-0-0-9.dae
  artifactKey: Guid(6ccd66586e0304bf8935e3a881a12c1e) Importer(815301076,1909f56bfc062723c751e8b465ee728b)
Start importing Assets/Geopipe/Pack02/NYBlock02/Models/building-0-0-9.dae using Guid(6ccd66586e0304bf8935e3a881a12c1e) Importer(815301076,1909f56bfc062723c751e8b465ee728b)  -> (artifact id: '2e6b50b58c1fd9f2ac26a1c9ba62442b') in 0.035983 seconds 
========================================================================
Received Import Request.
  Time since last request: 0.000029 seconds.
  path: Assets/Geopipe/Pack02/NYBlock02/Models/building-0-0-5.dae
  artifactKey: Guid(dedbb8f4245154903a07d36fc5be046c) Importer(815301076,1909f56bfc062723c751e8b465ee728b)
Start importing Assets/Geopipe/Pack02/NYBlock02/Models/building-0-0-5.dae using Guid(dedbb8f4245154903a07d36fc5be046c) Importer(815301076,1909f56bfc062723c751e8b465ee728b)  -> (artifact id: '11535a791e0855cd6e5f1dbf113b7739') in 0.030767 seconds 
Editor requested this worker to shutdown with reason: Scaling down because of idle timeout
AssetImportWorker is now disconnected from the server
Process exiting
Exiting without the bug reporter. Application will terminate with return code 0