Using pre-set license
Built from '2021.3/release' branch; Version is '2021.3.17f1 (3e8111cac19d) revision 4096273'; Using compiler version '192829333'; Build Type 'Release'
OS: 'Windows 10  (10.0.19045) 64bit Professional' Language: 'en' Physical Memory: 32012 MB
BatchMode: 1, IsHumanControllingUs: 0, StartBugReporterOnCrash: 0, Is64bit: 1, IsPro: 1

COMMAND LINE ARGUMENTS:
C:\Program Files\Unity\Hub\Editor\2021.3.17f1\Editor\Unity.exe
-adb2
-batchMode
-noUpm
-name
AssetImportWorker0
-projectPath
C:/Users/User/UnityProjects/Halloween Gamejam
-logFile
Logs/AssetImportWorker0.log
-srvPort
61395
Successfully changed project path to: C:/Users/User/UnityProjects/Halloween Gamejam
C:/Users/User/UnityProjects/Halloween Gamejam
[UnityMemory] Configuration Parameters - Can be set up in boot.config
    "memorysetup-bucket-allocator-granularity=16"
    "memorysetup-bucket-allocator-bucket-count=8"
    "memorysetup-bucket-allocator-block-size=33554432"
    "memorysetup-bucket-allocator-block-count=8"
    "memorysetup-main-allocator-block-size=16777216"
    "memorysetup-thread-allocator-block-size=16777216"
    "memorysetup-gfx-main-allocator-block-size=16777216"
    "memorysetup-gfx-thread-allocator-block-size=16777216"
    "memorysetup-cache-allocator-block-size=4194304"
    "memorysetup-typetree-allocator-block-size=2097152"
    "memorysetup-profiler-bucket-allocator-granularity=16"
    "memorysetup-profiler-bucket-allocator-bucket-count=8"
    "memorysetup-profiler-bucket-allocator-block-size=33554432"
    "memorysetup-profiler-bucket-allocator-block-count=8"
    "memorysetup-profiler-allocator-block-size=16777216"
    "memorysetup-profiler-editor-allocator-block-size=1048576"
    "memorysetup-temp-allocator-size-main=16777216"
    "memorysetup-job-temp-allocator-block-size=2097152"
    "memorysetup-job-temp-allocator-block-size-background=1048576"
    "memorysetup-job-temp-allocator-reduction-small-platforms=262144"
    "memorysetup-temp-allocator-size-background-worker=32768"
    "memorysetup-temp-allocator-size-job-worker=262144"
    "memorysetup-temp-allocator-size-preload-manager=33554432"
    "memorysetup-temp-allocator-size-nav-mesh-worker=65536"
    "memorysetup-temp-allocator-size-audio-worker=65536"
    "memorysetup-temp-allocator-size-cloud-worker=32768"
    "memorysetup-temp-allocator-size-gi-baking-worker=262144"
    "memorysetup-temp-allocator-size-gfx=262144"
Player connection [9872] Host "[IP] 192.168.56.1 [Port] 0 [Flags] 2 [Guid] 1951527052 [EditorId] 1951527052 [Version] 1048832 [Id] WindowsEditor(7,DESKTOP-M416NKQ) [Debug] 1 [PackageName] WindowsEditor [ProjectName] Editor" joined multi-casting on [225.0.0.222:54997]...

Player connection [9872] Host "[IP] 192.168.56.1 [Port] 0 [Flags] 2 [Guid] 1951527052 [EditorId] 1951527052 [Version] 1048832 [Id] WindowsEditor(7,DESKTOP-M416NKQ) [Debug] 1 [PackageName] WindowsEditor [ProjectName] Editor" joined alternative multi-casting on [225.0.0.222:34997]...

Refreshing native plugins compatible for Editor in 81.60 ms, found 3 plugins.
Preloading 0 native plugins for Editor in 0.00 ms.
Initialize engine version: 2021.3.17f1 (3e8111cac19d)
[Subsystems] Discovering subsystems at path C:/Program Files/Unity/Hub/Editor/2021.3.17f1/Editor/Data/Resources/UnitySubsystems
[Subsystems] Discovering subsystems at path C:/Users/User/UnityProjects/Halloween Gamejam/Assets
GfxDevice: creating device client; threaded=0; jobified=0
Direct3D:
    Version:  Direct3D 11.0 [level 11.1]
    Renderer: NVIDIA GeForce RTX 3070 Ti Laptop GPU (ID=0x24a0)
    Vendor:   NVIDIA
    VRAM:     8031 MB
    Driver:   31.0.15.2824
Initialize mono
Mono path[0] = 'C:/Program Files/Unity/Hub/Editor/2021.3.17f1/Editor/Data/Managed'
Mono path[1] = 'C:/Program Files/Unity/Hub/Editor/2021.3.17f1/Editor/Data/MonoBleedingEdge/lib/mono/unityjit-win32'
Mono config path = 'C:/Program Files/Unity/Hub/Editor/2021.3.17f1/Editor/Data/MonoBleedingEdge/etc'
Using monoOptions --debugger-agent=transport=dt_socket,embedding=1,server=y,suspend=n,address=127.0.0.1:56508
Begin MonoManager ReloadAssembly
Registering precompiled unity dll's ...
Register platform support module: C:/Program Files/Unity/Hub/Editor/2021.3.17f1/Editor/Data/PlaybackEngines/WebGLSupport/UnityEditor.WebGL.Extensions.dll
Register platform support module: C:/Program Files/Unity/Hub/Editor/2021.3.17f1/Editor/Data/PlaybackEngines/AndroidPlayer/UnityEditor.Android.Extensions.dll
Register platform support module: C:/Program Files/Unity/Hub/Editor/2021.3.17f1/Editor/Data/PlaybackEngines/iOSSupport/UnityEditor.iOS.Extensions.dll
Register platform support module: C:/Program Files/Unity/Hub/Editor/2021.3.17f1/Editor/Data/PlaybackEngines/WindowsStandaloneSupport/UnityEditor.WindowsStandalone.Extensions.dll
Registered in 0.008417 seconds.
Native extension for WindowsStandalone target not found
[usbmuxd] Start listen thread
[usbmuxd] Listen thread started
Native extension for iOS target not found
Native extension for Android target not found
Android Extension - Scanning For ADB Devices 261 ms
Native extension for WebGL target not found
Refreshing native plugins compatible for Editor in 101.67 ms, found 3 plugins.
Preloading 0 native plugins for Editor in 0.00 ms.
Mono: successfully reloaded assembly
- Completed reload, in  0.911 seconds
Domain Reload Profiling:
	ReloadAssembly (912ms)
		BeginReloadAssembly (64ms)
			ExecutionOrderSort (0ms)
			DisableScriptedObjects (0ms)
			BackupInstance (0ms)
			ReleaseScriptingObjects (0ms)
			CreateAndSetChildDomain (1ms)
		EndReloadAssembly (747ms)
			LoadAssemblies (62ms)
			RebuildTransferFunctionScriptingTraits (0ms)
			SetupTypeCache (95ms)
			ReleaseScriptCaches (0ms)
			RebuildScriptCaches (23ms)
			SetupLoadedEditorAssemblies (584ms)
				LogAssemblyErrors (0ms)
				InitializePlatformSupportModulesInManaged (339ms)
				SetLoadedEditorAssemblies (0ms)
				RefreshPlugins (102ms)
				BeforeProcessingInitializeOnLoad (1ms)
				ProcessInitializeOnLoadAttributes (93ms)
				ProcessInitializeOnLoadMethodAttributes (48ms)
				AfterProcessingInitializeOnLoad (0ms)
				EditorAssembliesLoaded (0ms)
			ExecutionOrderSort2 (0ms)
			AwakeInstancesAfterBackupRestoration (0ms)
Platform modules already initialized, skipping
Registering precompiled user dll's ...
Registered in 0.005697 seconds.
Begin MonoManager ReloadAssembly
Symbol file LoadedFromMemory doesn't match image C:\Users\User\UnityProjects\Halloween Gamejam\Library\PackageCache\com.unity.visualscripting@1.8.0\Editor\VisualScripting.Core\Dependencies\YamlDotNet\Unity.VisualScripting.YamlDotNet.dll
Symbol file LoadedFromMemory doesn't match image C:\Users\User\UnityProjects\Halloween Gamejam\Library\PackageCache\com.unity.visualscripting@1.8.0\Editor\VisualScripting.Core\Dependencies\DotNetZip\Unity.VisualScripting.IonicZip.dll
Native extension for WindowsStandalone target not found
Native extension for iOS target not found
Native extension for Android target not found
Native extension for WebGL target not found
Refreshing native plugins compatible for Editor in 86.97 ms, found 3 plugins.
Preloading 0 native plugins for Editor in 0.00 ms.
Mono: successfully reloaded assembly
- Completed reload, in  1.082 seconds
Domain Reload Profiling:
	ReloadAssembly (1083ms)
		BeginReloadAssembly (99ms)
			ExecutionOrderSort (0ms)
			DisableScriptedObjects (5ms)
			BackupInstance (0ms)
			ReleaseScriptingObjects (0ms)
			CreateAndSetChildDomain (21ms)
		EndReloadAssembly (893ms)
			LoadAssemblies (70ms)
			RebuildTransferFunctionScriptingTraits (0ms)
			SetupTypeCache (220ms)
			ReleaseScriptCaches (1ms)
			RebuildScriptCaches (50ms)
			SetupLoadedEditorAssemblies (505ms)
				LogAssemblyErrors (0ms)
				InitializePlatformSupportModulesInManaged (22ms)
				SetLoadedEditorAssemblies (0ms)
				RefreshPlugins (87ms)
				BeforeProcessingInitializeOnLoad (100ms)
				ProcessInitializeOnLoadAttributes (273ms)
				ProcessInitializeOnLoadMethodAttributes (17ms)
				AfterProcessingInitializeOnLoad (6ms)
				EditorAssembliesLoaded (0ms)
			ExecutionOrderSort2 (0ms)
			AwakeInstancesAfterBackupRestoration (4ms)
Platform modules already initialized, skipping
========================================================================
Worker process is ready to serve import requests
Launched and connected shader compiler UnityShaderCompiler.exe after 0.04 seconds
Refreshing native plugins compatible for Editor in 0.80 ms, found 3 plugins.
Preloading 0 native plugins for Editor in 0.00 ms.
Unloading 3945 Unused Serialized files (Serialized files now loaded: 0)
Unloading 43 unused Assets / (184.6 KB). Loaded Objects now: 4424.
Memory consumption went from 146.1 MB to 145.9 MB.
Total: 4.521400 ms (FindLiveObjects: 0.276200 ms CreateObjectMapping: 0.232100 ms MarkObjects: 3.850900 ms  DeleteObjects: 0.160600 ms)

AssetImportParameters requested are different than current active one (requested -> active):
  custom:video-decoder-ogg-theora: a1e56fd34408186e4bbccfd4996cb3dc -> 
  custom:container-muxer-webm: aa71ff27fc2769a1b78a27578f13a17b -> 
  custom:container-demuxer-webm: 4f35f7cbe854078d1ac9338744f61a02 -> 
  custom:video-encoder-webm-vp8: eb34c28f22e8b96e1ab97ce403110664 -> 
  custom:audio-encoder-webm-vorbis: bf7c407c2cedff20999df2af8eb42d56 -> 
  custom:framework-win-MediaFoundation: 216162199b28c13a410421893ffa2e32 -> 
  custom:container-demuxer-ogg: 62fdf1f143b41e24485cea50d1cbac27 -> 
  custom:video-decoder-webm-vp8: 9c59270c3fd7afecdb556c50c9e8de78 -> 
  custom:audio-decoder-ogg-vorbis: bf7c407c2cedff20999df2af8eb42d56 -> 
========================================================================
Received Prepare
Registering precompiled user dll's ...
Registered in 0.004465 seconds.
Begin MonoManager ReloadAssembly
Symbol file LoadedFromMemory doesn't match image C:\Users\User\UnityProjects\Halloween Gamejam\Library\PackageCache\com.unity.visualscripting@1.8.0\Editor\VisualScripting.Core\Dependencies\YamlDotNet\Unity.VisualScripting.YamlDotNet.dll
Symbol file LoadedFromMemory doesn't match image C:\Users\User\UnityProjects\Halloween Gamejam\Library\PackageCache\com.unity.visualscripting@1.8.0\Editor\VisualScripting.Core\Dependencies\DotNetZip\Unity.VisualScripting.IonicZip.dll
Native extension for WindowsStandalone target not found
Native extension for iOS target not found
Native extension for Android target not found
Native extension for WebGL target not found
Refreshing native plugins compatible for Editor in 0.83 ms, found 3 plugins.
Preloading 0 native plugins for Editor in 0.00 ms.
Mono: successfully reloaded assembly
- Completed reload, in  0.974 seconds
Domain Reload Profiling:
	ReloadAssembly (974ms)
		BeginReloadAssembly (128ms)
			ExecutionOrderSort (0ms)
			DisableScriptedObjects (4ms)
			BackupInstance (0ms)
			ReleaseScriptingObjects (0ms)
			CreateAndSetChildDomain (39ms)
		EndReloadAssembly (750ms)
			LoadAssemblies (81ms)
			RebuildTransferFunctionScriptingTraits (0ms)
			SetupTypeCache (248ms)
			ReleaseScriptCaches (1ms)
			RebuildScriptCaches (36ms)
			SetupLoadedEditorAssemblies (338ms)
				LogAssemblyErrors (0ms)
				InitializePlatformSupportModulesInManaged (29ms)
				SetLoadedEditorAssemblies (0ms)
				RefreshPlugins (1ms)
				BeforeProcessingInitializeOnLoad (62ms)
				ProcessInitializeOnLoadAttributes (222ms)
				ProcessInitializeOnLoadMethodAttributes (17ms)
				AfterProcessingInitializeOnLoad (7ms)
				EditorAssembliesLoaded (0ms)
			ExecutionOrderSort2 (0ms)
			AwakeInstancesAfterBackupRestoration (4ms)
Platform modules already initialized, skipping
Refreshing native plugins compatible for Editor in 3.09 ms, found 3 plugins.
Preloading 0 native plugins for Editor in 0.00 ms.
Unloading 3925 Unused Serialized files (Serialized files now loaded: 0)
Unloading 22 unused Assets / (151.9 KB). Loaded Objects now: 4439.
Memory consumption went from 144.3 MB to 144.1 MB.
Total: 3.421000 ms (FindLiveObjects: 0.288900 ms CreateObjectMapping: 0.255900 ms MarkObjects: 2.760600 ms  DeleteObjects: 0.114300 ms)

AssetImportParameters requested are different than current active one (requested -> active):
  custom:video-decoder-ogg-theora: a1e56fd34408186e4bbccfd4996cb3dc -> 
  custom:container-muxer-webm: aa71ff27fc2769a1b78a27578f13a17b -> 
  custom:container-demuxer-webm: 4f35f7cbe854078d1ac9338744f61a02 -> 
  custom:video-encoder-webm-vp8: eb34c28f22e8b96e1ab97ce403110664 -> 
  custom:audio-encoder-webm-vorbis: bf7c407c2cedff20999df2af8eb42d56 -> 
  custom:framework-win-MediaFoundation: 216162199b28c13a410421893ffa2e32 -> 
  custom:container-demuxer-ogg: 62fdf1f143b41e24485cea50d1cbac27 -> 
  custom:video-decoder-webm-vp8: 9c59270c3fd7afecdb556c50c9e8de78 -> 
  custom:audio-decoder-ogg-vorbis: bf7c407c2cedff20999df2af8eb42d56 -> 
========================================================================
Received Import Request.
  Time since last request: 109169.075187 seconds.
  path: Assets/mainPrefabs/thc6.prefab
  artifactKey: Guid(332254905319da1469830bd3e8725b48) Importer(815301076,1909f56bfc062723c751e8b465ee728b)
Start importing Assets/mainPrefabs/thc6.prefab using Guid(332254905319da1469830bd3e8725b48) Importer(815301076,1909f56bfc062723c751e8b465ee728b)  -> (artifact id: 'e5bf2b3fa5da320a87c6fefb02404f68') in 0.128624 seconds 
========================================================================
Received Import Request.
  Time since last request: 6.878815 seconds.
  path: Assets/mainPrefabs/Monster.prefab
  artifactKey: Guid(332254905319da1469830bd3e8725b48) Importer(815301076,1909f56bfc062723c751e8b465ee728b)
Start importing Assets/mainPrefabs/Monster.prefab using Guid(332254905319da1469830bd3e8725b48) Importer(815301076,1909f56bfc062723c751e8b465ee728b)  -> (artifact id: '061e594704e76ff7f7b34ef0f8bdb73e') in 0.040923 seconds 
========================================================================
Received Import Request.
  Time since last request: 40.058352 seconds.
  path: Assets/Prefabs_From_AssetStore/Non_payable_Characters/Character_nigger/SuitPack/SuitedMan/Prefabs/Boss.prefab
  artifactKey: Guid(2b5217e06358e644689db5904c526340) Importer(815301076,1909f56bfc062723c751e8b465ee728b)
Start importing Assets/Prefabs_From_AssetStore/Non_payable_Characters/Character_nigger/SuitPack/SuitedMan/Prefabs/Boss.prefab using Guid(2b5217e06358e644689db5904c526340) Importer(815301076,1909f56bfc062723c751e8b465ee728b)  -> (artifact id: '043a2be2fd5af88cad70e8570adb9627') in 0.026585 seconds 
========================================================================
Received Import Request.
  Time since last request: 91.114640 seconds.
  path: Assets/Scenes/1Lvl.unity
  artifactKey: Guid(bc8ad8fd8eb05c34ba141d2610391e38) Importer(815301076,1909f56bfc062723c751e8b465ee728b)
Start importing Assets/Scenes/1Lvl.unity using Guid(bc8ad8fd8eb05c34ba141d2610391e38) Importer(815301076,1909f56bfc062723c751e8b465ee728b)  -> (artifact id: '4be76c5e79327245ba7ab75e3b5d4814') in 0.008053 seconds 
========================================================================
Received Prepare
Registering precompiled user dll's ...
Registered in 0.004505 seconds.
Begin MonoManager ReloadAssembly
Symbol file LoadedFromMemory doesn't match image C:\Users\User\UnityProjects\Halloween Gamejam\Library\PackageCache\com.unity.visualscripting@1.8.0\Editor\VisualScripting.Core\Dependencies\YamlDotNet\Unity.VisualScripting.YamlDotNet.dll
Symbol file LoadedFromMemory doesn't match image C:\Users\User\UnityProjects\Halloween Gamejam\Library\PackageCache\com.unity.visualscripting@1.8.0\Editor\VisualScripting.Core\Dependencies\DotNetZip\Unity.VisualScripting.IonicZip.dll
Native extension for WindowsStandalone target not found
Native extension for iOS target not found
Native extension for Android target not found
Native extension for WebGL target not found
Refreshing native plugins compatible for Editor in 0.78 ms, found 3 plugins.
Preloading 0 native plugins for Editor in 0.00 ms.
Mono: successfully reloaded assembly
- Completed reload, in  0.882 seconds
Domain Reload Profiling:
	ReloadAssembly (883ms)
		BeginReloadAssembly (117ms)
			ExecutionOrderSort (0ms)
			DisableScriptedObjects (4ms)
			BackupInstance (0ms)
			ReleaseScriptingObjects (0ms)
			CreateAndSetChildDomain (39ms)
		EndReloadAssembly (692ms)
			LoadAssemblies (65ms)
			RebuildTransferFunctionScriptingTraits (0ms)
			SetupTypeCache (206ms)
			ReleaseScriptCaches (1ms)
			RebuildScriptCaches (38ms)
			SetupLoadedEditorAssemblies (331ms)
				LogAssemblyErrors (0ms)
				InitializePlatformSupportModulesInManaged (26ms)
				SetLoadedEditorAssemblies (0ms)
				RefreshPlugins (1ms)
				BeforeProcessingInitializeOnLoad (58ms)
				ProcessInitializeOnLoadAttributes (222ms)
				ProcessInitializeOnLoadMethodAttributes (18ms)
				AfterProcessingInitializeOnLoad (6ms)
				EditorAssembliesLoaded (0ms)
			ExecutionOrderSort2 (0ms)
			AwakeInstancesAfterBackupRestoration (4ms)
Platform modules already initialized, skipping
Refreshing native plugins compatible for Editor in 1.94 ms, found 3 plugins.
Preloading 0 native plugins for Editor in 0.00 ms.
Unloading 3924 Unused Serialized files (Serialized files now loaded: 0)
Unloading 23 unused Assets / (151.9 KB). Loaded Objects now: 4462.
Memory consumption went from 161.0 MB to 160.8 MB.
Total: 2.652700 ms (FindLiveObjects: 0.270800 ms CreateObjectMapping: 0.081300 ms MarkObjects: 2.192300 ms  DeleteObjects: 0.107600 ms)

AssetImportParameters requested are different than current active one (requested -> active):
  custom:video-decoder-ogg-theora: a1e56fd34408186e4bbccfd4996cb3dc -> 
  custom:container-muxer-webm: aa71ff27fc2769a1b78a27578f13a17b -> 
  custom:container-demuxer-webm: 4f35f7cbe854078d1ac9338744f61a02 -> 
  custom:video-encoder-webm-vp8: eb34c28f22e8b96e1ab97ce403110664 -> 
  custom:audio-encoder-webm-vorbis: bf7c407c2cedff20999df2af8eb42d56 -> 
  custom:framework-win-MediaFoundation: 216162199b28c13a410421893ffa2e32 -> 
  custom:container-demuxer-ogg: 62fdf1f143b41e24485cea50d1cbac27 -> 
  custom:video-decoder-webm-vp8: 9c59270c3fd7afecdb556c50c9e8de78 -> 
  custom:audio-decoder-ogg-vorbis: bf7c407c2cedff20999df2af8eb42d56 -> 
========================================================================
Received Import Request.
  Time since last request: 96.610457 seconds.
  path: Assets/mainPrefabs/Monster.prefab
  artifactKey: Guid(332254905319da1469830bd3e8725b48) Importer(815301076,1909f56bfc062723c751e8b465ee728b)
Start importing Assets/mainPrefabs/Monster.prefab using Guid(332254905319da1469830bd3e8725b48) Importer(815301076,1909f56bfc062723c751e8b465ee728b)  -> (artifact id: '74d19fb72c9fd87bd37d98a07932b97c') in 0.072363 seconds 
========================================================================
Received Import Request.
  Time since last request: 21.490215 seconds.
  path: Assets/mainPrefabs/Monster.prefab
  artifactKey: Guid(332254905319da1469830bd3e8725b48) Importer(815301076,1909f56bfc062723c751e8b465ee728b)
Start importing Assets/mainPrefabs/Monster.prefab using Guid(332254905319da1469830bd3e8725b48) Importer(815301076,1909f56bfc062723c751e8b465ee728b)  -> (artifact id: '7cb6619db1de035dd53bc4eecce7de11') in 0.023481 seconds 
========================================================================
Received Import Request.
  Time since last request: 17.836762 seconds.
  path: Assets/mainPrefabs/Monster.prefab
  artifactKey: Guid(332254905319da1469830bd3e8725b48) Importer(815301076,1909f56bfc062723c751e8b465ee728b)
Start importing Assets/mainPrefabs/Monster.prefab using Guid(332254905319da1469830bd3e8725b48) Importer(815301076,1909f56bfc062723c751e8b465ee728b)  -> (artifact id: 'f7f553bc2d6768af6e3597e5353ce71d') in 0.034957 seconds 
========================================================================
Received Import Request.
  Time since last request: 5.053981 seconds.
  path: Assets/mainPrefabs/Monster.prefab
  artifactKey: Guid(332254905319da1469830bd3e8725b48) Importer(815301076,1909f56bfc062723c751e8b465ee728b)
Start importing Assets/mainPrefabs/Monster.prefab using Guid(332254905319da1469830bd3e8725b48) Importer(815301076,1909f56bfc062723c751e8b465ee728b)  -> (artifact id: '1a724e4c6a7abf7d2d7b72fd41018101') in 0.020367 seconds 
========================================================================
Received Import Request.
  Time since last request: 6.345942 seconds.
  path: Assets/mainPrefabs/Monster.prefab
  artifactKey: Guid(332254905319da1469830bd3e8725b48) Importer(815301076,1909f56bfc062723c751e8b465ee728b)
Start importing Assets/mainPrefabs/Monster.prefab using Guid(332254905319da1469830bd3e8725b48) Importer(815301076,1909f56bfc062723c751e8b465ee728b)  -> (artifact id: 'c37e7b25273df1c66b008a25cc3af93a') in 0.041585 seconds 
========================================================================
Received Import Request.
  Time since last request: 32.808956 seconds.
  path: Assets/mainPrefabs/Monster.prefab
  artifactKey: Guid(332254905319da1469830bd3e8725b48) Importer(815301076,1909f56bfc062723c751e8b465ee728b)
Start importing Assets/mainPrefabs/Monster.prefab using Guid(332254905319da1469830bd3e8725b48) Importer(815301076,1909f56bfc062723c751e8b465ee728b)  -> (artifact id: 'bd95deb608af937551847725e4d92746') in 0.031967 seconds 
========================================================================
Received Import Request.
  Time since last request: 9.411987 seconds.
  path: Assets/mainPrefabs/Monster.prefab
  artifactKey: Guid(332254905319da1469830bd3e8725b48) Importer(815301076,1909f56bfc062723c751e8b465ee728b)
Start importing Assets/mainPrefabs/Monster.prefab using Guid(332254905319da1469830bd3e8725b48) Importer(815301076,1909f56bfc062723c751e8b465ee728b)  -> (artifact id: '0c2a3088ef861395558abd3e2e322b05') in 0.034526 seconds 
========================================================================
Received Import Request.
  Time since last request: 3.388661 seconds.
  path: Assets/mainPrefabs/Monster.prefab
  artifactKey: Guid(332254905319da1469830bd3e8725b48) Importer(815301076,1909f56bfc062723c751e8b465ee728b)
Start importing Assets/mainPrefabs/Monster.prefab using Guid(332254905319da1469830bd3e8725b48) Importer(815301076,1909f56bfc062723c751e8b465ee728b)  -> (artifact id: '3a1b8af1afee7dd70424a694927e9012') in 0.021857 seconds 
========================================================================
Received Import Request.
  Time since last request: 16.966224 seconds.
  path: Assets/mainPrefabs/Monster.prefab
  artifactKey: Guid(332254905319da1469830bd3e8725b48) Importer(815301076,1909f56bfc062723c751e8b465ee728b)
Start importing Assets/mainPrefabs/Monster.prefab using Guid(332254905319da1469830bd3e8725b48) Importer(815301076,1909f56bfc062723c751e8b465ee728b)  -> (artifact id: '323dd82fd3e2880ea31d65fc42b268ea') in 0.031854 seconds 
========================================================================
Received Import Request.
  Time since last request: 2.594486 seconds.
  path: Assets/mainPrefabs/Monster.prefab
  artifactKey: Guid(332254905319da1469830bd3e8725b48) Importer(815301076,1909f56bfc062723c751e8b465ee728b)
Start importing Assets/mainPrefabs/Monster.prefab using Guid(332254905319da1469830bd3e8725b48) Importer(815301076,1909f56bfc062723c751e8b465ee728b)  -> (artifact id: '7d709dd2f34feb531d06c92c4633582c') in 0.025695 seconds 
========================================================================
Received Import Request.
  Time since last request: 7.012618 seconds.
  path: Assets/mainPrefabs/Monster.prefab
  artifactKey: Guid(332254905319da1469830bd3e8725b48) Importer(815301076,1909f56bfc062723c751e8b465ee728b)
Start importing Assets/mainPrefabs/Monster.prefab using Guid(332254905319da1469830bd3e8725b48) Importer(815301076,1909f56bfc062723c751e8b465ee728b)  -> (artifact id: '83aeea8accd50c85a42011a58d6adace') in 0.017940 seconds 
========================================================================
Received Import Request.
  Time since last request: 13.674728 seconds.
  path: Assets/mainPrefabs/Monster.prefab
  artifactKey: Guid(332254905319da1469830bd3e8725b48) Importer(815301076,1909f56bfc062723c751e8b465ee728b)
Start importing Assets/mainPrefabs/Monster.prefab using Guid(332254905319da1469830bd3e8725b48) Importer(815301076,1909f56bfc062723c751e8b465ee728b)  -> (artifact id: 'b9ad96924e22ff7fe9919b939cd652fb') in 0.026074 seconds 
========================================================================
Received Import Request.
  Time since last request: 10.437809 seconds.
  path: Assets/mainPrefabs/Monster.prefab
  artifactKey: Guid(332254905319da1469830bd3e8725b48) Importer(815301076,1909f56bfc062723c751e8b465ee728b)
Start importing Assets/mainPrefabs/Monster.prefab using Guid(332254905319da1469830bd3e8725b48) Importer(815301076,1909f56bfc062723c751e8b465ee728b)  -> (artifact id: '4585c9ad12ff62c4d5213c3ee6ffc9f7') in 0.031160 seconds 
========================================================================
Received Import Request.
  Time since last request: 4.598588 seconds.
  path: Assets/mainPrefabs/Monster.prefab
  artifactKey: Guid(332254905319da1469830bd3e8725b48) Importer(815301076,1909f56bfc062723c751e8b465ee728b)
Start importing Assets/mainPrefabs/Monster.prefab using Guid(332254905319da1469830bd3e8725b48) Importer(815301076,1909f56bfc062723c751e8b465ee728b)  -> (artifact id: '4c7c5d969e1934829082970ce67d991d') in 0.030402 seconds 
========================================================================
Received Import Request.
  Time since last request: 4.791852 seconds.
  path: Assets/mainPrefabs/Monster.prefab
  artifactKey: Guid(332254905319da1469830bd3e8725b48) Importer(815301076,1909f56bfc062723c751e8b465ee728b)
Start importing Assets/mainPrefabs/Monster.prefab using Guid(332254905319da1469830bd3e8725b48) Importer(815301076,1909f56bfc062723c751e8b465ee728b)  -> (artifact id: '2f3641356b8644e679b8d26f1b1b72a7') in 0.021039 seconds 
========================================================================
Received Import Request.
  Time since last request: 6.836293 seconds.
  path: Assets/mainPrefabs/Monster.prefab
  artifactKey: Guid(332254905319da1469830bd3e8725b48) Importer(815301076,1909f56bfc062723c751e8b465ee728b)
Start importing Assets/mainPrefabs/Monster.prefab using Guid(332254905319da1469830bd3e8725b48) Importer(815301076,1909f56bfc062723c751e8b465ee728b)  -> (artifact id: '33115404d1863ab88900bac506ac9eb9') in 0.021487 seconds 
========================================================================
Received Import Request.
  Time since last request: 1.376061 seconds.
  path: Assets/mainPrefabs/Monster.prefab
  artifactKey: Guid(332254905319da1469830bd3e8725b48) Importer(815301076,1909f56bfc062723c751e8b465ee728b)
Start importing Assets/mainPrefabs/Monster.prefab using Guid(332254905319da1469830bd3e8725b48) Importer(815301076,1909f56bfc062723c751e8b465ee728b)  -> (artifact id: 'e746b9f9eb2b150628c8b268257f83c6') in 0.031546 seconds 
========================================================================
Received Import Request.
  Time since last request: 8.442455 seconds.
  path: Assets/mainPrefabs/Monster.prefab
  artifactKey: Guid(332254905319da1469830bd3e8725b48) Importer(815301076,1909f56bfc062723c751e8b465ee728b)
Start importing Assets/mainPrefabs/Monster.prefab using Guid(332254905319da1469830bd3e8725b48) Importer(815301076,1909f56bfc062723c751e8b465ee728b)  -> (artifact id: '7ddf5010cb15843bad89c11ffb672221') in 0.037219 seconds 
========================================================================
Received Import Request.
  Time since last request: 11.255551 seconds.
  path: Assets/mainPrefabs/Monster.prefab
  artifactKey: Guid(332254905319da1469830bd3e8725b48) Importer(815301076,1909f56bfc062723c751e8b465ee728b)
Start importing Assets/mainPrefabs/Monster.prefab using Guid(332254905319da1469830bd3e8725b48) Importer(815301076,1909f56bfc062723c751e8b465ee728b)  -> (artifact id: 'e1313df2cd57ebb47f99e0d4e2fc1ede') in 0.022608 seconds 
========================================================================
Received Import Request.
  Time since last request: 3.809838 seconds.
  path: Assets/mainPrefabs/Monster.prefab
  artifactKey: Guid(332254905319da1469830bd3e8725b48) Importer(815301076,1909f56bfc062723c751e8b465ee728b)
Start importing Assets/mainPrefabs/Monster.prefab using Guid(332254905319da1469830bd3e8725b48) Importer(815301076,1909f56bfc062723c751e8b465ee728b)  -> (artifact id: '0904427b5ef51fbaf369347b64e3ec16') in 0.028261 seconds 
========================================================================
Received Import Request.
  Time since last request: 2.794181 seconds.
  path: Assets/mainPrefabs/Monster.prefab
  artifactKey: Guid(332254905319da1469830bd3e8725b48) Importer(815301076,1909f56bfc062723c751e8b465ee728b)
Start importing Assets/mainPrefabs/Monster.prefab using Guid(332254905319da1469830bd3e8725b48) Importer(815301076,1909f56bfc062723c751e8b465ee728b)  -> (artifact id: '7244a1ae30092ffbc9d850fd0bd2a24d') in 0.018585 seconds 
========================================================================
Received Import Request.
  Time since last request: 2.594734 seconds.
  path: Assets/mainPrefabs/Monster.prefab
  artifactKey: Guid(332254905319da1469830bd3e8725b48) Importer(815301076,1909f56bfc062723c751e8b465ee728b)
Start importing Assets/mainPrefabs/Monster.prefab using Guid(332254905319da1469830bd3e8725b48) Importer(815301076,1909f56bfc062723c751e8b465ee728b)  -> (artifact id: '4b433c2c55d18734e4e907a52091c939') in 0.029543 seconds 
========================================================================
Received Import Request.
  Time since last request: 4.397802 seconds.
  path: Assets/mainPrefabs/Monster.prefab
  artifactKey: Guid(332254905319da1469830bd3e8725b48) Importer(815301076,1909f56bfc062723c751e8b465ee728b)
Start importing Assets/mainPrefabs/Monster.prefab using Guid(332254905319da1469830bd3e8725b48) Importer(815301076,1909f56bfc062723c751e8b465ee728b)  -> (artifact id: 'bd67d7453deb78d800a60c1453aaada2') in 0.028611 seconds 
========================================================================
Received Import Request.
  Time since last request: 19.529301 seconds.
  path: Assets/mainPrefabs/Monster.prefab
  artifactKey: Guid(332254905319da1469830bd3e8725b48) Importer(815301076,1909f56bfc062723c751e8b465ee728b)
Start importing Assets/mainPrefabs/Monster.prefab using Guid(332254905319da1469830bd3e8725b48) Importer(815301076,1909f56bfc062723c751e8b465ee728b)  -> (artifact id: 'd2133225b14460ad211d01c023a93a58') in 0.030889 seconds 
========================================================================
Received Import Request.
  Time since last request: 7.627761 seconds.
  path: Assets/mainPrefabs/Monster.prefab
  artifactKey: Guid(332254905319da1469830bd3e8725b48) Importer(815301076,1909f56bfc062723c751e8b465ee728b)
Start importing Assets/mainPrefabs/Monster.prefab using Guid(332254905319da1469830bd3e8725b48) Importer(815301076,1909f56bfc062723c751e8b465ee728b)  -> (artifact id: 'e1bcb478088e71d5d4d5327fe89eca4c') in 0.029877 seconds 
========================================================================
Received Import Request.
  Time since last request: 11.255813 seconds.
  path: Assets/mainPrefabs/Monster.prefab
  artifactKey: Guid(332254905319da1469830bd3e8725b48) Importer(815301076,1909f56bfc062723c751e8b465ee728b)
Start importing Assets/mainPrefabs/Monster.prefab using Guid(332254905319da1469830bd3e8725b48) Importer(815301076,1909f56bfc062723c751e8b465ee728b)  -> (artifact id: '47a75a7c0408e93f75ba784cbec521c4') in 0.038298 seconds 
========================================================================
Received Import Request.
  Time since last request: 2.993820 seconds.
  path: Assets/mainPrefabs/Monster.prefab
  artifactKey: Guid(332254905319da1469830bd3e8725b48) Importer(815301076,1909f56bfc062723c751e8b465ee728b)
Start importing Assets/mainPrefabs/Monster.prefab using Guid(332254905319da1469830bd3e8725b48) Importer(815301076,1909f56bfc062723c751e8b465ee728b)  -> (artifact id: 'e90384c878afa25000f72eafbc5f5603') in 0.025562 seconds 
========================================================================
Received Import Request.
  Time since last request: 14.085358 seconds.
  path: Assets/mainPrefabs/Monster.prefab
  artifactKey: Guid(332254905319da1469830bd3e8725b48) Importer(815301076,1909f56bfc062723c751e8b465ee728b)
Start importing Assets/mainPrefabs/Monster.prefab using Guid(332254905319da1469830bd3e8725b48) Importer(815301076,1909f56bfc062723c751e8b465ee728b)  -> (artifact id: '135033bfe514613a409a2a8b82a8cc39') in 0.038944 seconds 
========================================================================
Received Import Request.
  Time since last request: 12.287867 seconds.
  path: Assets/mainPrefabs/Monster.prefab
  artifactKey: Guid(332254905319da1469830bd3e8725b48) Importer(815301076,1909f56bfc062723c751e8b465ee728b)
Start importing Assets/mainPrefabs/Monster.prefab using Guid(332254905319da1469830bd3e8725b48) Importer(815301076,1909f56bfc062723c751e8b465ee728b)  -> (artifact id: '7705ed2aa67c4d3604de1e945f7a799e') in 0.029601 seconds 
========================================================================
Received Import Request.
  Time since last request: 33.039183 seconds.
  path: Assets/mainPrefabs/Monster.prefab
  artifactKey: Guid(332254905319da1469830bd3e8725b48) Importer(815301076,1909f56bfc062723c751e8b465ee728b)
Start importing Assets/mainPrefabs/Monster.prefab using Guid(332254905319da1469830bd3e8725b48) Importer(815301076,1909f56bfc062723c751e8b465ee728b)  -> (artifact id: '9af3af590e04a6cef41b28c6e0e890e7') in 0.021827 seconds 
========================================================================
Received Import Request.
  Time since last request: 16.328264 seconds.
  path: Assets/mainPrefabs/Monster.prefab
  artifactKey: Guid(332254905319da1469830bd3e8725b48) Importer(815301076,1909f56bfc062723c751e8b465ee728b)
Start importing Assets/mainPrefabs/Monster.prefab using Guid(332254905319da1469830bd3e8725b48) Importer(815301076,1909f56bfc062723c751e8b465ee728b)  -> (artifact id: '5b315682ba27d56c6574f2a103d7f525') in 0.033916 seconds 
========================================================================
Received Import Request.
  Time since last request: 8.628490 seconds.
  path: Assets/mainPrefabs/Monster.prefab
  artifactKey: Guid(332254905319da1469830bd3e8725b48) Importer(815301076,1909f56bfc062723c751e8b465ee728b)
Start importing Assets/mainPrefabs/Monster.prefab using Guid(332254905319da1469830bd3e8725b48) Importer(815301076,1909f56bfc062723c751e8b465ee728b)  -> (artifact id: '895dab84847e81d9c938ac5e290a676b') in 0.033536 seconds 
========================================================================
Received Import Request.
  Time since last request: 25.549871 seconds.
  path: Assets/mainPrefabs/Monster.prefab
  artifactKey: Guid(332254905319da1469830bd3e8725b48) Importer(815301076,1909f56bfc062723c751e8b465ee728b)
Start importing Assets/mainPrefabs/Monster.prefab using Guid(332254905319da1469830bd3e8725b48) Importer(815301076,1909f56bfc062723c751e8b465ee728b)  -> (artifact id: '0508a6c252b31bad79a6029b442a0ec4') in 0.028658 seconds 
========================================================================
Received Import Request.
  Time since last request: 4.608795 seconds.
  path: Assets/mainPrefabs/Monster.prefab
  artifactKey: Guid(332254905319da1469830bd3e8725b48) Importer(815301076,1909f56bfc062723c751e8b465ee728b)
Start importing Assets/mainPrefabs/Monster.prefab using Guid(332254905319da1469830bd3e8725b48) Importer(815301076,1909f56bfc062723c751e8b465ee728b)  -> (artifact id: '3122c9be90cd0c163762c5ce4b619e1e') in 0.029189 seconds 
========================================================================
Received Import Request.
  Time since last request: 2.386986 seconds.
  path: Assets/mainPrefabs/Monster.prefab
  artifactKey: Guid(332254905319da1469830bd3e8725b48) Importer(815301076,1909f56bfc062723c751e8b465ee728b)
Start importing Assets/mainPrefabs/Monster.prefab using Guid(332254905319da1469830bd3e8725b48) Importer(815301076,1909f56bfc062723c751e8b465ee728b)  -> (artifact id: 'd5eca4848258faa3429268fb5717d0c7') in 0.029017 seconds 
========================================================================
Received Import Request.
  Time since last request: 4.402301 seconds.
  path: Assets/mainPrefabs/Monster.prefab
  artifactKey: Guid(332254905319da1469830bd3e8725b48) Importer(815301076,1909f56bfc062723c751e8b465ee728b)
Start importing Assets/mainPrefabs/Monster.prefab using Guid(332254905319da1469830bd3e8725b48) Importer(815301076,1909f56bfc062723c751e8b465ee728b)  -> (artifact id: 'b2270db15e0f1ac368acc2533869493f') in 0.021930 seconds 
========================================================================
Received Import Request.
  Time since last request: 1.586195 seconds.
  path: Assets/mainPrefabs/Monster.prefab
  artifactKey: Guid(332254905319da1469830bd3e8725b48) Importer(815301076,1909f56bfc062723c751e8b465ee728b)
Start importing Assets/mainPrefabs/Monster.prefab using Guid(332254905319da1469830bd3e8725b48) Importer(815301076,1909f56bfc062723c751e8b465ee728b)  -> (artifact id: '315ebae2faba22073b5d244b20e6807f') in 0.021986 seconds 
========================================================================
Received Import Request.
  Time since last request: 13.072496 seconds.
  path: Assets/mainPrefabs/Monster.prefab
  artifactKey: Guid(332254905319da1469830bd3e8725b48) Importer(815301076,1909f56bfc062723c751e8b465ee728b)
Start importing Assets/mainPrefabs/Monster.prefab using Guid(332254905319da1469830bd3e8725b48) Importer(815301076,1909f56bfc062723c751e8b465ee728b)  -> (artifact id: '2f421800ae3189d6b6831e3ed957b415') in 0.039389 seconds 
========================================================================
Received Import Request.
  Time since last request: 1.775598 seconds.
  path: Assets/mainPrefabs/Monster.prefab
  artifactKey: Guid(332254905319da1469830bd3e8725b48) Importer(815301076,1909f56bfc062723c751e8b465ee728b)
Start importing Assets/mainPrefabs/Monster.prefab using Guid(332254905319da1469830bd3e8725b48) Importer(815301076,1909f56bfc062723c751e8b465ee728b)  -> (artifact id: 'c1df2e1c4683877e663397addf5bb7bb') in 0.031946 seconds 
========================================================================
Received Import Request.
  Time since last request: 12.247093 seconds.
  path: Assets/mainPrefabs/Monster.prefab
  artifactKey: Guid(332254905319da1469830bd3e8725b48) Importer(815301076,1909f56bfc062723c751e8b465ee728b)
Start importing Assets/mainPrefabs/Monster.prefab using Guid(332254905319da1469830bd3e8725b48) Importer(815301076,1909f56bfc062723c751e8b465ee728b)  -> (artifact id: 'c80911d2a991b48d7a5077b2086473a3') in 0.030317 seconds 
========================================================================
Received Import Request.
  Time since last request: 10.832896 seconds.
  path: Assets/mainPrefabs/Monster.prefab
  artifactKey: Guid(332254905319da1469830bd3e8725b48) Importer(815301076,1909f56bfc062723c751e8b465ee728b)
Start importing Assets/mainPrefabs/Monster.prefab using Guid(332254905319da1469830bd3e8725b48) Importer(815301076,1909f56bfc062723c751e8b465ee728b)  -> (artifact id: 'd6e8b02a7b81ed72fff04178c106f62b') in 0.022041 seconds 
========================================================================
Received Import Request.
  Time since last request: 21.958635 seconds.
  path: ProjectSettings/TagManager.asset
  artifactKey: Guid(00000000000000003000000000000000) Importer(815301076,1909f56bfc062723c751e8b465ee728b)
Start importing ProjectSettings/TagManager.asset using Guid(00000000000000003000000000000000) Importer(815301076,1909f56bfc062723c751e8b465ee728b)  -> (artifact id: '570febc44d95805bd0316baf260952e0') in 0.009285 seconds 
========================================================================
Received Import Request.
  Time since last request: 115.807247 seconds.
  path: Assets/mainPrefabs/Monster.prefab
  artifactKey: Guid(332254905319da1469830bd3e8725b48) Importer(815301076,1909f56bfc062723c751e8b465ee728b)
Start importing Assets/mainPrefabs/Monster.prefab using Guid(332254905319da1469830bd3e8725b48) Importer(815301076,1909f56bfc062723c751e8b465ee728b)  -> (artifact id: '8736f42801eaa01ada4ed8574be39617') in 0.021115 seconds 
========================================================================
Received Prepare
Registering precompiled user dll's ...
Registered in 0.004136 seconds.
Begin MonoManager ReloadAssembly
Symbol file LoadedFromMemory doesn't match image C:\Users\User\UnityProjects\Halloween Gamejam\Library\PackageCache\com.unity.visualscripting@1.8.0\Editor\VisualScripting.Core\Dependencies\YamlDotNet\Unity.VisualScripting.YamlDotNet.dll
Symbol file LoadedFromMemory doesn't match image C:\Users\User\UnityProjects\Halloween Gamejam\Library\PackageCache\com.unity.visualscripting@1.8.0\Editor\VisualScripting.Core\Dependencies\DotNetZip\Unity.VisualScripting.IonicZip.dll
Native extension for WindowsStandalone target not found
Native extension for iOS target not found
Native extension for Android target not found
Native extension for WebGL target not found
Refreshing native plugins compatible for Editor in 0.76 ms, found 3 plugins.
Preloading 0 native plugins for Editor in 0.00 ms.
Mono: successfully reloaded assembly
- Completed reload, in  0.866 seconds
Domain Reload Profiling:
	ReloadAssembly (867ms)
		BeginReloadAssembly (114ms)
			ExecutionOrderSort (0ms)
			DisableScriptedObjects (3ms)
			BackupInstance (0ms)
			ReleaseScriptingObjects (0ms)
			CreateAndSetChildDomain (37ms)
		EndReloadAssembly (683ms)
			LoadAssemblies (66ms)
			RebuildTransferFunctionScriptingTraits (0ms)
			SetupTypeCache (215ms)
			ReleaseScriptCaches (1ms)
			RebuildScriptCaches (33ms)
			SetupLoadedEditorAssemblies (317ms)
				LogAssemblyErrors (0ms)
				InitializePlatformSupportModulesInManaged (25ms)
				SetLoadedEditorAssemblies (0ms)
				RefreshPlugins (1ms)
				BeforeProcessingInitializeOnLoad (55ms)
				ProcessInitializeOnLoadAttributes (211ms)
				ProcessInitializeOnLoadMethodAttributes (17ms)
				AfterProcessingInitializeOnLoad (6ms)
				EditorAssembliesLoaded (0ms)
			ExecutionOrderSort2 (0ms)
			AwakeInstancesAfterBackupRestoration (4ms)
Platform modules already initialized, skipping
Refreshing native plugins compatible for Editor in 1.82 ms, found 3 plugins.
Preloading 0 native plugins for Editor in 0.00 ms.
Unloading 3924 Unused Serialized files (Serialized files now loaded: 0)
Unloading 23 unused Assets / (151.8 KB). Loaded Objects now: 4477.
Memory consumption went from 161.4 MB to 161.2 MB.
Total: 2.928100 ms (FindLiveObjects: 0.263000 ms CreateObjectMapping: 0.216600 ms MarkObjects: 2.333700 ms  DeleteObjects: 0.113100 ms)

AssetImportParameters requested are different than current active one (requested -> active):
  custom:video-decoder-ogg-theora: a1e56fd34408186e4bbccfd4996cb3dc -> 
  custom:container-muxer-webm: aa71ff27fc2769a1b78a27578f13a17b -> 
  custom:container-demuxer-webm: 4f35f7cbe854078d1ac9338744f61a02 -> 
  custom:video-encoder-webm-vp8: eb34c28f22e8b96e1ab97ce403110664 -> 
  custom:audio-encoder-webm-vorbis: bf7c407c2cedff20999df2af8eb42d56 -> 
  custom:framework-win-MediaFoundation: 216162199b28c13a410421893ffa2e32 -> 
  custom:container-demuxer-ogg: 62fdf1f143b41e24485cea50d1cbac27 -> 
  custom:video-decoder-webm-vp8: 9c59270c3fd7afecdb556c50c9e8de78 -> 
  custom:audio-decoder-ogg-vorbis: bf7c407c2cedff20999df2af8eb42d56 -> 
========================================================================
Received Prepare
Registering precompiled user dll's ...
Registered in 0.004000 seconds.
Begin MonoManager ReloadAssembly
Symbol file LoadedFromMemory doesn't match image C:\Users\User\UnityProjects\Halloween Gamejam\Library\PackageCache\com.unity.visualscripting@1.8.0\Editor\VisualScripting.Core\Dependencies\YamlDotNet\Unity.VisualScripting.YamlDotNet.dll
Symbol file LoadedFromMemory doesn't match image C:\Users\User\UnityProjects\Halloween Gamejam\Library\PackageCache\com.unity.visualscripting@1.8.0\Editor\VisualScripting.Core\Dependencies\DotNetZip\Unity.VisualScripting.IonicZip.dll
Native extension for WindowsStandalone target not found
Native extension for iOS target not found
Native extension for Android target not found
Native extension for WebGL target not found
Refreshing native plugins compatible for Editor in 0.69 ms, found 3 plugins.
Preloading 0 native plugins for Editor in 0.00 ms.
Mono: successfully reloaded assembly
- Completed reload, in  0.906 seconds
Domain Reload Profiling:
	ReloadAssembly (906ms)
		BeginReloadAssembly (119ms)
			ExecutionOrderSort (0ms)
			DisableScriptedObjects (4ms)
			BackupInstance (0ms)
			ReleaseScriptingObjects (0ms)
			CreateAndSetChildDomain (41ms)
		EndReloadAssembly (712ms)
			LoadAssemblies (68ms)
			RebuildTransferFunctionScriptingTraits (0ms)
			SetupTypeCache (212ms)
			ReleaseScriptCaches (1ms)
			RebuildScriptCaches (37ms)
			SetupLoadedEditorAssemblies (341ms)
				LogAssemblyErrors (0ms)
				InitializePlatformSupportModulesInManaged (27ms)
				SetLoadedEditorAssemblies (0ms)
				RefreshPlugins (1ms)
				BeforeProcessingInitializeOnLoad (59ms)
				ProcessInitializeOnLoadAttributes (228ms)
				ProcessInitializeOnLoadMethodAttributes (20ms)
				AfterProcessingInitializeOnLoad (6ms)
				EditorAssembliesLoaded (0ms)
			ExecutionOrderSort2 (0ms)
			AwakeInstancesAfterBackupRestoration (5ms)
Platform modules already initialized, skipping
Refreshing native plugins compatible for Editor in 2.12 ms, found 3 plugins.
Preloading 0 native plugins for Editor in 0.00 ms.
Unloading 3924 Unused Serialized files (Serialized files now loaded: 0)
Unloading 22 unused Assets / (152.0 KB). Loaded Objects now: 4492.
Memory consumption went from 161.4 MB to 161.2 MB.
Total: 3.803700 ms (FindLiveObjects: 0.294000 ms CreateObjectMapping: 0.252200 ms MarkObjects: 3.137400 ms  DeleteObjects: 0.119000 ms)

AssetImportParameters requested are different than current active one (requested -> active):
  custom:video-decoder-ogg-theora: a1e56fd34408186e4bbccfd4996cb3dc -> 
  custom:container-muxer-webm: aa71ff27fc2769a1b78a27578f13a17b -> 
  custom:container-demuxer-webm: 4f35f7cbe854078d1ac9338744f61a02 -> 
  custom:video-encoder-webm-vp8: eb34c28f22e8b96e1ab97ce403110664 -> 
  custom:audio-encoder-webm-vorbis: bf7c407c2cedff20999df2af8eb42d56 -> 
  custom:framework-win-MediaFoundation: 216162199b28c13a410421893ffa2e32 -> 
  custom:container-demuxer-ogg: 62fdf1f143b41e24485cea50d1cbac27 -> 
  custom:video-decoder-webm-vp8: 9c59270c3fd7afecdb556c50c9e8de78 -> 
  custom:audio-decoder-ogg-vorbis: bf7c407c2cedff20999df2af8eb42d56 -> 
========================================================================
Received Prepare
Registering precompiled user dll's ...
Registered in 0.005398 seconds.
Begin MonoManager ReloadAssembly
Symbol file LoadedFromMemory doesn't match image C:\Users\User\UnityProjects\Halloween Gamejam\Library\PackageCache\com.unity.visualscripting@1.8.0\Editor\VisualScripting.Core\Dependencies\YamlDotNet\Unity.VisualScripting.YamlDotNet.dll
Symbol file LoadedFromMemory doesn't match image C:\Users\User\UnityProjects\Halloween Gamejam\Library\PackageCache\com.unity.visualscripting@1.8.0\Editor\VisualScripting.Core\Dependencies\DotNetZip\Unity.VisualScripting.IonicZip.dll
Native extension for WindowsStandalone target not found
Native extension for iOS target not found
Native extension for Android target not found
Native extension for WebGL target not found
Refreshing native plugins compatible for Editor in 0.83 ms, found 3 plugins.
Preloading 0 native plugins for Editor in 0.00 ms.
Mono: successfully reloaded assembly
- Completed reload, in  0.903 seconds
Domain Reload Profiling:
	ReloadAssembly (904ms)
		BeginReloadAssembly (111ms)
			ExecutionOrderSort (0ms)
			DisableScriptedObjects (4ms)
			BackupInstance (0ms)
			ReleaseScriptingObjects (0ms)
			CreateAndSetChildDomain (34ms)
		EndReloadAssembly (721ms)
			LoadAssemblies (67ms)
			RebuildTransferFunctionScriptingTraits (0ms)
			SetupTypeCache (212ms)
			ReleaseScriptCaches (1ms)
			RebuildScriptCaches (38ms)
			SetupLoadedEditorAssemblies (349ms)
				LogAssemblyErrors (0ms)
				InitializePlatformSupportModulesInManaged (28ms)
				SetLoadedEditorAssemblies (0ms)
				RefreshPlugins (1ms)
				BeforeProcessingInitializeOnLoad (59ms)
				ProcessInitializeOnLoadAttributes (236ms)
				ProcessInitializeOnLoadMethodAttributes (19ms)
				AfterProcessingInitializeOnLoad (6ms)
				EditorAssembliesLoaded (0ms)
			ExecutionOrderSort2 (0ms)
			AwakeInstancesAfterBackupRestoration (4ms)
Platform modules already initialized, skipping
Refreshing native plugins compatible for Editor in 1.82 ms, found 3 plugins.
Preloading 0 native plugins for Editor in 0.00 ms.
Unloading 3924 Unused Serialized files (Serialized files now loaded: 0)
Unloading 22 unused Assets / (151.8 KB). Loaded Objects now: 4507.
Memory consumption went from 161.4 MB to 161.3 MB.
Total: 3.222200 ms (FindLiveObjects: 0.304800 ms CreateObjectMapping: 0.232700 ms MarkObjects: 2.576600 ms  DeleteObjects: 0.106900 ms)

AssetImportParameters requested are different than current active one (requested -> active):
  custom:video-decoder-ogg-theora: a1e56fd34408186e4bbccfd4996cb3dc -> 
  custom:container-muxer-webm: aa71ff27fc2769a1b78a27578f13a17b -> 
  custom:container-demuxer-webm: 4f35f7cbe854078d1ac9338744f61a02 -> 
  custom:video-encoder-webm-vp8: eb34c28f22e8b96e1ab97ce403110664 -> 
  custom:audio-encoder-webm-vorbis: bf7c407c2cedff20999df2af8eb42d56 -> 
  custom:framework-win-MediaFoundation: 216162199b28c13a410421893ffa2e32 -> 
  custom:container-demuxer-ogg: 62fdf1f143b41e24485cea50d1cbac27 -> 
  custom:video-decoder-webm-vp8: 9c59270c3fd7afecdb556c50c9e8de78 -> 
  custom:audio-decoder-ogg-vorbis: bf7c407c2cedff20999df2af8eb42d56 -> 
========================================================================
Received Import Request.
  Time since last request: 56.672902 seconds.
  path: Assets/mainPrefabs/Monster.prefab
  artifactKey: Guid(332254905319da1469830bd3e8725b48) Importer(815301076,1909f56bfc062723c751e8b465ee728b)
Start importing Assets/mainPrefabs/Monster.prefab using Guid(332254905319da1469830bd3e8725b48) Importer(815301076,1909f56bfc062723c751e8b465ee728b)  -> (artifact id: '3a2f78f55de5d7c57d4be1eaa7471f41') in 0.072474 seconds 
