Using pre-set license
Built from '2021.3/release' branch; Version is '2021.3.17f1 (3e8111cac19d) revision 4096273'; Using compiler version '192829333'; Build Type 'Release'
OS: 'Windows 10  (10.0.19045) 64bit Professional' Language: 'en' Physical Memory: 32012 MB
BatchMode: 1, IsHumanControllingUs: 0, StartBugReporterOnCrash: 0, Is64bit: 1, IsPro: 1

COMMAND LINE ARGUMENTS:
C:\Program Files\Unity\Hub\Editor\2021.3.17f1\Editor\Unity.exe
-adb2
-batchMode
-noUpm
-name
AssetImportWorker8
-projectPath
C:/Users/User/UnityProjects/Halloween Gamejam
-logFile
Logs/AssetImportWorker8.log
-srvPort
50502
Successfully changed project path to: C:/Users/User/UnityProjects/Halloween Gamejam
C:/Users/User/UnityProjects/Halloween Gamejam
[UnityMemory] Configuration Parameters - Can be set up in boot.config
    "memorysetup-bucket-allocator-granularity=16"
    "memorysetup-bucket-allocator-bucket-count=8"
    "memorysetup-bucket-allocator-block-size=33554432"
    "memorysetup-bucket-allocator-block-count=8"
    "memorysetup-main-allocator-block-size=16777216"
    "memorysetup-thread-allocator-block-size=16777216"
    "memorysetup-gfx-main-allocator-block-size=16777216"
    "memorysetup-gfx-thread-allocator-block-size=16777216"
    "memorysetup-cache-allocator-block-size=4194304"
    "memorysetup-typetree-allocator-block-size=2097152"
    "memorysetup-profiler-bucket-allocator-granularity=16"
    "memorysetup-profiler-bucket-allocator-bucket-count=8"
    "memorysetup-profiler-bucket-allocator-block-size=33554432"
    "memorysetup-profiler-bucket-allocator-block-count=8"
    "memorysetup-profiler-allocator-block-size=16777216"
    "memorysetup-profiler-editor-allocator-block-size=1048576"
    "memorysetup-temp-allocator-size-main=16777216"
    "memorysetup-job-temp-allocator-block-size=2097152"
    "memorysetup-job-temp-allocator-block-size-background=1048576"
    "memorysetup-job-temp-allocator-reduction-small-platforms=262144"
    "memorysetup-temp-allocator-size-background-worker=32768"
    "memorysetup-temp-allocator-size-job-worker=262144"
    "memorysetup-temp-allocator-size-preload-manager=33554432"
    "memorysetup-temp-allocator-size-nav-mesh-worker=65536"
    "memorysetup-temp-allocator-size-audio-worker=65536"
    "memorysetup-temp-allocator-size-cloud-worker=32768"
    "memorysetup-temp-allocator-size-gi-baking-worker=262144"
    "memorysetup-temp-allocator-size-gfx=262144"
Player connection [28568] Host "[IP] 192.168.56.1 [Port] 0 [Flags] 2 [Guid] 2138584580 [EditorId] 2138584580 [Version] 1048832 [Id] WindowsEditor(7,DESKTOP-M416NKQ) [Debug] 1 [PackageName] WindowsEditor [ProjectName] Editor" joined multi-casting on [225.0.0.222:54997]...

Player connection [28568] Host "[IP] 192.168.56.1 [Port] 0 [Flags] 2 [Guid] 2138584580 [EditorId] 2138584580 [Version] 1048832 [Id] WindowsEditor(7,DESKTOP-M416NKQ) [Debug] 1 [PackageName] WindowsEditor [ProjectName] Editor" joined alternative multi-casting on [225.0.0.222:34997]...

Refreshing native plugins compatible for Editor in 70.01 ms, found 3 plugins.
Preloading 0 native plugins for Editor in 0.00 ms.
Initialize engine version: 2021.3.17f1 (3e8111cac19d)
[Subsystems] Discovering subsystems at path C:/Program Files/Unity/Hub/Editor/2021.3.17f1/Editor/Data/Resources/UnitySubsystems
[Subsystems] Discovering subsystems at path C:/Users/User/UnityProjects/Halloween Gamejam/Assets
GfxDevice: creating device client; threaded=0; jobified=0
Direct3D:
    Version:  Direct3D 11.0 [level 11.1]
    Renderer: NVIDIA GeForce RTX 3070 Ti Laptop GPU (ID=0x24a0)
    Vendor:   NVIDIA
    VRAM:     8031 MB
    Driver:   31.0.15.2824
Initialize mono
Mono path[0] = 'C:/Program Files/Unity/Hub/Editor/2021.3.17f1/Editor/Data/Managed'
Mono path[1] = 'C:/Program Files/Unity/Hub/Editor/2021.3.17f1/Editor/Data/MonoBleedingEdge/lib/mono/unityjit-win32'
Mono config path = 'C:/Program Files/Unity/Hub/Editor/2021.3.17f1/Editor/Data/MonoBleedingEdge/etc'
Using monoOptions --debugger-agent=transport=dt_socket,embedding=1,server=y,suspend=n,address=127.0.0.1:56424
Begin MonoManager ReloadAssembly
Registering precompiled unity dll's ...
Register platform support module: C:/Program Files/Unity/Hub/Editor/2021.3.17f1/Editor/Data/PlaybackEngines/WebGLSupport/UnityEditor.WebGL.Extensions.dll
Register platform support module: C:/Program Files/Unity/Hub/Editor/2021.3.17f1/Editor/Data/PlaybackEngines/AndroidPlayer/UnityEditor.Android.Extensions.dll
Register platform support module: C:/Program Files/Unity/Hub/Editor/2021.3.17f1/Editor/Data/PlaybackEngines/iOSSupport/UnityEditor.iOS.Extensions.dll
Register platform support module: C:/Program Files/Unity/Hub/Editor/2021.3.17f1/Editor/Data/PlaybackEngines/WindowsStandaloneSupport/UnityEditor.WindowsStandalone.Extensions.dll
Registered in 0.007144 seconds.
Native extension for WindowsStandalone target not found
[usbmuxd] Start listen thread
[usbmuxd] Listen thread started
Native extension for iOS target not found
Native extension for Android target not found
Android Extension - Scanning For ADB Devices 205 ms
Native extension for WebGL target not found
Refreshing native plugins compatible for Editor in 63.51 ms, found 3 plugins.
Preloading 0 native plugins for Editor in 0.00 ms.
Mono: successfully reloaded assembly
- Completed reload, in  0.738 seconds
Domain Reload Profiling:
	ReloadAssembly (738ms)
		BeginReloadAssembly (57ms)
			ExecutionOrderSort (0ms)
			DisableScriptedObjects (0ms)
			BackupInstance (0ms)
			ReleaseScriptingObjects (0ms)
			CreateAndSetChildDomain (1ms)
		EndReloadAssembly (594ms)
			LoadAssemblies (56ms)
			RebuildTransferFunctionScriptingTraits (0ms)
			SetupTypeCache (78ms)
			ReleaseScriptCaches (0ms)
			RebuildScriptCaches (22ms)
			SetupLoadedEditorAssemblies (453ms)
				LogAssemblyErrors (0ms)
				InitializePlatformSupportModulesInManaged (278ms)
				SetLoadedEditorAssemblies (0ms)
				RefreshPlugins (64ms)
				BeforeProcessingInitializeOnLoad (1ms)
				ProcessInitializeOnLoadAttributes (73ms)
				ProcessInitializeOnLoadMethodAttributes (37ms)
				AfterProcessingInitializeOnLoad (0ms)
				EditorAssembliesLoaded (0ms)
			ExecutionOrderSort2 (0ms)
			AwakeInstancesAfterBackupRestoration (0ms)
Platform modules already initialized, skipping
Registering precompiled user dll's ...
Registered in 0.004458 seconds.
Begin MonoManager ReloadAssembly
Symbol file LoadedFromMemory doesn't match image C:\Users\User\UnityProjects\Halloween Gamejam\Library\PackageCache\com.unity.visualscripting@1.8.0\Editor\VisualScripting.Core\Dependencies\YamlDotNet\Unity.VisualScripting.YamlDotNet.dll
Symbol file LoadedFromMemory doesn't match image C:\Users\User\UnityProjects\Halloween Gamejam\Library\PackageCache\com.unity.visualscripting@1.8.0\Editor\VisualScripting.Core\Dependencies\DotNetZip\Unity.VisualScripting.IonicZip.dll
Native extension for WindowsStandalone target not found
Native extension for iOS target not found
Native extension for Android target not found
Native extension for WebGL target not found
Refreshing native plugins compatible for Editor in 0.64 ms, found 3 plugins.
Preloading 0 native plugins for Editor in 0.00 ms.
Mono: successfully reloaded assembly
- Completed reload, in  0.798 seconds
Domain Reload Profiling:
	ReloadAssembly (799ms)
		BeginReloadAssembly (85ms)
			ExecutionOrderSort (0ms)
			DisableScriptedObjects (4ms)
			BackupInstance (0ms)
			ReleaseScriptingObjects (0ms)
			CreateAndSetChildDomain (19ms)
		EndReloadAssembly (628ms)
			LoadAssemblies (63ms)
			RebuildTransferFunctionScriptingTraits (0ms)
			SetupTypeCache (186ms)
			ReleaseScriptCaches (1ms)
			RebuildScriptCaches (39ms)
			SetupLoadedEditorAssemblies (293ms)
				LogAssemblyErrors (0ms)
				InitializePlatformSupportModulesInManaged (21ms)
				SetLoadedEditorAssemblies (0ms)
				RefreshPlugins (1ms)
				BeforeProcessingInitializeOnLoad (71ms)
				ProcessInitializeOnLoadAttributes (172ms)
				ProcessInitializeOnLoadMethodAttributes (20ms)
				AfterProcessingInitializeOnLoad (7ms)
				EditorAssembliesLoaded (0ms)
			ExecutionOrderSort2 (0ms)
			AwakeInstancesAfterBackupRestoration (5ms)
Platform modules already initialized, skipping
========================================================================
Worker process is ready to serve import requests
Launched and connected shader compiler UnityShaderCompiler.exe after 0.04 seconds
Refreshing native plugins compatible for Editor in 0.58 ms, found 3 plugins.
Preloading 0 native plugins for Editor in 0.00 ms.
Unloading 3376 Unused Serialized files (Serialized files now loaded: 0)
Unloading 27 unused Assets / (113.4 KB). Loaded Objects now: 3835.
Memory consumption went from 115.7 MB to 115.6 MB.
Total: 2.704800 ms (FindLiveObjects: 0.247600 ms CreateObjectMapping: 0.101800 ms MarkObjects: 2.263900 ms  DeleteObjects: 0.090600 ms)

AssetImportParameters requested are different than current active one (requested -> active):
  custom:video-decoder-ogg-theora: a1e56fd34408186e4bbccfd4996cb3dc -> 
  custom:container-muxer-webm: aa71ff27fc2769a1b78a27578f13a17b -> 
  custom:container-demuxer-webm: 4f35f7cbe854078d1ac9338744f61a02 -> 
  custom:video-encoder-webm-vp8: eb34c28f22e8b96e1ab97ce403110664 -> 
  custom:audio-encoder-webm-vorbis: bf7c407c2cedff20999df2af8eb42d56 -> 
  custom:framework-win-MediaFoundation: 216162199b28c13a410421893ffa2e32 -> 
  custom:container-demuxer-ogg: 62fdf1f143b41e24485cea50d1cbac27 -> 
  custom:video-decoder-webm-vp8: 9c59270c3fd7afecdb556c50c9e8de78 -> 
  custom:audio-decoder-ogg-vorbis: bf7c407c2cedff20999df2af8eb42d56 -> 
========================================================================
Received Import Request.
  Time since last request: 35741.909218 seconds.
  path: Assets/Furniture/Source
  artifactKey: Guid(305530ec33c271b4c89709d8dc07f592) Importer(815301076,1909f56bfc062723c751e8b465ee728b)
Start importing Assets/Furniture/Source using Guid(305530ec33c271b4c89709d8dc07f592) Importer(815301076,1909f56bfc062723c751e8b465ee728b)  -> (artifact id: '327ab02b47a9d501eecd222b33ada8e2') in 0.012431 seconds 
========================================================================
Received Import Request.
  Time since last request: 397.072881 seconds.
  path: Assets/Gameela
  artifactKey: Guid(5e0b45051d39fd44bb5c737a612c8541) Importer(815301076,1909f56bfc062723c751e8b465ee728b)
Start importing Assets/Gameela using Guid(5e0b45051d39fd44bb5c737a612c8541) Importer(815301076,1909f56bfc062723c751e8b465ee728b)  -> (artifact id: '5e64f9edb999d8bc458a96fe020b995f') in 0.007232 seconds 
========================================================================
Received Import Request.
  Time since last request: 3.195397 seconds.
  path: Assets/Gameela/Model
  artifactKey: Guid(b7c1f0097c7501648b254e9133fb9579) Importer(815301076,1909f56bfc062723c751e8b465ee728b)
Start importing Assets/Gameela/Model using Guid(b7c1f0097c7501648b254e9133fb9579) Importer(815301076,1909f56bfc062723c751e8b465ee728b)  -> (artifact id: '05b4bb505076b8746c61e07054245f2a') in 0.007280 seconds 
========================================================================
Received Import Request.
  Time since last request: 0.063806 seconds.
  path: Assets/Gameela/Model/Almirah.obj
  artifactKey: Guid(8979467c96326ee40bae920cddee803f) Importer(815301076,1909f56bfc062723c751e8b465ee728b)
Start importing Assets/Gameela/Model/Almirah.obj using Guid(8979467c96326ee40bae920cddee803f) Importer(815301076,1909f56bfc062723c751e8b465ee728b)  -> (artifact id: '9bf189d2395276708435848a20a572f2') in 0.265632 seconds 
========================================================================
Received Import Request.
  Time since last request: 3.535129 seconds.
  path: Assets/Gameela/Prefab
  artifactKey: Guid(57d37909eda1c8d43b09e058923f6eb1) Importer(815301076,1909f56bfc062723c751e8b465ee728b)
Start importing Assets/Gameela/Prefab using Guid(57d37909eda1c8d43b09e058923f6eb1) Importer(815301076,1909f56bfc062723c751e8b465ee728b)  -> (artifact id: 'f80ac809fe13f97ce478edccff8edddf') in 0.006824 seconds 
========================================================================
Received Import Request.
  Time since last request: 0.063058 seconds.
  path: Assets/Gameela/Prefab/Almirah.prefab
  artifactKey: Guid(645e4e5de731c7a4aa25ea3e587580af) Importer(815301076,1909f56bfc062723c751e8b465ee728b)
Start importing Assets/Gameela/Prefab/Almirah.prefab using Guid(645e4e5de731c7a4aa25ea3e587580af) Importer(815301076,1909f56bfc062723c751e8b465ee728b)  -> (artifact id: '5bbd3ea6866f206ddb666d374dffe05f') in 0.024132 seconds 
========================================================================
Received Import Request.
  Time since last request: 17.323334 seconds.
  path: Assets/Helica
  artifactKey: Guid(8fffda5073346464c9c4fc0f5c910026) Importer(815301076,1909f56bfc062723c751e8b465ee728b)
Start importing Assets/Helica using Guid(8fffda5073346464c9c4fc0f5c910026) Importer(815301076,1909f56bfc062723c751e8b465ee728b)  -> (artifact id: '6d1c3d23175e4026c2ff5b8c8d7f81bb') in 0.006869 seconds 
========================================================================
Received Import Request.
  Time since last request: 0.876612 seconds.
  path: Assets/Helica/PM-40
  artifactKey: Guid(0ab65bb8d9f9d5e4383acb799913c502) Importer(815301076,1909f56bfc062723c751e8b465ee728b)
Start importing Assets/Helica/PM-40 using Guid(0ab65bb8d9f9d5e4383acb799913c502) Importer(815301076,1909f56bfc062723c751e8b465ee728b)  -> (artifact id: 'ddf8987d2aa3f802ee26e251c1eb326b') in 0.007271 seconds 
========================================================================
Received Import Request.
  Time since last request: 1.800195 seconds.
  path: Assets/Helica/PM-40/Prefabs
  artifactKey: Guid(99d88e93bb896754981630e654be4207) Importer(815301076,1909f56bfc062723c751e8b465ee728b)
Start importing Assets/Helica/PM-40/Prefabs using Guid(99d88e93bb896754981630e654be4207) Importer(815301076,1909f56bfc062723c751e8b465ee728b)  -> (artifact id: 'e4e7934b35e41c99123400dc9ffc286c') in 0.001859 seconds 
========================================================================
Received Import Request.
  Time since last request: 0.057774 seconds.
  path: Assets/Helica/PM-40/Prefabs/PM-40_Variant1.prefab
  artifactKey: Guid(40f85fbf483918e44862a63a0bc4bd2a) Importer(815301076,1909f56bfc062723c751e8b465ee728b)
Start importing Assets/Helica/PM-40/Prefabs/PM-40_Variant1.prefab using Guid(40f85fbf483918e44862a63a0bc4bd2a) Importer(815301076,1909f56bfc062723c751e8b465ee728b)  -> (artifact id: 'b010657eeaa24c3ae68f166abe3b0576') in 0.479491 seconds 
========================================================================
Received Import Request.
  Time since last request: 0.000028 seconds.
  path: Assets/Helica/PM-40/Prefabs/PM-40_Variant3.prefab
  artifactKey: Guid(0f599fa355e018c47bd698bd6bdf7e90) Importer(815301076,1909f56bfc062723c751e8b465ee728b)
Start importing Assets/Helica/PM-40/Prefabs/PM-40_Variant3.prefab using Guid(0f599fa355e018c47bd698bd6bdf7e90) Importer(815301076,1909f56bfc062723c751e8b465ee728b)  -> (artifact id: '7b61f03543daec81e4f639927227f201') in 0.243833 seconds 
========================================================================
Received Import Request.
  Time since last request: 15.669261 seconds.
  path: Assets/Helica/PM-40/Prefabs/PM-40_Variant1.prefab
  artifactKey: Guid(40f85fbf483918e44862a63a0bc4bd2a) Importer(815301076,1909f56bfc062723c751e8b465ee728b)
Start importing Assets/Helica/PM-40/Prefabs/PM-40_Variant1.prefab using Guid(40f85fbf483918e44862a63a0bc4bd2a) Importer(815301076,1909f56bfc062723c751e8b465ee728b)  -> (artifact id: '34db63d2fb696bff7552a883dbe09fd7') in 0.327748 seconds 
========================================================================
Received Import Request.
  Time since last request: 2.679915 seconds.
  path: Assets/Helica/PM-40/Prefabs/PM-40_Variant1.prefab
  artifactKey: Guid(40f85fbf483918e44862a63a0bc4bd2a) Importer(815301076,1909f56bfc062723c751e8b465ee728b)
Start importing Assets/Helica/PM-40/Prefabs/PM-40_Variant1.prefab using Guid(40f85fbf483918e44862a63a0bc4bd2a) Importer(815301076,1909f56bfc062723c751e8b465ee728b)  -> (artifact id: '8634ea9189e0d18e3fe5907447da570f') in 0.291785 seconds 
========================================================================
Received Import Request.
  Time since last request: 6.166489 seconds.
  path: Assets/Helica/PM-40/Meshes
  artifactKey: Guid(624f16b4df8334840bc29d3f469c9546) Importer(815301076,1909f56bfc062723c751e8b465ee728b)
Start importing Assets/Helica/PM-40/Meshes using Guid(624f16b4df8334840bc29d3f469c9546) Importer(815301076,1909f56bfc062723c751e8b465ee728b)  -> (artifact id: '2f97c2e725f8106a780aa143ead61e48') in 0.007345 seconds 
========================================================================
Received Import Request.
  Time since last request: 0.067976 seconds.
  path: Assets/Helica/PM-40/Meshes/Desk.FBX
  artifactKey: Guid(73c990932743f894f913aee56bb1c271) Importer(815301076,1909f56bfc062723c751e8b465ee728b)
Start importing Assets/Helica/PM-40/Meshes/Desk.FBX using Guid(73c990932743f894f913aee56bb1c271) Importer(815301076,1909f56bfc062723c751e8b465ee728b)  -> (artifact id: '169508744ca590c7796b6e3d5b54e355') in 0.086400 seconds 
========================================================================
Received Import Request.
  Time since last request: 12.484629 seconds.
  path: Assets/Helica/PM-40/Meshes/PM-40_Mesh.FBX
  artifactKey: Guid(45b08677cbcfc414f937226fbf703901) Importer(815301076,1909f56bfc062723c751e8b465ee728b)
Start importing Assets/Helica/PM-40/Meshes/PM-40_Mesh.FBX using Guid(45b08677cbcfc414f937226fbf703901) Importer(815301076,1909f56bfc062723c751e8b465ee728b)  -> (artifact id: '6c65398714c42df80b9b3e16ef38542f') in 0.053962 seconds 
========================================================================
Received Import Request.
  Time since last request: 2.511008 seconds.
  path: Assets/Helica/PM-40/Prefabs/PM-40_Variant1.prefab
  artifactKey: Guid(40f85fbf483918e44862a63a0bc4bd2a) Importer(815301076,1909f56bfc062723c751e8b465ee728b)
Start importing Assets/Helica/PM-40/Prefabs/PM-40_Variant1.prefab using Guid(40f85fbf483918e44862a63a0bc4bd2a) Importer(815301076,1909f56bfc062723c751e8b465ee728b)  -> (artifact id: 'd69dc426b6cffafb7a7a1d2606ae3697') in 0.506610 seconds 
========================================================================
Received Import Request.
  Time since last request: 0.000036 seconds.
  path: Assets/Helica/PM-40/Prefabs/PM-40_Variant3.prefab
  artifactKey: Guid(0f599fa355e018c47bd698bd6bdf7e90) Importer(815301076,1909f56bfc062723c751e8b465ee728b)
Start importing Assets/Helica/PM-40/Prefabs/PM-40_Variant3.prefab using Guid(0f599fa355e018c47bd698bd6bdf7e90) Importer(815301076,1909f56bfc062723c751e8b465ee728b)  -> (artifact id: '80ff90c7a1951bf5cd21391e638efe7a') in 0.399016 seconds 
========================================================================
Received Import Request.
  Time since last request: 92.376093 seconds.
  path: Assets/Helica/PM-40/Materials
  artifactKey: Guid(307afec974d4283489ab24ac7fc98a88) Importer(815301076,1909f56bfc062723c751e8b465ee728b)
Start importing Assets/Helica/PM-40/Materials using Guid(307afec974d4283489ab24ac7fc98a88) Importer(815301076,1909f56bfc062723c751e8b465ee728b)  -> (artifact id: 'e215428a9d41f29fdd20b88ddbb028eb') in 0.006856 seconds 
========================================================================
Received Import Request.
  Time since last request: 0.541540 seconds.
  path: Assets/Helica/PM-40/Meshes/PM-40_Mesh.FBX
  artifactKey: Guid(45b08677cbcfc414f937226fbf703901) Importer(815301076,1909f56bfc062723c751e8b465ee728b)
Start importing Assets/Helica/PM-40/Meshes/PM-40_Mesh.FBX using Guid(45b08677cbcfc414f937226fbf703901) Importer(815301076,1909f56bfc062723c751e8b465ee728b)  -> (artifact id: '9e8a9053f7e968d4363dadce7ba96202') in 0.031873 seconds 
========================================================================
Received Import Request.
  Time since last request: 13.296003 seconds.
  path: Assets/Helica/PM-40/Meshes/Desk.FBX
  artifactKey: Guid(73c990932743f894f913aee56bb1c271) Importer(815301076,1909f56bfc062723c751e8b465ee728b)
Start importing Assets/Helica/PM-40/Meshes/Desk.FBX using Guid(73c990932743f894f913aee56bb1c271) Importer(815301076,1909f56bfc062723c751e8b465ee728b)  -> (artifact id: '13cfae539133a7bc1d96ce23b10287db') in 0.018052 seconds 
========================================================================
Received Import Request.
  Time since last request: 30.682147 seconds.
  path: Assets/Helica/PM-40/Meshes/Desk.FBX
  artifactKey: Guid(73c990932743f894f913aee56bb1c271) Importer(815301076,1909f56bfc062723c751e8b465ee728b)
Start importing Assets/Helica/PM-40/Meshes/Desk.FBX using Guid(73c990932743f894f913aee56bb1c271) Importer(815301076,1909f56bfc062723c751e8b465ee728b)  -> (artifact id: '86224e9d806dfb7c361a825e8b396dad') in 0.018584 seconds 
========================================================================
Received Import Request.
  Time since last request: 7.546555 seconds.
  path: Assets/Helica/PM-40/Meshes/Desk.FBX
  artifactKey: Guid(73c990932743f894f913aee56bb1c271) Importer(815301076,1909f56bfc062723c751e8b465ee728b)
Start importing Assets/Helica/PM-40/Meshes/Desk.FBX using Guid(73c990932743f894f913aee56bb1c271) Importer(815301076,1909f56bfc062723c751e8b465ee728b)  -> (artifact id: 'dd6275df73137d16b0557448542df4d8') in 0.015090 seconds 
========================================================================
Received Import Request.
  Time since last request: 9.413927 seconds.
  path: Assets/Helica/PM-40/Meshes/PM-40_Mesh.FBX
  artifactKey: Guid(45b08677cbcfc414f937226fbf703901) Importer(815301076,1909f56bfc062723c751e8b465ee728b)
Start importing Assets/Helica/PM-40/Meshes/PM-40_Mesh.FBX using Guid(45b08677cbcfc414f937226fbf703901) Importer(815301076,1909f56bfc062723c751e8b465ee728b)  -> (artifact id: '10a29a4c298146f3568a3064b135cabf') in 0.070783 seconds 
========================================================================
Received Import Request.
  Time since last request: 9.095928 seconds.
  path: Assets/Helica/PM-40/Prefabs/PM-40_Variant1.prefab
  artifactKey: Guid(40f85fbf483918e44862a63a0bc4bd2a) Importer(815301076,1909f56bfc062723c751e8b465ee728b)
Start importing Assets/Helica/PM-40/Prefabs/PM-40_Variant1.prefab using Guid(40f85fbf483918e44862a63a0bc4bd2a) Importer(815301076,1909f56bfc062723c751e8b465ee728b)  -> (artifact id: '8f875a2fc1354f7914e2165cffce3635') in 0.405647 seconds 
========================================================================
Received Import Request.
  Time since last request: 0.000039 seconds.
  path: Assets/Helica/PM-40/Prefabs/PM-40_Variant3.prefab
  artifactKey: Guid(0f599fa355e018c47bd698bd6bdf7e90) Importer(815301076,1909f56bfc062723c751e8b465ee728b)
Start importing Assets/Helica/PM-40/Prefabs/PM-40_Variant3.prefab using Guid(0f599fa355e018c47bd698bd6bdf7e90) Importer(815301076,1909f56bfc062723c751e8b465ee728b)  -> (artifact id: '793dc5b02f2e500d1027082ca3a48ccd') in 0.416956 seconds 
========================================================================
Received Import Request.
  Time since last request: 11.402633 seconds.
  path: Assets/Helica/PM-40/Prefabs/PM-40_Variant1.prefab
  artifactKey: Guid(40f85fbf483918e44862a63a0bc4bd2a) Importer(815301076,1909f56bfc062723c751e8b465ee728b)
Start importing Assets/Helica/PM-40/Prefabs/PM-40_Variant1.prefab using Guid(40f85fbf483918e44862a63a0bc4bd2a) Importer(815301076,1909f56bfc062723c751e8b465ee728b)  -> (artifact id: '56cae06351069c2e241257c78359aa23') in 0.314229 seconds 
========================================================================
Received Import Request.
  Time since last request: 5.711702 seconds.
  path: Assets/Helica/PM-40/Prefabs/PM-40_Variant1.prefab
  artifactKey: Guid(40f85fbf483918e44862a63a0bc4bd2a) Importer(815301076,1909f56bfc062723c751e8b465ee728b)
Start importing Assets/Helica/PM-40/Prefabs/PM-40_Variant1.prefab using Guid(40f85fbf483918e44862a63a0bc4bd2a) Importer(815301076,1909f56bfc062723c751e8b465ee728b)  -> (artifact id: '432c746c7065872a1bae3ca20e8b7521') in 0.290014 seconds 
========================================================================
Received Prepare
Registering precompiled user dll's ...
Registered in 0.004508 seconds.
Begin MonoManager ReloadAssembly
Symbol file LoadedFromMemory doesn't match image C:\Users\User\UnityProjects\Halloween Gamejam\Library\PackageCache\com.unity.visualscripting@1.8.0\Editor\VisualScripting.Core\Dependencies\YamlDotNet\Unity.VisualScripting.YamlDotNet.dll
Symbol file LoadedFromMemory doesn't match image C:\Users\User\UnityProjects\Halloween Gamejam\Library\PackageCache\com.unity.visualscripting@1.8.0\Editor\VisualScripting.Core\Dependencies\DotNetZip\Unity.VisualScripting.IonicZip.dll
Native extension for WindowsStandalone target not found
Native extension for iOS target not found
Native extension for Android target not found
Native extension for WebGL target not found
Refreshing native plugins compatible for Editor in 0.63 ms, found 3 plugins.
Preloading 0 native plugins for Editor in 0.00 ms.
Mono: successfully reloaded assembly
- Completed reload, in  0.770 seconds
Domain Reload Profiling:
	ReloadAssembly (770ms)
		BeginReloadAssembly (110ms)
			ExecutionOrderSort (0ms)
			DisableScriptedObjects (4ms)
			BackupInstance (0ms)
			ReleaseScriptingObjects (0ms)
			CreateAndSetChildDomain (38ms)
		EndReloadAssembly (590ms)
			LoadAssemblies (60ms)
			RebuildTransferFunctionScriptingTraits (0ms)
			SetupTypeCache (197ms)
			ReleaseScriptCaches (1ms)
			RebuildScriptCaches (30ms)
			SetupLoadedEditorAssemblies (252ms)
				LogAssemblyErrors (0ms)
				InitializePlatformSupportModulesInManaged (26ms)
				SetLoadedEditorAssemblies (0ms)
				RefreshPlugins (1ms)
				BeforeProcessingInitializeOnLoad (53ms)
				ProcessInitializeOnLoadAttributes (147ms)
				ProcessInitializeOnLoadMethodAttributes (19ms)
				AfterProcessingInitializeOnLoad (6ms)
				EditorAssembliesLoaded (0ms)
			ExecutionOrderSort2 (0ms)
			AwakeInstancesAfterBackupRestoration (4ms)
Platform modules already initialized, skipping
Refreshing native plugins compatible for Editor in 1.44 ms, found 3 plugins.
Preloading 0 native plugins for Editor in 0.00 ms.
Unloading 3372 Unused Serialized files (Serialized files now loaded: 0)
Unloading 20 unused Assets / (79.9 KB). Loaded Objects now: 3851.
Memory consumption went from 120.4 MB to 120.4 MB.
Total: 2.464200 ms (FindLiveObjects: 0.201100 ms CreateObjectMapping: 0.064300 ms MarkObjects: 2.132900 ms  DeleteObjects: 0.065100 ms)

AssetImportParameters requested are different than current active one (requested -> active):
  custom:video-decoder-ogg-theora: a1e56fd34408186e4bbccfd4996cb3dc -> 
  custom:container-muxer-webm: aa71ff27fc2769a1b78a27578f13a17b -> 
  custom:container-demuxer-webm: 4f35f7cbe854078d1ac9338744f61a02 -> 
  custom:video-encoder-webm-vp8: eb34c28f22e8b96e1ab97ce403110664 -> 
  custom:audio-encoder-webm-vorbis: bf7c407c2cedff20999df2af8eb42d56 -> 
  custom:framework-win-MediaFoundation: 216162199b28c13a410421893ffa2e32 -> 
  custom:container-demuxer-ogg: 62fdf1f143b41e24485cea50d1cbac27 -> 
  custom:video-decoder-webm-vp8: 9c59270c3fd7afecdb556c50c9e8de78 -> 
  custom:audio-decoder-ogg-vorbis: bf7c407c2cedff20999df2af8eb42d56 -> 
========================================================================
Received Import Request.
  Time since last request: 181.580206 seconds.
  path: Assets/Hocker
  artifactKey: Guid(335bc0b8ee409f84daac2102b241dd8b) Importer(815301076,1909f56bfc062723c751e8b465ee728b)
Start importing Assets/Hocker using Guid(335bc0b8ee409f84daac2102b241dd8b) Importer(815301076,1909f56bfc062723c751e8b465ee728b)  -> (artifact id: '2d0e54afe9cf9703a8980d70954b5c5c') in 0.013075 seconds 
========================================================================
Received Import Request.
  Time since last request: 0.951600 seconds.
  path: Assets/Hocker/Worn wooden crate
  artifactKey: Guid(9f9743e27c91a6b47a147fc32625606c) Importer(815301076,1909f56bfc062723c751e8b465ee728b)
Start importing Assets/Hocker/Worn wooden crate using Guid(9f9743e27c91a6b47a147fc32625606c) Importer(815301076,1909f56bfc062723c751e8b465ee728b)  -> (artifact id: '7608fecbd35d2f5fc546237135e17bf7') in 0.007495 seconds 
========================================================================
Received Import Request.
  Time since last request: 1.004027 seconds.
  path: Assets/Hocker/Worn wooden crate/DemoScene
  artifactKey: Guid(48810c5e724feb74e969ed54f30b0318) Importer(815301076,1909f56bfc062723c751e8b465ee728b)
Start importing Assets/Hocker/Worn wooden crate/DemoScene using Guid(48810c5e724feb74e969ed54f30b0318) Importer(815301076,1909f56bfc062723c751e8b465ee728b)  -> (artifact id: '502d4409a06b112f164d62fccb6c416a') in 0.007202 seconds 
========================================================================
Received Import Request.
  Time since last request: 0.812126 seconds.
  path: Assets/Hocker/Worn wooden crate/Box
  artifactKey: Guid(04ee68c1a946686459eeac2c69c0e04c) Importer(815301076,1909f56bfc062723c751e8b465ee728b)
Start importing Assets/Hocker/Worn wooden crate/Box using Guid(04ee68c1a946686459eeac2c69c0e04c) Importer(815301076,1909f56bfc062723c751e8b465ee728b)  -> (artifact id: 'd0367e2b676fe8e078ca1a86cfdafaf5') in 0.007418 seconds 
========================================================================
Received Import Request.
  Time since last request: 1.452969 seconds.
  path: Assets/Hocker/Worn wooden crate/Box/Prefabs
  artifactKey: Guid(66ea71ec4a6cdaa4083c1c2a5f2c96f6) Importer(815301076,1909f56bfc062723c751e8b465ee728b)
Start importing Assets/Hocker/Worn wooden crate/Box/Prefabs using Guid(66ea71ec4a6cdaa4083c1c2a5f2c96f6) Importer(815301076,1909f56bfc062723c751e8b465ee728b)  -> (artifact id: '94b75979f275a7c38364fdb252f7f45a') in 0.001971 seconds 
========================================================================
Received Import Request.
  Time since last request: 0.245378 seconds.
  path: Assets/Hocker/Worn wooden crate/Box/Prefabs/box_low (1).prefab
  artifactKey: Guid(79cd82e91b47bf945923fc34f3635b91) Importer(815301076,1909f56bfc062723c751e8b465ee728b)
Start importing Assets/Hocker/Worn wooden crate/Box/Prefabs/box_low (1).prefab using Guid(79cd82e91b47bf945923fc34f3635b91) Importer(815301076,1909f56bfc062723c751e8b465ee728b)  -> (artifact id: 'feb7df7f2a683a38c65c12d921231c4f') in 0.232752 seconds 
========================================================================
Received Import Request.
  Time since last request: 18.916252 seconds.
  path: Assets/Prefabs
  artifactKey: Guid(5c7c1bd8b33d898408bff175473e8e20) Importer(815301076,1909f56bfc062723c751e8b465ee728b)
Start importing Assets/Prefabs using Guid(5c7c1bd8b33d898408bff175473e8e20) Importer(815301076,1909f56bfc062723c751e8b465ee728b)  -> (artifact id: '0faa5d839eb6e707012c6bffc444b9be') in 0.002013 seconds 
========================================================================
Received Import Request.
  Time since last request: 24.303928 seconds.
  path: Assets/Furniture/Source/Textures/2Seat_BaseColor.tga
  artifactKey: Guid(6efeba75555bc534e893eedd901158ce) Importer(815301076,1909f56bfc062723c751e8b465ee728b)
Start importing Assets/Furniture/Source/Textures/2Seat_BaseColor.tga using Guid(6efeba75555bc534e893eedd901158ce) Importer(815301076,1909f56bfc062723c751e8b465ee728b)  -> (artifact id: '4b2312731cc58b75f37d2327fd2b98f6') in 0.021677 seconds 
========================================================================
Received Import Request.
  Time since last request: 0.000030 seconds.
  path: Assets/Furniture/Source/Textures/komm2_BaseColor.tga
  artifactKey: Guid(9fbb0981c7b47bb4aa7c96257d163a0c) Importer(815301076,1909f56bfc062723c751e8b465ee728b)
Start importing Assets/Furniture/Source/Textures/komm2_BaseColor.tga using Guid(9fbb0981c7b47bb4aa7c96257d163a0c) Importer(815301076,1909f56bfc062723c751e8b465ee728b)  -> (artifact id: 'd4f41a70038b42a1040c4e96a32c5f21') in 0.013985 seconds 
========================================================================
Received Import Request.
  Time since last request: 0.000025 seconds.
  path: Assets/Furniture/Source/Textures/3Seat2_Normal.tga
  artifactKey: Guid(e7a62a18c972ca44abc3148673336008) Importer(815301076,1909f56bfc062723c751e8b465ee728b)
Start importing Assets/Furniture/Source/Textures/3Seat2_Normal.tga using Guid(e7a62a18c972ca44abc3148673336008) Importer(815301076,1909f56bfc062723c751e8b465ee728b)  -> (artifact id: 'ed958db04c1e91ca49020e5a1ce8f099') in 0.018568 seconds 
========================================================================
Received Import Request.
  Time since last request: 0.000028 seconds.
  path: Assets/Furniture/Source/Textures/couch_BaseColor.tga
  artifactKey: Guid(bb72810a10bdd4845b4c38addff488d5) Importer(815301076,1909f56bfc062723c751e8b465ee728b)
Start importing Assets/Furniture/Source/Textures/couch_BaseColor.tga using Guid(bb72810a10bdd4845b4c38addff488d5) Importer(815301076,1909f56bfc062723c751e8b465ee728b)  -> (artifact id: 'cdc9d8db62bb4fe15ed34163de0bf7ff') in 0.012343 seconds 
========================================================================
Received Import Request.
  Time since last request: 0.000021 seconds.
  path: Assets/Furniture/Source/Textures/chair_chair_Albedo.tga
  artifactKey: Guid(4ba86f10635d7034cac10dda5fb0e27e) Importer(815301076,1909f56bfc062723c751e8b465ee728b)
Start importing Assets/Furniture/Source/Textures/chair_chair_Albedo.tga using Guid(4ba86f10635d7034cac10dda5fb0e27e) Importer(815301076,1909f56bfc062723c751e8b465ee728b)  -> (artifact id: '57c5ffe909dc13b8ef2996fda49c8a93') in 0.012937 seconds 
========================================================================
Received Import Request.
  Time since last request: 0.000024 seconds.
  path: Assets/Furniture/Source/Textures/fotel2_mask.tga
  artifactKey: Guid(0fb7f90caa5da0a47a20c31f8d66dfdb) Importer(815301076,1909f56bfc062723c751e8b465ee728b)
Start importing Assets/Furniture/Source/Textures/fotel2_mask.tga using Guid(0fb7f90caa5da0a47a20c31f8d66dfdb) Importer(815301076,1909f56bfc062723c751e8b465ee728b)  -> (artifact id: '98778f596b544674cb549435ba31cd4e') in 0.011875 seconds 
========================================================================
Received Import Request.
  Time since last request: 0.000026 seconds.
  path: Assets/Furniture/Source/Textures/2SeatD_Normal.tga
  artifactKey: Guid(88edae7faff09cd4492fcd83e23080dd) Importer(815301076,1909f56bfc062723c751e8b465ee728b)
Start importing Assets/Furniture/Source/Textures/2SeatD_Normal.tga using Guid(88edae7faff09cd4492fcd83e23080dd) Importer(815301076,1909f56bfc062723c751e8b465ee728b)  -> (artifact id: 'af61f115e36208a9b1270b13401a06ef') in 0.012626 seconds 
========================================================================
Received Import Request.
  Time since last request: 0.000023 seconds.
  path: Assets/Furniture/Source/Textures/Kom_mask.tga
  artifactKey: Guid(0077365039974c643b5e82731ad9261e) Importer(815301076,1909f56bfc062723c751e8b465ee728b)
Start importing Assets/Furniture/Source/Textures/Kom_mask.tga using Guid(0077365039974c643b5e82731ad9261e) Importer(815301076,1909f56bfc062723c751e8b465ee728b)  -> (artifact id: 'a0e15eebf239d4e6669f5a6a75477ffc') in 0.012304 seconds 
========================================================================
Received Import Request.
  Time since last request: 0.000018 seconds.
  path: Assets/Furniture/Source/Textures/closet_BaseColor.tga
  artifactKey: Guid(b30fe4002f5cf234e8a13f459c809505) Importer(815301076,1909f56bfc062723c751e8b465ee728b)
Start importing Assets/Furniture/Source/Textures/closet_BaseColor.tga using Guid(b30fe4002f5cf234e8a13f459c809505) Importer(815301076,1909f56bfc062723c751e8b465ee728b)  -> (artifact id: '5917792b332934306a76ad1a557a4745') in 0.012887 seconds 
========================================================================
Received Import Request.
  Time since last request: 0.000022 seconds.
  path: Assets/Furniture/Source/Textures/closet2_Normal.png
  artifactKey: Guid(cdd8f54c64236c74ea519dc146c6579f) Importer(815301076,1909f56bfc062723c751e8b465ee728b)
Start importing Assets/Furniture/Source/Textures/closet2_Normal.png using Guid(cdd8f54c64236c74ea519dc146c6579f) Importer(815301076,1909f56bfc062723c751e8b465ee728b)  -> (artifact id: '01ad221196f472f4ae57f64be683064e') in 0.015453 seconds 
========================================================================
Received Import Request.
  Time since last request: 0.000019 seconds.
  path: Assets/Furniture/Source/Textures/closet3_Normal.png
  artifactKey: Guid(9b9805e3413e736459fea4fb7f7cbccd) Importer(815301076,1909f56bfc062723c751e8b465ee728b)
Start importing Assets/Furniture/Source/Textures/closet3_Normal.png using Guid(9b9805e3413e736459fea4fb7f7cbccd) Importer(815301076,1909f56bfc062723c751e8b465ee728b)  -> (artifact id: '55d6fa84d84fbded120526c06d90d889') in 0.013419 seconds 
========================================================================
Received Import Request.
  Time since last request: 0.000017 seconds.
  path: Assets/Furniture/Source/Textures/MetalTable_mask.tga
  artifactKey: Guid(e529ab6846575444c8abcdcd06938b34) Importer(815301076,1909f56bfc062723c751e8b465ee728b)
Start importing Assets/Furniture/Source/Textures/MetalTable_mask.tga using Guid(e529ab6846575444c8abcdcd06938b34) Importer(815301076,1909f56bfc062723c751e8b465ee728b)  -> (artifact id: '672e969a710f77b67b99af00a33691c1') in 0.012741 seconds 
========================================================================
Received Import Request.
  Time since last request: 0.000021 seconds.
  path: Assets/Furniture/Source/Textures/3SeatDirt_mask.tga
  artifactKey: Guid(5a44fcec9a83a9b4ba369b5dfab3a8ef) Importer(815301076,1909f56bfc062723c751e8b465ee728b)
Start importing Assets/Furniture/Source/Textures/3SeatDirt_mask.tga using Guid(5a44fcec9a83a9b4ba369b5dfab3a8ef) Importer(815301076,1909f56bfc062723c751e8b465ee728b)  -> (artifact id: '1a4a51de43559a7bfdee8c1e69f05f97') in 0.013270 seconds 
========================================================================
Received Import Request.
  Time since last request: 0.000019 seconds.
  path: Assets/Furniture/Source/Textures/couch_Normal.tga
  artifactKey: Guid(f201115348ec8204cb59b00508377eca) Importer(815301076,1909f56bfc062723c751e8b465ee728b)
Start importing Assets/Furniture/Source/Textures/couch_Normal.tga using Guid(f201115348ec8204cb59b00508377eca) Importer(815301076,1909f56bfc062723c751e8b465ee728b)  -> (artifact id: 'ca63cfd06273adc8c9673129888379d0') in 0.014472 seconds 
========================================================================
Received Import Request.
  Time since last request: 0.000019 seconds.
  path: Assets/Furniture/Source/Textures/2SeatD_BaseColor.tga
  artifactKey: Guid(ec322fd5963e8974fbc52de2bb31d3d5) Importer(815301076,1909f56bfc062723c751e8b465ee728b)
Start importing Assets/Furniture/Source/Textures/2SeatD_BaseColor.tga using Guid(ec322fd5963e8974fbc52de2bb31d3d5) Importer(815301076,1909f56bfc062723c751e8b465ee728b)  -> (artifact id: '1584b945901d727582de815c124be502') in 0.012408 seconds 
========================================================================
Received Import Request.
  Time since last request: 0.000020 seconds.
  path: Assets/Furniture/Source/Textures/3Seat_mask.tga
  artifactKey: Guid(10d652b3ce4d695489cefffe82691c7e) Importer(815301076,1909f56bfc062723c751e8b465ee728b)
Start importing Assets/Furniture/Source/Textures/3Seat_mask.tga using Guid(10d652b3ce4d695489cefffe82691c7e) Importer(815301076,1909f56bfc062723c751e8b465ee728b)  -> (artifact id: 'f6410f4ddeabd04036f5ae1c7c791f8e') in 0.014676 seconds 
========================================================================
Received Import Request.
  Time since last request: 0.000022 seconds.
  path: Assets/Furniture/Source/Textures/closet2_mask.tga
  artifactKey: Guid(ed44f9274d13c3146abc4b9fcf4e7c52) Importer(815301076,1909f56bfc062723c751e8b465ee728b)
Start importing Assets/Furniture/Source/Textures/closet2_mask.tga using Guid(ed44f9274d13c3146abc4b9fcf4e7c52) Importer(815301076,1909f56bfc062723c751e8b465ee728b)  -> (artifact id: '1dd3f9ee96a55340a02c02b53020e480') in 0.012840 seconds 
========================================================================
Received Import Request.
  Time since last request: 0.000019 seconds.
  path: Assets/Furniture/Source/Textures/3SeatDirt_Normal.tga
  artifactKey: Guid(8379405848fffb5458b0fa2a0b245cf7) Importer(815301076,1909f56bfc062723c751e8b465ee728b)
Start importing Assets/Furniture/Source/Textures/3SeatDirt_Normal.tga using Guid(8379405848fffb5458b0fa2a0b245cf7) Importer(815301076,1909f56bfc062723c751e8b465ee728b)  -> (artifact id: '6df074352f4794d04e1d25d1a67c166b') in 0.015685 seconds 
========================================================================
Received Import Request.
  Time since last request: 0.000021 seconds.
  path: Assets/Furniture/Source/Textures/RoundTable_mask.tga
  artifactKey: Guid(2d82b954c8fa37e4dadbd2bdc219ea2f) Importer(815301076,1909f56bfc062723c751e8b465ee728b)
Start importing Assets/Furniture/Source/Textures/RoundTable_mask.tga using Guid(2d82b954c8fa37e4dadbd2bdc219ea2f) Importer(815301076,1909f56bfc062723c751e8b465ee728b)  -> (artifact id: '1af6d95b3bf74bc5d27b6e998c00463b') in 0.012799 seconds 
========================================================================
Received Import Request.
  Time since last request: 0.000026 seconds.
  path: Assets/Furniture/Source/Textures/RoundTable_Normal.tga
  artifactKey: Guid(c769d772c3e960b4cb4fde9b52101b27) Importer(815301076,1909f56bfc062723c751e8b465ee728b)
Start importing Assets/Furniture/Source/Textures/RoundTable_Normal.tga using Guid(c769d772c3e960b4cb4fde9b52101b27) Importer(815301076,1909f56bfc062723c751e8b465ee728b)  -> (artifact id: '8c7da700fc947a96976576436d272341') in 0.013792 seconds 
========================================================================
Received Import Request.
  Time since last request: 0.000018 seconds.
  path: Assets/Furniture/Source/Textures/3Seat2D_Normal.tga
  artifactKey: Guid(26b4462436ee216469164696286f99eb) Importer(815301076,1909f56bfc062723c751e8b465ee728b)
Start importing Assets/Furniture/Source/Textures/3Seat2D_Normal.tga using Guid(26b4462436ee216469164696286f99eb) Importer(815301076,1909f56bfc062723c751e8b465ee728b)  -> (artifact id: '4b604e100afe96445f89d22813184855') in 0.013377 seconds 
========================================================================
Received Import Request.
  Time since last request: 0.000017 seconds.
  path: Assets/Furniture/Source/Textures/2Seat_Normal.tga
  artifactKey: Guid(3fe011b5495c9f84b80c1a03685efe16) Importer(815301076,1909f56bfc062723c751e8b465ee728b)
Start importing Assets/Furniture/Source/Textures/2Seat_Normal.tga using Guid(3fe011b5495c9f84b80c1a03685efe16) Importer(815301076,1909f56bfc062723c751e8b465ee728b)  -> (artifact id: '3a16162a068e89751674df613e435cba') in 0.013499 seconds 
========================================================================
Received Import Request.
  Time since last request: 0.000018 seconds.
  path: Assets/Furniture/Source/Textures/fotel2D_mask.tga
  artifactKey: Guid(d6c5dcab38d2a04459dc873b609af790) Importer(815301076,1909f56bfc062723c751e8b465ee728b)
Start importing Assets/Furniture/Source/Textures/fotel2D_mask.tga using Guid(d6c5dcab38d2a04459dc873b609af790) Importer(815301076,1909f56bfc062723c751e8b465ee728b)  -> (artifact id: 'ad60ea87b12f388dfb32c096457de284') in 0.012825 seconds 
========================================================================
Received Import Request.
  Time since last request: 0.000020 seconds.
  path: Assets/Furniture/Source/Textures/3Seat2_BaseColor.tga
  artifactKey: Guid(a18aa7b38d8427e4093771dfcdac7c9e) Importer(815301076,1909f56bfc062723c751e8b465ee728b)
Start importing Assets/Furniture/Source/Textures/3Seat2_BaseColor.tga using Guid(a18aa7b38d8427e4093771dfcdac7c9e) Importer(815301076,1909f56bfc062723c751e8b465ee728b)  -> (artifact id: '7177e09f1576f9f95b5e90364bae4c49') in 0.013683 seconds 
========================================================================
Received Import Request.
  Time since last request: 0.000017 seconds.
  path: Assets/Furniture/Source/Textures/closet2_BaseColor.tga
  artifactKey: Guid(3cf2e71fd5326784aba059aa990ce25c) Importer(815301076,1909f56bfc062723c751e8b465ee728b)
Start importing Assets/Furniture/Source/Textures/closet2_BaseColor.tga using Guid(3cf2e71fd5326784aba059aa990ce25c) Importer(815301076,1909f56bfc062723c751e8b465ee728b)  -> (artifact id: '2be5764608c30bca4660e7f1255cf5c8') in 0.012808 seconds 
========================================================================
Received Import Request.
  Time since last request: 0.000018 seconds.
  path: Assets/Furniture/Source/Textures/3Seat2D_BaseColor.tga
  artifactKey: Guid(81f0e90dc8142c943a860a051695d76d) Importer(815301076,1909f56bfc062723c751e8b465ee728b)
Start importing Assets/Furniture/Source/Textures/3Seat2D_BaseColor.tga using Guid(81f0e90dc8142c943a860a051695d76d) Importer(815301076,1909f56bfc062723c751e8b465ee728b)  -> (artifact id: '5e156d5ea1edde87406db37037547a95') in 0.011627 seconds 
========================================================================
Received Import Request.
  Time since last request: 0.000017 seconds.
  path: Assets/Furniture/Source/Textures/MetalTable_BaseColor.tga
  artifactKey: Guid(0537723c27ace62489d52bc2a66314fc) Importer(815301076,1909f56bfc062723c751e8b465ee728b)
Start importing Assets/Furniture/Source/Textures/MetalTable_BaseColor.tga using Guid(0537723c27ace62489d52bc2a66314fc) Importer(815301076,1909f56bfc062723c751e8b465ee728b)  -> (artifact id: 'a2b4b05c9e97e602d6a58629b5c640c0') in 0.011770 seconds 
========================================================================
Received Import Request.
  Time since last request: 0.000018 seconds.
  path: Assets/Furniture/Source/Textures/MetalTable_Normal.tga
  artifactKey: Guid(21546a25b584c5047a08184b300200c2) Importer(815301076,1909f56bfc062723c751e8b465ee728b)
Start importing Assets/Furniture/Source/Textures/MetalTable_Normal.tga using Guid(21546a25b584c5047a08184b300200c2) Importer(815301076,1909f56bfc062723c751e8b465ee728b)  -> (artifact id: '088755f3c957de08d1bf8c99cebcf95c') in 0.014236 seconds 
========================================================================
Received Import Request.
  Time since last request: 1.166376 seconds.
  path: Assets/Furniture/Source/Mesh/3Seat.fbx
  artifactKey: Guid(1a946898d5a375744bd71b5d04072493) Importer(815301076,1909f56bfc062723c751e8b465ee728b)
Start importing Assets/Furniture/Source/Mesh/3Seat.fbx using Guid(1a946898d5a375744bd71b5d04072493) Importer(815301076,1909f56bfc062723c751e8b465ee728b)  -> (artifact id: '45b3748f1bd8deb1bcc647a9507af61a') in 0.027672 seconds 
========================================================================
Received Import Request.
  Time since last request: 0.000015 seconds.
  path: Assets/Furniture/Source/Mesh/BigCloset.fbx
  artifactKey: Guid(a20abce8e4655294886742eb9bb5c382) Importer(815301076,1909f56bfc062723c751e8b465ee728b)
Start importing Assets/Furniture/Source/Mesh/BigCloset.fbx using Guid(a20abce8e4655294886742eb9bb5c382) Importer(815301076,1909f56bfc062723c751e8b465ee728b)  -> (artifact id: 'cfea75097fd6f333d503d88572b70922') in 0.020238 seconds 
========================================================================
Received Import Request.
  Time since last request: 0.000015 seconds.
  path: Assets/Furniture/Source/Mesh/MetalTable.fbx
  artifactKey: Guid(1c77c68a06728d143a0320dfcc126c48) Importer(815301076,1909f56bfc062723c751e8b465ee728b)
Start importing Assets/Furniture/Source/Mesh/MetalTable.fbx using Guid(1c77c68a06728d143a0320dfcc126c48) Importer(815301076,1909f56bfc062723c751e8b465ee728b)  -> (artifact id: '4893b161f24628b36a7482835c6b1a77') in 0.019672 seconds 
========================================================================
Received Import Request.
  Time since last request: 0.000016 seconds.
  path: Assets/Furniture/Source/Mesh/Fotel4.fbx
  artifactKey: Guid(63bb58ec56e49a94ca6f9dad8d73d9e2) Importer(815301076,1909f56bfc062723c751e8b465ee728b)
Start importing Assets/Furniture/Source/Mesh/Fotel4.fbx using Guid(63bb58ec56e49a94ca6f9dad8d73d9e2) Importer(815301076,1909f56bfc062723c751e8b465ee728b)  -> (artifact id: '3022b928fe7c2372d372e00edd9a53d1') in 0.019328 seconds 
========================================================================
Received Import Request.
  Time since last request: 0.000018 seconds.
  path: Assets/Furniture/Source/Mesh/3Seat4.fbx
  artifactKey: Guid(ae336d95c8140b943993b5e157365001) Importer(815301076,1909f56bfc062723c751e8b465ee728b)
Start importing Assets/Furniture/Source/Mesh/3Seat4.fbx using Guid(ae336d95c8140b943993b5e157365001) Importer(815301076,1909f56bfc062723c751e8b465ee728b)  -> (artifact id: 'd56d193bb30865bac41457a51ac787a6') in 0.021242 seconds 
========================================================================
Received Import Request.
  Time since last request: 0.000018 seconds.
  path: Assets/Furniture/Source/Mesh/DoubleSeat2.fbx
  artifactKey: Guid(c7d0993de6d32ba4bb5ecb7003812a2d) Importer(815301076,1909f56bfc062723c751e8b465ee728b)
Start importing Assets/Furniture/Source/Mesh/DoubleSeat2.fbx using Guid(c7d0993de6d32ba4bb5ecb7003812a2d) Importer(815301076,1909f56bfc062723c751e8b465ee728b)  -> (artifact id: '4c07531d6ef2fe4b94739f71c140c49e') in 0.019999 seconds 
========================================================================
Received Import Request.
  Time since last request: 0.000020 seconds.
  path: Assets/Furniture/Source/Mesh/MirrorComode2.fbx
  artifactKey: Guid(50c1a10f09bac3e4fa83b73c174ce7ad) Importer(815301076,1909f56bfc062723c751e8b465ee728b)
Start importing Assets/Furniture/Source/Mesh/MirrorComode2.fbx using Guid(50c1a10f09bac3e4fa83b73c174ce7ad) Importer(815301076,1909f56bfc062723c751e8b465ee728b)  -> (artifact id: '07024e09a88b1f475a92bf8c882caf42') in 0.022171 seconds 
========================================================================
Received Import Request.
  Time since last request: 0.000029 seconds.
  path: Assets/Furniture/Source/Mesh/Fotel3.fbx
  artifactKey: Guid(89f0d4d8bf7c4b842a84a56a9f585be1) Importer(815301076,1909f56bfc062723c751e8b465ee728b)
Start importing Assets/Furniture/Source/Mesh/Fotel3.fbx using Guid(89f0d4d8bf7c4b842a84a56a9f585be1) Importer(815301076,1909f56bfc062723c751e8b465ee728b)  -> (artifact id: '4643dcb4b95ee4dab5bf2dceaeafe5d9') in 0.020862 seconds 
========================================================================
Received Import Request.
  Time since last request: 0.000018 seconds.
  path: Assets/Furniture/Source/Mesh/Fotel2.fbx
  artifactKey: Guid(327bca4c4dcd00f45a6d843fc77fda6a) Importer(815301076,1909f56bfc062723c751e8b465ee728b)
Start importing Assets/Furniture/Source/Mesh/Fotel2.fbx using Guid(327bca4c4dcd00f45a6d843fc77fda6a) Importer(815301076,1909f56bfc062723c751e8b465ee728b)  -> (artifact id: '97f2d4b30c672574d2dd49fae73d4b75') in 0.021152 seconds 
========================================================================
Received Import Request.
  Time since last request: 0.000020 seconds.
  path: Assets/Furniture/Source/Mesh/SmallCloset.fbx
  artifactKey: Guid(947941c3770ac9749a60dfb2404d1ad3) Importer(815301076,1909f56bfc062723c751e8b465ee728b)
Start importing Assets/Furniture/Source/Mesh/SmallCloset.fbx using Guid(947941c3770ac9749a60dfb2404d1ad3) Importer(815301076,1909f56bfc062723c751e8b465ee728b)  -> (artifact id: '67946cee76901b05e6da021e2e3abc65') in 0.023747 seconds 
========================================================================
Received Import Request.
  Time since last request: 0.000017 seconds.
  path: Assets/Furniture/Source/Mesh/3Seat3.fbx
  artifactKey: Guid(b07a91327abd3554ab170725ff8ae7a6) Importer(815301076,1909f56bfc062723c751e8b465ee728b)
Start importing Assets/Furniture/Source/Mesh/3Seat3.fbx using Guid(b07a91327abd3554ab170725ff8ae7a6) Importer(815301076,1909f56bfc062723c751e8b465ee728b)  -> (artifact id: '12ff026b714cf09e7130e1cf52b9d8c7') in 0.020407 seconds 
========================================================================
Received Import Request.
  Time since last request: 0.000016 seconds.
  path: Assets/Furniture/Source/Mesh/Couch.fbx
  artifactKey: Guid(b3d2d47cdc25dcc4090c4ba35dcf72ff) Importer(815301076,1909f56bfc062723c751e8b465ee728b)
Start importing Assets/Furniture/Source/Mesh/Couch.fbx using Guid(b3d2d47cdc25dcc4090c4ba35dcf72ff) Importer(815301076,1909f56bfc062723c751e8b465ee728b)  -> (artifact id: '3a0cbaad2990483fe36d0d41fae237ea') in 0.020040 seconds 
========================================================================
Received Import Request.
  Time since last request: 0.517788 seconds.
  path: Assets/Furniture/Source/Materials/2Seat_BaseColor.mat
  artifactKey: Guid(79764e7ca9884494cbe558b2bdb1d30b) Importer(815301076,1909f56bfc062723c751e8b465ee728b)
Start importing Assets/Furniture/Source/Materials/2Seat_BaseColor.mat using Guid(79764e7ca9884494cbe558b2bdb1d30b) Importer(815301076,1909f56bfc062723c751e8b465ee728b)  -> (artifact id: 'fd78150103311673320ff66b1e5c7990') in 0.026904 seconds 
========================================================================
Received Import Request.
  Time since last request: 0.000016 seconds.
  path: Assets/Furniture/Source/Materials/fotel2_BaseColor.mat
  artifactKey: Guid(5f8bd68770af8084bad71e5e368e73d3) Importer(815301076,1909f56bfc062723c751e8b465ee728b)
Start importing Assets/Furniture/Source/Materials/fotel2_BaseColor.mat using Guid(5f8bd68770af8084bad71e5e368e73d3) Importer(815301076,1909f56bfc062723c751e8b465ee728b)  -> (artifact id: '4d72085b2cefa24f20efea5b5cef9758') in 0.017367 seconds 
========================================================================
Received Import Request.
  Time since last request: 0.000016 seconds.
  path: Assets/Furniture/Source/Materials/closet3_BaseColor.mat
  artifactKey: Guid(3028c5f4db726d04c9cf801f6a720670) Importer(815301076,1909f56bfc062723c751e8b465ee728b)
Start importing Assets/Furniture/Source/Materials/closet3_BaseColor.mat using Guid(3028c5f4db726d04c9cf801f6a720670) Importer(815301076,1909f56bfc062723c751e8b465ee728b)  -> (artifact id: 'e5907fc977e8ba1b8ef90a8f83bd55be') in 0.016858 seconds 
========================================================================
Received Import Request.
  Time since last request: 0.000016 seconds.
  path: Assets/Furniture/Source/Materials/3SeatDirt_BaseColor.mat
  artifactKey: Guid(efc342f7b2a0699478373355bfc9d9fe) Importer(815301076,1909f56bfc062723c751e8b465ee728b)
Start importing Assets/Furniture/Source/Materials/3SeatDirt_BaseColor.mat using Guid(efc342f7b2a0699478373355bfc9d9fe) Importer(815301076,1909f56bfc062723c751e8b465ee728b)  -> (artifact id: 'ad06a5d89d1aed27533e1df625b9d5de') in 0.017733 seconds 
========================================================================
Received Import Request.
  Time since last request: 0.000018 seconds.
  path: Assets/Furniture/Source/Materials/closet_BaseColor.mat
  artifactKey: Guid(f6a97756ab140494c88bc5f4aac12a1f) Importer(815301076,1909f56bfc062723c751e8b465ee728b)
Start importing Assets/Furniture/Source/Materials/closet_BaseColor.mat using Guid(f6a97756ab140494c88bc5f4aac12a1f) Importer(815301076,1909f56bfc062723c751e8b465ee728b)  -> (artifact id: '0590870d8355c70f3bca2853cf938e66') in 0.017694 seconds 
========================================================================
Received Import Request.
  Time since last request: 0.000020 seconds.
  path: Assets/Furniture/Source/Materials/3Seat2_BaseColor.mat
  artifactKey: Guid(53aa0875d11cc604a93539387bccc820) Importer(815301076,1909f56bfc062723c751e8b465ee728b)
Start importing Assets/Furniture/Source/Materials/3Seat2_BaseColor.mat using Guid(53aa0875d11cc604a93539387bccc820) Importer(815301076,1909f56bfc062723c751e8b465ee728b)  -> (artifact id: '6ee8158bace29dff2424ef450d1d1616') in 0.018739 seconds 
========================================================================
Received Import Request.
  Time since last request: 0.000035 seconds.
  path: Assets/Furniture/Source/Materials/komm2_BaseColor.mat
  artifactKey: Guid(331e08cdd401b9445adbabe2ad6b1da7) Importer(815301076,1909f56bfc062723c751e8b465ee728b)
Start importing Assets/Furniture/Source/Materials/komm2_BaseColor.mat using Guid(331e08cdd401b9445adbabe2ad6b1da7) Importer(815301076,1909f56bfc062723c751e8b465ee728b)  -> (artifact id: '133b30057bfcc2d75f40913e7693eb67') in 0.016956 seconds 
========================================================================
Received Import Request.
  Time since last request: 0.000018 seconds.
  path: Assets/Furniture/Source/Materials/fotel2D_BaseColor.mat
  artifactKey: Guid(efa9631d2150a2d47bd7d38728829ef5) Importer(815301076,1909f56bfc062723c751e8b465ee728b)
Start importing Assets/Furniture/Source/Materials/fotel2D_BaseColor.mat using Guid(efa9631d2150a2d47bd7d38728829ef5) Importer(815301076,1909f56bfc062723c751e8b465ee728b)  -> (artifact id: 'f24ed3d3a2e37598414255f229105637') in 0.016150 seconds 
========================================================================
Received Import Request.
  Time since last request: 45.356573 seconds.
  path: Assets/Gameela/Texture/Almera_Almirah_MetallicSmoothness.png
  artifactKey: Guid(6cf8512014b0f954f93d8a8a9943f2e0) Importer(815301076,1909f56bfc062723c751e8b465ee728b)
Start importing Assets/Gameela/Texture/Almera_Almirah_MetallicSmoothness.png using Guid(6cf8512014b0f954f93d8a8a9943f2e0) Importer(815301076,1909f56bfc062723c751e8b465ee728b)  -> (artifact id: '64e4c8abdc44f9964abf7f65117aca32') in 0.019282 seconds 
========================================================================
Received Import Request.
  Time since last request: 51.857658 seconds.
  path: Assets/Nokobot/Modern Guns - Handgun/_Prefabs/45ACP Bullet_Casing.prefab
  artifactKey: Guid(4cb20e8abae957146a8b78e670d3fe74) Importer(815301076,1909f56bfc062723c751e8b465ee728b)
Start importing Assets/Nokobot/Modern Guns - Handgun/_Prefabs/45ACP Bullet_Casing.prefab using Guid(4cb20e8abae957146a8b78e670d3fe74) Importer(815301076,1909f56bfc062723c751e8b465ee728b)  -> (artifact id: '511d567013f967c03ce3c98d5d494f60') in 0.175214 seconds 
Editor requested this worker to shutdown with reason: Scaling down because of idle timeout
AssetImportWorker is now disconnected from the server
Process exiting
Exiting without the bug reporter. Application will terminate with return code 0